"V-Switch operation OID_GEN_STATISTICS (131334) took too long to complete. Operation Type: OID HOST VNIC. Execution time 0 ms. Queued time 0 ms. Expected execution time less than 0 ms. NicName: 790E58B4-7939-4434-9358-89AE7DDBE87F. NicFriendlyName: WSL (Hyper-V firewall).    ","285","0",,"3","0","0","4611686018427388032","27412","Microsoft-Windows-Hyper-V-VmSwitch","67dc0d66-3695-47c0-9642-33f76f7bd7ad","Microsoft-Windows-Hyper-V-VmSwitch-Operational","4","26276","<HOST>",,"25-02-2026 09:26:47 AM",,,"Microsoft-Windows-Hyper-V-VmSwitch-Operational","System.UInt32[]","System.Diagnostics.Eventing.Reader.EventBookmark","Warning","Info",,"System.Collections.ObjectModel.ReadOnlyCollection`1[System.String]","System.Collections.Generic.List`1[System.Diagnostics.Eventing.Reader.EventProperty]"
"Guest vDev Operation End

VmOperation: Completed Pause,
vmName: D1BEC0FA-5AA6-43AD-AF65-0B2FE2DD7FD7,
vmFriendlyName: D1BEC0FA-5AA6-43AD-AF65-0B2FE2DD7FD7,
nicName: D1BEC0FA-5AA6-43AD-AF65-0B2FE2DD7FD7--1CF6849F-7A85-4CDB-88E6-9B2AF1104049,
nicFriendlyName: ,
switchName: ,
switchFriendlyName: ,
delta (100 ns): 2822","0","0",,"4","0","0","0","27411","Microsoft-Windows-Hyper-V-VmSwitch","67dc0d66-3695-47c0-9642-33f76f7bd7ad","Microsoft-Windows-Hyper-V-VmSwitch-Operational","33248","20312","<HOST>","S-1-5-83-1-3518939386-1135434406-789276079-3615481314","25-02-2026 09:26:08 AM",,,"Microsoft-Windows-Hyper-V-VmSwitch-Operational","System.UInt32[]","System.Diagnostics.Eventing.Reader.EventBookmark","4","0","Guest vDev Operation End","System.Collections.ObjectModel.ReadOnlyCollection`1[System.String]","System.Collections.Generic.List`1[System.Diagnostics.Eventing.Reader.EventProperty]"
"Guest vDev Operation End

VmOperation: Vmbus pause completed,
vmName: D1BEC0FA-5AA6-43AD-AF65-0B2FE2DD7FD7,
vmFriendlyName: D1BEC0FA-5AA6-43AD-AF65-0B2FE2DD7FD7,
nicName: D1BEC0FA-5AA6-43AD-AF65-0B2FE2DD7FD7--1CF6849F-7A85-4CDB-88E6-9B2AF1104049,
nicFriendlyName: ,
switchName: ,
switchFriendlyName: ,
delta (100 ns): 2675","0","0",,"4","0","0","0","27410","Microsoft-Windows-Hyper-V-VmSwitch","67dc0d66-3695-47c0-9642-33f76f7bd7ad","Microsoft-Windows-Hyper-V-VmSwitch-Operational","33248","20312","<HOST>","S-1-5-83-1-3518939386-1135434406-789276079-3615481314","25-02-2026 09:26:08 AM",,,"Microsoft-Windows-Hyper-V-VmSwitch-Operational","System.UInt32[]","System.Diagnostics.Eventing.Reader.EventBookmark","4","0","Guest vDev Operation End","System.Collections.ObjectModel.ReadOnlyCollection`1[System.String]","System.Collections.Generic.List`1[System.Diagnostics.Eventing.Reader.EventProperty]"
"Vmbus Channel Callback Operation End

ChannelOperation: Channel Pause completed,
ChannelIndex: 0,
VM Running State: 4,
vmName: D1BEC0FA-5AA6-43AD-AF65-0B2FE2DD7FD7,
vmFriendlyName: D1BEC0FA-5AA6-43AD-AF65-0B2FE2DD7FD7,
nicName: D1BEC0FA-5AA6-43AD-AF65-0B2FE2DD7FD7--1CF6849F-7A85-4CDB-88E6-9B2AF1104049,
nicFriendlyName: ,
switchName: ,
switchFriendlyName: ,
delta (100 ns): 139","0","0",,"5","0","0","0","27409","Microsoft-Windows-Hyper-V-VmSwitch","67dc0d66-3695-47c0-9642-33f76f7bd7ad","Microsoft-Windows-Hyper-V-VmSwitch-Operational","33248","20312","<HOST>","S-1-5-83-1-3518939386-1135434406-789276079-3615481314","25-02-2026 09:26:08 AM",,,"Microsoft-Windows-Hyper-V-VmSwitch-Operational","System.UInt32[]","System.Diagnostics.Eventing.Reader.EventBookmark","5","0","Vmbus Channel Callback Operation End","System.Collections.ObjectModel.ReadOnlyCollection`1[System.String]","System.Collections.Generic.List`1[System.Diagnostics.Eventing.Reader.EventProperty]"
"Vmbus Channel Callback Operation Begin

ChannelOperation: Started Pausing the Channel,
ChannelIndex: 0,
VM Running State: 4,
vmName: D1BEC0FA-5AA6-43AD-AF65-0B2FE2DD7FD7,
vmFriendlyName: D1BEC0FA-5AA6-43AD-AF65-0B2FE2DD7FD7,
nicName: D1BEC0FA-5AA6-43AD-AF65-0B2FE2DD7FD7--1CF6849F-7A85-4CDB-88E6-9B2AF1104049,
nicFriendlyName: ,
switchName: ,
switchFriendlyName: ","0","0",,"5","0","0","0","27408","Microsoft-Windows-Hyper-V-VmSwitch","67dc0d66-3695-47c0-9642-33f76f7bd7ad","Microsoft-Windows-Hyper-V-VmSwitch-Operational","33248","20312","<HOST>","S-1-5-83-1-3518939386-1135434406-789276079-3615481314","25-02-2026 09:26:08 AM",,,"Microsoft-Windows-Hyper-V-VmSwitch-Operational","System.UInt32[]","System.Diagnostics.Eventing.Reader.EventBookmark","5","0","Vmbus Channel Callback Operation Begin","System.Collections.ObjectModel.ReadOnlyCollection`1[System.String]","System.Collections.Generic.List`1[System.Diagnostics.Eventing.Reader.EventProperty]"
"Guest vDev Operation Begin

VmOperation: Vmbus pause initiated,
vmName: D1BEC0FA-5AA6-43AD-AF65-0B2FE2DD7FD7,
vmFriendlyName: D1BEC0FA-5AA6-43AD-AF65-0B2FE2DD7FD7,
nicName: D1BEC0FA-5AA6-43AD-AF65-0B2FE2DD7FD7--1CF6849F-7A85-4CDB-88E6-9B2AF1104049,
nicFriendlyName: ,
switchName: ,
switchFriendlyName: ","0","0",,"4","0","0","0","27407","Microsoft-Windows-Hyper-V-VmSwitch","67dc0d66-3695-47c0-9642-33f76f7bd7ad","Microsoft-Windows-Hyper-V-VmSwitch-Operational","33248","20312","<HOST>","S-1-5-83-1-3518939386-1135434406-789276079-3615481314","25-02-2026 09:26:08 AM",,,"Microsoft-Windows-Hyper-V-VmSwitch-Operational","System.UInt32[]","System.Diagnostics.Eventing.Reader.EventBookmark","4","0","Guest vDev Operation Begin","System.Collections.ObjectModel.ReadOnlyCollection`1[System.String]","System.Collections.Generic.List`1[System.Diagnostics.Eventing.Reader.EventProperty]"
"Guest vDev Operation Begin

VmOperation: Started Pausing,
vmName: D1BEC0FA-5AA6-43AD-AF65-0B2FE2DD7FD7,
vmFriendlyName: D1BEC0FA-5AA6-43AD-AF65-0B2FE2DD7FD7,
nicName: D1BEC0FA-5AA6-43AD-AF65-0B2FE2DD7FD7--1CF6849F-7A85-4CDB-88E6-9B2AF1104049,
nicFriendlyName: ,
switchName: ,
switchFriendlyName: ","0","0",,"4","0","0","0","27406","Microsoft-Windows-Hyper-V-VmSwitch","67dc0d66-3695-47c0-9642-33f76f7bd7ad","Microsoft-Windows-Hyper-V-VmSwitch-Operational","33248","20312","<HOST>","S-1-5-83-1-3518939386-1135434406-789276079-3615481314","25-02-2026 09:26:08 AM",,,"Microsoft-Windows-Hyper-V-VmSwitch-Operational","System.UInt32[]","System.Diagnostics.Eventing.Reader.EventBookmark","4","0","Guest vDev Operation Begin","System.Collections.ObjectModel.ReadOnlyCollection`1[System.String]","System.Collections.Generic.List`1[System.Diagnostics.Eventing.Reader.EventProperty]"
"Status change (Nic Disconnected) sent to Nic D1BEC0FA-5AA6-43AD-AF65-0B2FE2DD7FD7--1CF6849F-7A85-4CDB-88E6-9B2AF1104049 (Friendly Name: ) on port 1CF6849F-7A85-4CDB-88E6-9B2AF1104049 (Friendly Name: 1CF6849F-7A85-4CDB-88E6-9B2AF1104049) on switch 790E58B4-7939-4434-9358-89AE7DDBE87E (Friendly Name: WSL (Hyper-V firewall)). NicStatus: Nic Disconnected, Status: STATUS_SUCCESS","220","0",,"4","0","0","4611686018427388032","27405","Microsoft-Windows-Hyper-V-VmSwitch","67dc0d66-3695-47c0-9642-33f76f7bd7ad","Microsoft-Windows-Hyper-V-VmSwitch-Operational","2936","19692","<HOST>",,"25-02-2026 09:26:07 AM",,,"Microsoft-Windows-Hyper-V-VmSwitch-Operational","System.UInt32[]","System.Diagnostics.Eventing.Reader.EventBookmark","Information","Info",,"System.Collections.ObjectModel.ReadOnlyCollection`1[System.String]","System.Collections.Generic.List`1[System.Diagnostics.Eventing.Reader.EventProperty]"
"Status change (Nic Disconnected) sent to Nic D1BEC0FA-5AA6-43AD-AF65-0B2FE2DD7FD7--1CF6849F-7A85-4CDB-88E6-9B2AF1104049 (Friendly Name: ) on port 1CF6849F-7A85-4CDB-88E6-9B2AF1104049 (Friendly Name: 1CF6849F-7A85-4CDB-88E6-9B2AF1104049) on switch 790E58B4-7939-4434-9358-89AE7DDBE87E (Friendly Name: WSL (Hyper-V firewall)). NicStatus: Nic Disconnected, Status: STATUS_SUCCESS","220","0",,"4","0","0","4611686018427388032","27404","Microsoft-Windows-Hyper-V-VmSwitch","67dc0d66-3695-47c0-9642-33f76f7bd7ad","Microsoft-Windows-Hyper-V-VmSwitch-Operational","2936","19692","<HOST>",,"25-02-2026 09:26:07 AM",,,"Microsoft-Windows-Hyper-V-VmSwitch-Operational","System.UInt32[]","System.Diagnostics.Eventing.Reader.EventBookmark","Information","Info",,"System.Collections.ObjectModel.ReadOnlyCollection`1[System.String]","System.Collections.Generic.List`1[System.Diagnostics.Eventing.Reader.EventProperty]"
"Status change (IPSEC Disable) sent to Nic D1BEC0FA-5AA6-43AD-AF65-0B2FE2DD7FD7--1CF6849F-7A85-4CDB-88E6-9B2AF1104049 (Friendly Name: ) on port 1CF6849F-7A85-4CDB-88E6-9B2AF1104049 (Friendly Name: 1CF6849F-7A85-4CDB-88E6-9B2AF1104049) on switch 790E58B4-7939-4434-9358-89AE7DDBE87E (Friendly Name: WSL (Hyper-V firewall)). NicStatus: IPSEC Disable, Status: STATUS_SUCCESS","220","0",,"4","0","0","4611686018427388032","27403","Microsoft-Windows-Hyper-V-VmSwitch","67dc0d66-3695-47c0-9642-33f76f7bd7ad","Microsoft-Windows-Hyper-V-VmSwitch-Operational","2936","19692","<HOST>",,"25-02-2026 09:26:07 AM",,,"Microsoft-Windows-Hyper-V-VmSwitch-Operational","System.UInt32[]","System.Diagnostics.Eventing.Reader.EventBookmark","Information","Info",,"System.Collections.ObjectModel.ReadOnlyCollection`1[System.String]","System.Collections.Generic.List`1[System.Diagnostics.Eventing.Reader.EventProperty]"
"V-Switch operation OID_GEN_STATISTICS (131334) took too long to complete. Operation Type: OID HOST VNIC. Execution time 0 ms. Queued time 0 ms. Expected execution time less than 0 ms. NicName: 790E58B4-7939-4434-9358-89AE7DDBE87F. NicFriendlyName: WSL (Hyper-V firewall).    ","285","0",,"3","0","0","4611686018427388032","27402","Microsoft-Windows-Hyper-V-VmSwitch","67dc0d66-3695-47c0-9642-33f76f7bd7ad","Microsoft-Windows-Hyper-V-VmSwitch-Operational","4","31024","<HOST>",,"25-02-2026 09:25:47 AM",,,"Microsoft-Windows-Hyper-V-VmSwitch-Operational","System.UInt32[]","System.Diagnostics.Eventing.Reader.EventBookmark","Warning","Info",,"System.Collections.ObjectModel.ReadOnlyCollection`1[System.String]","System.Collections.Generic.List`1[System.Diagnostics.Eventing.Reader.EventProperty]"
"Virtual RSS configuration update succeeded on NIC D1BEC0FA-5AA6-43AD-AF65-0B2FE2DD7FD7--1CF6849F-7A85-4CDB-88E6-9B2AF1104049 (Friendly Name: ) of switch 790E58B4-7939-4434-9358-89AE7DDBE87E (Friendly Name: WSL (Hyper-V firewall)).","143","0",,"5","0","0","4611686018427388064","27401","Microsoft-Windows-Hyper-V-VmSwitch","67dc0d66-3695-47c0-9642-33f76f7bd7ad","Microsoft-Windows-Hyper-V-VmSwitch-Operational","4","11748","<HOST>","S-1-5-18","25-02-2026 09:24:50 AM",,,"Microsoft-Windows-Hyper-V-VmSwitch-Operational","System.UInt32[]","System.Diagnostics.Eventing.Reader.EventBookmark","Verbose","Info",,"System.Collections.ObjectModel.ReadOnlyCollection`1[System.String]","System.Collections.Generic.List`1[System.Diagnostics.Eventing.Reader.EventProperty]"
"Virtual RSS configuration update succeeded on NIC D1BEC0FA-5AA6-43AD-AF65-0B2FE2DD7FD7--1CF6849F-7A85-4CDB-88E6-9B2AF1104049 (Friendly Name: ) of switch 790E58B4-7939-4434-9358-89AE7DDBE87E (Friendly Name: WSL (Hyper-V firewall)).","143","0",,"5","0","0","4611686018427388064","27400","Microsoft-Windows-Hyper-V-VmSwitch","67dc0d66-3695-47c0-9642-33f76f7bd7ad","Microsoft-Windows-Hyper-V-VmSwitch-Operational","4","11748","<HOST>","S-1-5-18","25-02-2026 09:24:50 AM",,,"Microsoft-Windows-Hyper-V-VmSwitch-Operational","System.UInt32[]","System.Diagnostics.Eventing.Reader.EventBookmark","Verbose","Info",,"System.Collections.ObjectModel.ReadOnlyCollection`1[System.String]","System.Collections.Generic.List`1[System.Diagnostics.Eventing.Reader.EventProperty]"
"Status change (Offload Change) sent to Nic D1BEC0FA-5AA6-43AD-AF65-0B2FE2DD7FD7--1CF6849F-7A85-4CDB-88E6-9B2AF1104049 (Friendly Name: ) on port 1CF6849F-7A85-4CDB-88E6-9B2AF1104049 (Friendly Name: 1CF6849F-7A85-4CDB-88E6-9B2AF1104049) on switch 790E58B4-7939-4434-9358-89AE7DDBE87E (Friendly Name: WSL (Hyper-V firewall)). NicStatus: Offload Change, Status: STATUS_SUCCESS","220","0",,"4","0","0","4611686018427388032","27399","Microsoft-Windows-Hyper-V-VmSwitch","67dc0d66-3695-47c0-9642-33f76f7bd7ad","Microsoft-Windows-Hyper-V-VmSwitch-Operational","4","11748","<HOST>",,"25-02-2026 09:24:50 AM",,,"Microsoft-Windows-Hyper-V-VmSwitch-Operational","System.UInt32[]","System.Diagnostics.Eventing.Reader.EventBookmark","Information","Info",,"System.Collections.ObjectModel.ReadOnlyCollection`1[System.String]","System.Collections.Generic.List`1[System.Diagnostics.Eventing.Reader.EventProperty]"
"Status change (Offload Change) sent to Nic D1BEC0FA-5AA6-43AD-AF65-0B2FE2DD7FD7--1CF6849F-7A85-4CDB-88E6-9B2AF1104049 (Friendly Name: ) on port 1CF6849F-7A85-4CDB-88E6-9B2AF1104049 (Friendly Name: 1CF6849F-7A85-4CDB-88E6-9B2AF1104049) on switch 790E58B4-7939-4434-9358-89AE7DDBE87E (Friendly Name: WSL (Hyper-V firewall)). NicStatus: Offload Change, Status: STATUS_SUCCESS","220","0",,"4","0","0","4611686018427388032","27398","Microsoft-Windows-Hyper-V-VmSwitch","67dc0d66-3695-47c0-9642-33f76f7bd7ad","Microsoft-Windows-Hyper-V-VmSwitch-Operational","0","0","<HOST>",,"25-02-2026 09:24:50 AM",,,"Microsoft-Windows-Hyper-V-VmSwitch-Operational","System.UInt32[]","System.Diagnostics.Eventing.Reader.EventBookmark","Information","Info",,"System.Collections.ObjectModel.ReadOnlyCollection`1[System.String]","System.Collections.Generic.List`1[System.Diagnostics.Eventing.Reader.EventProperty]"
"Status change (IPSEC Disable) sent to Nic D1BEC0FA-5AA6-43AD-AF65-0B2FE2DD7FD7--1CF6849F-7A85-4CDB-88E6-9B2AF1104049 (Friendly Name: ) on port 1CF6849F-7A85-4CDB-88E6-9B2AF1104049 (Friendly Name: 1CF6849F-7A85-4CDB-88E6-9B2AF1104049) on switch 790E58B4-7939-4434-9358-89AE7DDBE87E (Friendly Name: WSL (Hyper-V firewall)). NicStatus: IPSEC Disable, Status: STATUS_SUCCESS","220","0",,"4","0","0","4611686018427388032","27397","Microsoft-Windows-Hyper-V-VmSwitch","67dc0d66-3695-47c0-9642-33f76f7bd7ad","Microsoft-Windows-Hyper-V-VmSwitch-Operational","0","0","<HOST>",,"25-02-2026 09:24:50 AM",,,"Microsoft-Windows-Hyper-V-VmSwitch-Operational","System.UInt32[]","System.Diagnostics.Eventing.Reader.EventBookmark","Information","Info",,"System.Collections.ObjectModel.ReadOnlyCollection`1[System.String]","System.Collections.Generic.List`1[System.Diagnostics.Eventing.Reader.EventProperty]"
"Status change (Nic Connected) sent to Nic D1BEC0FA-5AA6-43AD-AF65-0B2FE2DD7FD7--1CF6849F-7A85-4CDB-88E6-9B2AF1104049 (Friendly Name: ) on port 1CF6849F-7A85-4CDB-88E6-9B2AF1104049 (Friendly Name: 1CF6849F-7A85-4CDB-88E6-9B2AF1104049) on switch 790E58B4-7939-4434-9358-89AE7DDBE87E (Friendly Name: WSL (Hyper-V firewall)). NicStatus: Nic Connected, Status: STATUS_SUCCESS","220","0",,"4","0","0","4611686018427388032","27396","Microsoft-Windows-Hyper-V-VmSwitch","67dc0d66-3695-47c0-9642-33f76f7bd7ad","Microsoft-Windows-Hyper-V-VmSwitch-Operational","0","0","<HOST>",,"25-02-2026 09:24:50 AM",,,"Microsoft-Windows-Hyper-V-VmSwitch-Operational","System.UInt32[]","System.Diagnostics.Eventing.Reader.EventBookmark","Information","Info",,"System.Collections.ObjectModel.ReadOnlyCollection`1[System.String]","System.Collections.Generic.List`1[System.Diagnostics.Eventing.Reader.EventProperty]"
"Status change (Nic Disconnected) sent to Nic D1BEC0FA-5AA6-43AD-AF65-0B2FE2DD7FD7--1CF6849F-7A85-4CDB-88E6-9B2AF1104049 (Friendly Name: ) on port 1CF6849F-7A85-4CDB-88E6-9B2AF1104049 (Friendly Name: 1CF6849F-7A85-4CDB-88E6-9B2AF1104049) on switch 790E58B4-7939-4434-9358-89AE7DDBE87E (Friendly Name: WSL (Hyper-V firewall)). NicStatus: Nic Disconnected, Status: STATUS_SUCCESS","220","0",,"4","0","0","4611686018427388032","27395","Microsoft-Windows-Hyper-V-VmSwitch","67dc0d66-3695-47c0-9642-33f76f7bd7ad","Microsoft-Windows-Hyper-V-VmSwitch-Operational","0","0","<HOST>",,"25-02-2026 09:24:50 AM",,,"Microsoft-Windows-Hyper-V-VmSwitch-Operational","System.UInt32[]","System.Diagnostics.Eventing.Reader.EventBookmark","Information","Info",,"System.Collections.ObjectModel.ReadOnlyCollection`1[System.String]","System.Collections.Generic.List`1[System.Diagnostics.Eventing.Reader.EventProperty]"
"Vmbus Channel Callback Operation End

ChannelOperation: Channel Resume Completed.,
ChannelIndex: 0,
VM Running State: 2,
vmName: D1BEC0FA-5AA6-43AD-AF65-0B2FE2DD7FD7,
vmFriendlyName: D1BEC0FA-5AA6-43AD-AF65-0B2FE2DD7FD7,
nicName: D1BEC0FA-5AA6-43AD-AF65-0B2FE2DD7FD7--1CF6849F-7A85-4CDB-88E6-9B2AF1104049,
nicFriendlyName: ,
switchName: 790E58B4-7939-4434-9358-89AE7DDBE87E,
switchFriendlyName: WSL (Hyper-V firewall),
delta (100 ns): 261","0","0",,"5","0","0","0","27394","Microsoft-Windows-Hyper-V-VmSwitch","67dc0d66-3695-47c0-9642-33f76f7bd7ad","Microsoft-Windows-Hyper-V-VmSwitch-Operational","4","12268","<HOST>","S-1-5-18","25-02-2026 09:24:50 AM",,,"Microsoft-Windows-Hyper-V-VmSwitch-Operational","System.UInt32[]","System.Diagnostics.Eventing.Reader.EventBookmark","5","0","Vmbus Channel Callback Operation End","System.Collections.ObjectModel.ReadOnlyCollection`1[System.String]","System.Collections.Generic.List`1[System.Diagnostics.Eventing.Reader.EventProperty]"
"Status change (Nic Connected) sent to Nic D1BEC0FA-5AA6-43AD-AF65-0B2FE2DD7FD7--1CF6849F-7A85-4CDB-88E6-9B2AF1104049 (Friendly Name: ) on port 1CF6849F-7A85-4CDB-88E6-9B2AF1104049 (Friendly Name: 1CF6849F-7A85-4CDB-88E6-9B2AF1104049) on switch 790E58B4-7939-4434-9358-89AE7DDBE87E (Friendly Name: WSL (Hyper-V firewall)). NicStatus: Nic Connected, Status: {Drive Not Ready}
The drive is not ready for use; its door may be open. Please check drive %hs and make sure that a disk is inserted and that the drive door is closed.","220","0",,"4","0","0","4611686018427388032","27393","Microsoft-Windows-Hyper-V-VmSwitch","67dc0d66-3695-47c0-9642-33f76f7bd7ad","Microsoft-Windows-Hyper-V-VmSwitch-Operational","4","12268","<HOST>",,"25-02-2026 09:24:50 AM",,,"Microsoft-Windows-Hyper-V-VmSwitch-Operational","System.UInt32[]","System.Diagnostics.Eventing.Reader.EventBookmark","Information","Info",,"System.Collections.ObjectModel.ReadOnlyCollection`1[System.String]","System.Collections.Generic.List`1[System.Diagnostics.Eventing.Reader.EventProperty]"
"Status change (Nic Disconnected) sent to Nic D1BEC0FA-5AA6-43AD-AF65-0B2FE2DD7FD7--1CF6849F-7A85-4CDB-88E6-9B2AF1104049 (Friendly Name: ) on port 1CF6849F-7A85-4CDB-88E6-9B2AF1104049 (Friendly Name: 1CF6849F-7A85-4CDB-88E6-9B2AF1104049) on switch 790E58B4-7939-4434-9358-89AE7DDBE87E (Friendly Name: WSL (Hyper-V firewall)). NicStatus: Nic Disconnected, Status: {Drive Not Ready}
The drive is not ready for use; its door may be open. Please check drive %hs and make sure that a disk is inserted and that the drive door is closed.","220","0",,"4","0","0","4611686018427388032","27392","Microsoft-Windows-Hyper-V-VmSwitch","67dc0d66-3695-47c0-9642-33f76f7bd7ad","Microsoft-Windows-Hyper-V-VmSwitch-Operational","4","12268","<HOST>",,"25-02-2026 09:24:50 AM",,,"Microsoft-Windows-Hyper-V-VmSwitch-Operational","System.UInt32[]","System.Diagnostics.Eventing.Reader.EventBookmark","Information","Info",,"System.Collections.ObjectModel.ReadOnlyCollection`1[System.String]","System.Collections.Generic.List`1[System.Diagnostics.Eventing.Reader.EventProperty]"
"Vmbus Channel Callback Operation Begin

ChannelOperation: Started Resuming the Channel,
ChannelIndex: 0,
VM Running State: 2,
vmName: D1BEC0FA-5AA6-43AD-AF65-0B2FE2DD7FD7,
vmFriendlyName: D1BEC0FA-5AA6-43AD-AF65-0B2FE2DD7FD7,
nicName: D1BEC0FA-5AA6-43AD-AF65-0B2FE2DD7FD7--1CF6849F-7A85-4CDB-88E6-9B2AF1104049,
nicFriendlyName: ,
switchName: 790E58B4-7939-4434-9358-89AE7DDBE87E,
switchFriendlyName: WSL (Hyper-V firewall)","0","0",,"5","0","0","0","27391","Microsoft-Windows-Hyper-V-VmSwitch","67dc0d66-3695-47c0-9642-33f76f7bd7ad","Microsoft-Windows-Hyper-V-VmSwitch-Operational","4","12268","<HOST>","S-1-5-18","25-02-2026 09:24:50 AM",,,"Microsoft-Windows-Hyper-V-VmSwitch-Operational","System.UInt32[]","System.Diagnostics.Eventing.Reader.EventBookmark","5","0","Vmbus Channel Callback Operation Begin","System.Collections.ObjectModel.ReadOnlyCollection`1[System.String]","System.Collections.Generic.List`1[System.Diagnostics.Eventing.Reader.EventProperty]"
"Guest vDev Operation End

VmOperation: Completed Resume,
vmName: D1BEC0FA-5AA6-43AD-AF65-0B2FE2DD7FD7,
vmFriendlyName: D1BEC0FA-5AA6-43AD-AF65-0B2FE2DD7FD7,
nicName: D1BEC0FA-5AA6-43AD-AF65-0B2FE2DD7FD7--1CF6849F-7A85-4CDB-88E6-9B2AF1104049,
nicFriendlyName: ,
switchName: 790E58B4-7939-4434-9358-89AE7DDBE87E,
switchFriendlyName: WSL (Hyper-V firewall),
delta (100 ns): 485","0","0",,"4","0","0","0","27390","Microsoft-Windows-Hyper-V-VmSwitch","67dc0d66-3695-47c0-9642-33f76f7bd7ad","Microsoft-Windows-Hyper-V-VmSwitch-Operational","33248","33712","<HOST>","S-1-5-83-1-3518939386-1135434406-789276079-3615481314","25-02-2026 09:24:50 AM",,,"Microsoft-Windows-Hyper-V-VmSwitch-Operational","System.UInt32[]","System.Diagnostics.Eventing.Reader.EventBookmark","4","0","Guest vDev Operation End","System.Collections.ObjectModel.ReadOnlyCollection`1[System.String]","System.Collections.Generic.List`1[System.Diagnostics.Eventing.Reader.EventProperty]"
"Guest vDev Operation End

VmOperation: Vmbus start completed,
vmName: D1BEC0FA-5AA6-43AD-AF65-0B2FE2DD7FD7,
vmFriendlyName: D1BEC0FA-5AA6-43AD-AF65-0B2FE2DD7FD7,
nicName: D1BEC0FA-5AA6-43AD-AF65-0B2FE2DD7FD7--1CF6849F-7A85-4CDB-88E6-9B2AF1104049,
nicFriendlyName: ,
switchName: 790E58B4-7939-4434-9358-89AE7DDBE87E,
switchFriendlyName: WSL (Hyper-V firewall),
delta (100 ns): 278","0","0",,"4","0","0","0","27389","Microsoft-Windows-Hyper-V-VmSwitch","67dc0d66-3695-47c0-9642-33f76f7bd7ad","Microsoft-Windows-Hyper-V-VmSwitch-Operational","33248","33712","<HOST>","S-1-5-83-1-3518939386-1135434406-789276079-3615481314","25-02-2026 09:24:50 AM",,,"Microsoft-Windows-Hyper-V-VmSwitch-Operational","System.UInt32[]","System.Diagnostics.Eventing.Reader.EventBookmark","4","0","Guest vDev Operation End","System.Collections.ObjectModel.ReadOnlyCollection`1[System.String]","System.Collections.Generic.List`1[System.Diagnostics.Eventing.Reader.EventProperty]"
"Guest vDev Operation Begin

VmOperation: Vmbus start initiated,
vmName: D1BEC0FA-5AA6-43AD-AF65-0B2FE2DD7FD7,
vmFriendlyName: D1BEC0FA-5AA6-43AD-AF65-0B2FE2DD7FD7,
nicName: D1BEC0FA-5AA6-43AD-AF65-0B2FE2DD7FD7--1CF6849F-7A85-4CDB-88E6-9B2AF1104049,
nicFriendlyName: ,
switchName: 790E58B4-7939-4434-9358-89AE7DDBE87E,
switchFriendlyName: WSL (Hyper-V firewall)","0","0",,"4","0","0","0","27388","Microsoft-Windows-Hyper-V-VmSwitch","67dc0d66-3695-47c0-9642-33f76f7bd7ad","Microsoft-Windows-Hyper-V-VmSwitch-Operational","33248","33712","<HOST>","S-1-5-83-1-3518939386-1135434406-789276079-3615481314","25-02-2026 09:24:50 AM",,,"Microsoft-Windows-Hyper-V-VmSwitch-Operational","System.UInt32[]","System.Diagnostics.Eventing.Reader.EventBookmark","4","0","Guest vDev Operation Begin","System.Collections.ObjectModel.ReadOnlyCollection`1[System.String]","System.Collections.Generic.List`1[System.Diagnostics.Eventing.Reader.EventProperty]"
"Guest vDev Operation Begin

VmOperation: Started Resume,
vmName: D1BEC0FA-5AA6-43AD-AF65-0B2FE2DD7FD7,
vmFriendlyName: D1BEC0FA-5AA6-43AD-AF65-0B2FE2DD7FD7,
nicName: D1BEC0FA-5AA6-43AD-AF65-0B2FE2DD7FD7--1CF6849F-7A85-4CDB-88E6-9B2AF1104049,
nicFriendlyName: ,
switchName: 790E58B4-7939-4434-9358-89AE7DDBE87E,
switchFriendlyName: WSL (Hyper-V firewall)","0","0",,"4","0","0","0","27387","Microsoft-Windows-Hyper-V-VmSwitch","67dc0d66-3695-47c0-9642-33f76f7bd7ad","Microsoft-Windows-Hyper-V-VmSwitch-Operational","33248","33712","<HOST>","S-1-5-83-1-3518939386-1135434406-789276079-3615481314","25-02-2026 09:24:50 AM",,,"Microsoft-Windows-Hyper-V-VmSwitch-Operational","System.UInt32[]","System.Diagnostics.Eventing.Reader.EventBookmark","4","0","Guest vDev Operation Begin","System.Collections.ObjectModel.ReadOnlyCollection`1[System.String]","System.Collections.Generic.List`1[System.Diagnostics.Eventing.Reader.EventProperty]"
"Status change (IPSEC Disable) sent to Nic D1BEC0FA-5AA6-43AD-AF65-0B2FE2DD7FD7--1CF6849F-7A85-4CDB-88E6-9B2AF1104049 (Friendly Name: ) on port 1CF6849F-7A85-4CDB-88E6-9B2AF1104049 (Friendly Name: 1CF6849F-7A85-4CDB-88E6-9B2AF1104049) on switch 790E58B4-7939-4434-9358-89AE7DDBE87E (Friendly Name: WSL (Hyper-V firewall)). NicStatus: IPSEC Disable, Status: {Drive Not Ready}
The drive is not ready for use; its door may be open. Please check drive %hs and make sure that a disk is inserted and that the drive door is closed.","220","0",,"4","0","0","4611686018427388032","27386","Microsoft-Windows-Hyper-V-VmSwitch","67dc0d66-3695-47c0-9642-33f76f7bd7ad","Microsoft-Windows-Hyper-V-VmSwitch-Operational","33248","33712","<HOST>",,"25-02-2026 09:24:50 AM",,,"Microsoft-Windows-Hyper-V-VmSwitch-Operational","System.UInt32[]","System.Diagnostics.Eventing.Reader.EventBookmark","Information","Info",,"System.Collections.ObjectModel.ReadOnlyCollection`1[System.String]","System.Collections.Generic.List`1[System.Diagnostics.Eventing.Reader.EventProperty]"
"Status change (Offload Change) sent to Nic D1BEC0FA-5AA6-43AD-AF65-0B2FE2DD7FD7--1CF6849F-7A85-4CDB-88E6-9B2AF1104049 (Friendly Name: ) on port 1CF6849F-7A85-4CDB-88E6-9B2AF1104049 (Friendly Name: 1CF6849F-7A85-4CDB-88E6-9B2AF1104049) on switch 790E58B4-7939-4434-9358-89AE7DDBE87E (Friendly Name: WSL (Hyper-V firewall)). NicStatus: Offload Change, Status: {Drive Not Ready}
The drive is not ready for use; its door may be open. Please check drive %hs and make sure that a disk is inserted and that the drive door is closed.","220","0",,"4","0","0","4611686018427388032","27385","Microsoft-Windows-Hyper-V-VmSwitch","67dc0d66-3695-47c0-9642-33f76f7bd7ad","Microsoft-Windows-Hyper-V-VmSwitch-Operational","33248","33712","<HOST>",,"25-02-2026 09:24:50 AM",,,"Microsoft-Windows-Hyper-V-VmSwitch-Operational","System.UInt32[]","System.Diagnostics.Eventing.Reader.EventBookmark","Information","Info",,"System.Collections.ObjectModel.ReadOnlyCollection`1[System.String]","System.Collections.Generic.List`1[System.Diagnostics.Eventing.Reader.EventProperty]"
"Status change (Nic Connected) sent to Nic D1BEC0FA-5AA6-43AD-AF65-0B2FE2DD7FD7--1CF6849F-7A85-4CDB-88E6-9B2AF1104049 (Friendly Name: ) on port 1CF6849F-7A85-4CDB-88E6-9B2AF1104049 (Friendly Name: 1CF6849F-7A85-4CDB-88E6-9B2AF1104049) on switch 790E58B4-7939-4434-9358-89AE7DDBE87E (Friendly Name: WSL (Hyper-V firewall)). NicStatus: Nic Connected, Status: {Drive Not Ready}
The drive is not ready for use; its door may be open. Please check drive %hs and make sure that a disk is inserted and that the drive door is closed.","220","0",,"4","0","0","4611686018427388032","27384","Microsoft-Windows-Hyper-V-VmSwitch","67dc0d66-3695-47c0-9642-33f76f7bd7ad","Microsoft-Windows-Hyper-V-VmSwitch-Operational","33248","33712","<HOST>",,"25-02-2026 09:24:50 AM",,,"Microsoft-Windows-Hyper-V-VmSwitch-Operational","System.UInt32[]","System.Diagnostics.Eventing.Reader.EventBookmark","Information","Info",,"System.Collections.ObjectModel.ReadOnlyCollection`1[System.String]","System.Collections.Generic.List`1[System.Diagnostics.Eventing.Reader.EventProperty]"
"Status change (Nic Disconnected) sent to Nic D1BEC0FA-5AA6-43AD-AF65-0B2FE2DD7FD7--1CF6849F-7A85-4CDB-88E6-9B2AF1104049 (Friendly Name: ) on port 1CF6849F-7A85-4CDB-88E6-9B2AF1104049 (Friendly Name: 1CF6849F-7A85-4CDB-88E6-9B2AF1104049) on switch 790E58B4-7939-4434-9358-89AE7DDBE87E (Friendly Name: WSL (Hyper-V firewall)). NicStatus: Nic Disconnected, Status: {Drive Not Ready}
The drive is not ready for use; its door may be open. Please check drive %hs and make sure that a disk is inserted and that the drive door is closed.","220","0",,"4","0","0","4611686018427388032","27383","Microsoft-Windows-Hyper-V-VmSwitch","67dc0d66-3695-47c0-9642-33f76f7bd7ad","Microsoft-Windows-Hyper-V-VmSwitch-Operational","33248","33712","<HOST>",,"25-02-2026 09:24:50 AM",,,"Microsoft-Windows-Hyper-V-VmSwitch-Operational","System.UInt32[]","System.Diagnostics.Eventing.Reader.EventBookmark","Information","Info",,"System.Collections.ObjectModel.ReadOnlyCollection`1[System.String]","System.Collections.Generic.List`1[System.Diagnostics.Eventing.Reader.EventProperty]"
"V-Switch operation OID_GEN_STATISTICS (131334) took too long to complete. Operation Type: OID HOST VNIC. Execution time 0 ms. Queued time 0 ms. Expected execution time less than 0 ms. NicName: 790E58B4-7939-4434-9358-89AE7DDBE87F. NicFriendlyName: WSL (Hyper-V firewall).    ","285","0",,"3","0","0","4611686018427388032","27382","Microsoft-Windows-Hyper-V-VmSwitch","67dc0d66-3695-47c0-9642-33f76f7bd7ad","Microsoft-Windows-Hyper-V-VmSwitch-Operational","4","15136","<HOST>",,"25-02-2026 09:23:59 AM",,,"Microsoft-Windows-Hyper-V-VmSwitch-Operational","System.UInt32[]","System.Diagnostics.Eventing.Reader.EventBookmark","Warning","Info",,"System.Collections.ObjectModel.ReadOnlyCollection`1[System.String]","System.Collections.Generic.List`1[System.Diagnostics.Eventing.Reader.EventProperty]"
"V-Switch operation OID_GEN_STATISTICS (131334) took too long to complete. Operation Type: OID HOST VNIC. Execution time 0 ms. Queued time 0 ms. Expected execution time less than 0 ms. NicName: 790E58B4-7939-4434-9358-89AE7DDBE87F. NicFriendlyName: WSL (Hyper-V firewall).    ","285","0",,"3","0","0","4611686018427388032","27381","Microsoft-Windows-Hyper-V-VmSwitch","67dc0d66-3695-47c0-9642-33f76f7bd7ad","Microsoft-Windows-Hyper-V-VmSwitch-Operational","4","19068","<HOST>",,"25-02-2026 09:22:16 AM",,,"Microsoft-Windows-Hyper-V-VmSwitch-Operational","System.UInt32[]","System.Diagnostics.Eventing.Reader.EventBookmark","Warning","Info",,"System.Collections.ObjectModel.ReadOnlyCollection`1[System.String]","System.Collections.Generic.List`1[System.Diagnostics.Eventing.Reader.EventProperty]"
"V-Switch operation OID_GEN_STATISTICS (131334) took too long to complete. Operation Type: OID HOST VNIC. Execution time 0 ms. Queued time 0 ms. Expected execution time less than 0 ms. NicName: 790E58B4-7939-4434-9358-89AE7DDBE87F. NicFriendlyName: WSL (Hyper-V firewall).    ","285","0",,"3","0","0","4611686018427388032","27380","Microsoft-Windows-Hyper-V-VmSwitch","67dc0d66-3695-47c0-9642-33f76f7bd7ad","Microsoft-Windows-Hyper-V-VmSwitch-Operational","4","24140","<HOST>",,"25-02-2026 09:20:49 AM",,,"Microsoft-Windows-Hyper-V-VmSwitch-Operational","System.UInt32[]","System.Diagnostics.Eventing.Reader.EventBookmark","Warning","Info",,"System.Collections.ObjectModel.ReadOnlyCollection`1[System.String]","System.Collections.Generic.List`1[System.Diagnostics.Eventing.Reader.EventProperty]"
"V-Switch operation OID_GEN_STATISTICS (131334) took too long to complete. Operation Type: OID HOST VNIC. Execution time 0 ms. Queued time 0 ms. Expected execution time less than 0 ms. NicName: 790E58B4-7939-4434-9358-89AE7DDBE87F. NicFriendlyName: WSL (Hyper-V firewall).    ","285","0",,"3","0","0","4611686018427388032","27379","Microsoft-Windows-Hyper-V-VmSwitch","67dc0d66-3695-47c0-9642-33f76f7bd7ad","Microsoft-Windows-Hyper-V-VmSwitch-Operational","4","28860","<HOST>",,"25-02-2026 09:19:42 AM",,,"Microsoft-Windows-Hyper-V-VmSwitch-Operational","System.UInt32[]","System.Diagnostics.Eventing.Reader.EventBookmark","Warning","Info",,"System.Collections.ObjectModel.ReadOnlyCollection`1[System.String]","System.Collections.Generic.List`1[System.Diagnostics.Eventing.Reader.EventProperty]"
"Guest vDev Operation End

VmOperation: Completed Pause,
vmName: EEE4930F-50D2-49BB-A822-A9E52E171913,
vmFriendlyName: EEE4930F-50D2-49BB-A822-A9E52E171913,
nicName: EEE4930F-50D2-49BB-A822-A9E52E171913--9B5AC7D5-D333-4C0E-AD1F-EDA068F3CE89,
nicFriendlyName: ,
switchName: ,
switchFriendlyName: ,
delta (100 ns): 3818","0","0",,"4","0","0","0","27378","Microsoft-Windows-Hyper-V-VmSwitch","67dc0d66-3695-47c0-9642-33f76f7bd7ad","Microsoft-Windows-Hyper-V-VmSwitch-Operational","3376","24600","<HOST>","S-1-5-83-1-4007957263-1237012690-3853066920-320411438","25-02-2026 09:18:52 AM",,,"Microsoft-Windows-Hyper-V-VmSwitch-Operational","System.UInt32[]","System.Diagnostics.Eventing.Reader.EventBookmark","4","0","Guest vDev Operation End","System.Collections.ObjectModel.ReadOnlyCollection`1[System.String]","System.Collections.Generic.List`1[System.Diagnostics.Eventing.Reader.EventProperty]"
"Guest vDev Operation End

VmOperation: Vmbus pause completed,
vmName: EEE4930F-50D2-49BB-A822-A9E52E171913,
vmFriendlyName: EEE4930F-50D2-49BB-A822-A9E52E171913,
nicName: EEE4930F-50D2-49BB-A822-A9E52E171913--9B5AC7D5-D333-4C0E-AD1F-EDA068F3CE89,
nicFriendlyName: ,
switchName: ,
switchFriendlyName: ,
delta (100 ns): 3555","0","0",,"4","0","0","0","27377","Microsoft-Windows-Hyper-V-VmSwitch","67dc0d66-3695-47c0-9642-33f76f7bd7ad","Microsoft-Windows-Hyper-V-VmSwitch-Operational","3376","24600","<HOST>","S-1-5-83-1-4007957263-1237012690-3853066920-320411438","25-02-2026 09:18:52 AM",,,"Microsoft-Windows-Hyper-V-VmSwitch-Operational","System.UInt32[]","System.Diagnostics.Eventing.Reader.EventBookmark","4","0","Guest vDev Operation End","System.Collections.ObjectModel.ReadOnlyCollection`1[System.String]","System.Collections.Generic.List`1[System.Diagnostics.Eventing.Reader.EventProperty]"
"Vmbus Channel Callback Operation End

ChannelOperation: Channel Pause completed,
ChannelIndex: 0,
VM Running State: 4,
vmName: EEE4930F-50D2-49BB-A822-A9E52E171913,
vmFriendlyName: EEE4930F-50D2-49BB-A822-A9E52E171913,
nicName: EEE4930F-50D2-49BB-A822-A9E52E171913--9B5AC7D5-D333-4C0E-AD1F-EDA068F3CE89,
nicFriendlyName: ,
switchName: ,
switchFriendlyName: ,
delta (100 ns): 208","0","0",,"5","0","0","0","27376","Microsoft-Windows-Hyper-V-VmSwitch","67dc0d66-3695-47c0-9642-33f76f7bd7ad","Microsoft-Windows-Hyper-V-VmSwitch-Operational","3376","24600","<HOST>","S-1-5-83-1-4007957263-1237012690-3853066920-320411438","25-02-2026 09:18:52 AM",,,"Microsoft-Windows-Hyper-V-VmSwitch-Operational","System.UInt32[]","System.Diagnostics.Eventing.Reader.EventBookmark","5","0","Vmbus Channel Callback Operation End","System.Collections.ObjectModel.ReadOnlyCollection`1[System.String]","System.Collections.Generic.List`1[System.Diagnostics.Eventing.Reader.EventProperty]"
"Vmbus Channel Callback Operation Begin

ChannelOperation: Started Pausing the Channel,
ChannelIndex: 0,
VM Running State: 4,
vmName: EEE4930F-50D2-49BB-A822-A9E52E171913,
vmFriendlyName: EEE4930F-50D2-49BB-A822-A9E52E171913,
nicName: EEE4930F-50D2-49BB-A822-A9E52E171913--9B5AC7D5-D333-4C0E-AD1F-EDA068F3CE89,
nicFriendlyName: ,
switchName: ,
switchFriendlyName: ","0","0",,"5","0","0","0","27375","Microsoft-Windows-Hyper-V-VmSwitch","67dc0d66-3695-47c0-9642-33f76f7bd7ad","Microsoft-Windows-Hyper-V-VmSwitch-Operational","3376","24600","<HOST>","S-1-5-83-1-4007957263-1237012690-3853066920-320411438","25-02-2026 09:18:52 AM",,,"Microsoft-Windows-Hyper-V-VmSwitch-Operational","System.UInt32[]","System.Diagnostics.Eventing.Reader.EventBookmark","5","0","Vmbus Channel Callback Operation Begin","System.Collections.ObjectModel.ReadOnlyCollection`1[System.String]","System.Collections.Generic.List`1[System.Diagnostics.Eventing.Reader.EventProperty]"
"Guest vDev Operation Begin

VmOperation: Vmbus pause initiated,
vmName: EEE4930F-50D2-49BB-A822-A9E52E171913,
vmFriendlyName: EEE4930F-50D2-49BB-A822-A9E52E171913,
nicName: EEE4930F-50D2-49BB-A822-A9E52E171913--9B5AC7D5-D333-4C0E-AD1F-EDA068F3CE89,
nicFriendlyName: ,
switchName: ,
switchFriendlyName: ","0","0",,"4","0","0","0","27374","Microsoft-Windows-Hyper-V-VmSwitch","67dc0d66-3695-47c0-9642-33f76f7bd7ad","Microsoft-Windows-Hyper-V-VmSwitch-Operational","3376","24600","<HOST>","S-1-5-83-1-4007957263-1237012690-3853066920-320411438","25-02-2026 09:18:52 AM",,,"Microsoft-Windows-Hyper-V-VmSwitch-Operational","System.UInt32[]","System.Diagnostics.Eventing.Reader.EventBookmark","4","0","Guest vDev Operation Begin","System.Collections.ObjectModel.ReadOnlyCollection`1[System.String]","System.Collections.Generic.List`1[System.Diagnostics.Eventing.Reader.EventProperty]"
"Guest vDev Operation Begin

VmOperation: Started Pausing,
vmName: EEE4930F-50D2-49BB-A822-A9E52E171913,
vmFriendlyName: EEE4930F-50D2-49BB-A822-A9E52E171913,
nicName: EEE4930F-50D2-49BB-A822-A9E52E171913--9B5AC7D5-D333-4C0E-AD1F-EDA068F3CE89,
nicFriendlyName: ,
switchName: ,
switchFriendlyName: ","0","0",,"4","0","0","0","27373","Microsoft-Windows-Hyper-V-VmSwitch","67dc0d66-3695-47c0-9642-33f76f7bd7ad","Microsoft-Windows-Hyper-V-VmSwitch-Operational","3376","24600","<HOST>","S-1-5-83-1-4007957263-1237012690-3853066920-320411438","25-02-2026 09:18:52 AM",,,"Microsoft-Windows-Hyper-V-VmSwitch-Operational","System.UInt32[]","System.Diagnostics.Eventing.Reader.EventBookmark","4","0","Guest vDev Operation Begin","System.Collections.ObjectModel.ReadOnlyCollection`1[System.String]","System.Collections.Generic.List`1[System.Diagnostics.Eventing.Reader.EventProperty]"
"Status change (Nic Disconnected) sent to Nic EEE4930F-50D2-49BB-A822-A9E52E171913--9B5AC7D5-D333-4C0E-AD1F-EDA068F3CE89 (Friendly Name: ) on port 9B5AC7D5-D333-4C0E-AD1F-EDA068F3CE89 (Friendly Name: 9B5AC7D5-D333-4C0E-AD1F-EDA068F3CE89) on switch 790E58B4-7939-4434-9358-89AE7DDBE87E (Friendly Name: WSL (Hyper-V firewall)). NicStatus: Nic Disconnected, Status: STATUS_SUCCESS","220","0",,"4","0","0","4611686018427388032","27372","Microsoft-Windows-Hyper-V-VmSwitch","67dc0d66-3695-47c0-9642-33f76f7bd7ad","Microsoft-Windows-Hyper-V-VmSwitch-Operational","2936","8292","<HOST>",,"25-02-2026 09:18:51 AM",,,"Microsoft-Windows-Hyper-V-VmSwitch-Operational","System.UInt32[]","System.Diagnostics.Eventing.Reader.EventBookmark","Information","Info",,"System.Collections.ObjectModel.ReadOnlyCollection`1[System.String]","System.Collections.Generic.List`1[System.Diagnostics.Eventing.Reader.EventProperty]"
"Status change (Nic Disconnected) sent to Nic EEE4930F-50D2-49BB-A822-A9E52E171913--9B5AC7D5-D333-4C0E-AD1F-EDA068F3CE89 (Friendly Name: ) on port 9B5AC7D5-D333-4C0E-AD1F-EDA068F3CE89 (Friendly Name: 9B5AC7D5-D333-4C0E-AD1F-EDA068F3CE89) on switch 790E58B4-7939-4434-9358-89AE7DDBE87E (Friendly Name: WSL (Hyper-V firewall)). NicStatus: Nic Disconnected, Status: STATUS_SUCCESS","220","0",,"4","0","0","4611686018427388032","27371","Microsoft-Windows-Hyper-V-VmSwitch","67dc0d66-3695-47c0-9642-33f76f7bd7ad","Microsoft-Windows-Hyper-V-VmSwitch-Operational","2936","8292","<HOST>",,"25-02-2026 09:18:51 AM",,,"Microsoft-Windows-Hyper-V-VmSwitch-Operational","System.UInt32[]","System.Diagnostics.Eventing.Reader.EventBookmark","Information","Info",,"System.Collections.ObjectModel.ReadOnlyCollection`1[System.String]","System.Collections.Generic.List`1[System.Diagnostics.Eventing.Reader.EventProperty]"
"Status change (IPSEC Disable) sent to Nic EEE4930F-50D2-49BB-A822-A9E52E171913--9B5AC7D5-D333-4C0E-AD1F-EDA068F3CE89 (Friendly Name: ) on port 9B5AC7D5-D333-4C0E-AD1F-EDA068F3CE89 (Friendly Name: 9B5AC7D5-D333-4C0E-AD1F-EDA068F3CE89) on switch 790E58B4-7939-4434-9358-89AE7DDBE87E (Friendly Name: WSL (Hyper-V firewall)). NicStatus: IPSEC Disable, Status: STATUS_SUCCESS","220","0",,"4","0","0","4611686018427388032","27370","Microsoft-Windows-Hyper-V-VmSwitch","67dc0d66-3695-47c0-9642-33f76f7bd7ad","Microsoft-Windows-Hyper-V-VmSwitch-Operational","2936","8292","<HOST>",,"25-02-2026 09:18:51 AM",,,"Microsoft-Windows-Hyper-V-VmSwitch-Operational","System.UInt32[]","System.Diagnostics.Eventing.Reader.EventBookmark","Information","Info",,"System.Collections.ObjectModel.ReadOnlyCollection`1[System.String]","System.Collections.Generic.List`1[System.Diagnostics.Eventing.Reader.EventProperty]"
"V-Switch operation OID_GEN_STATISTICS (131334) took too long to complete. Operation Type: OID HOST VNIC. Execution time 0 ms. Queued time 0 ms. Expected execution time less than 0 ms. NicName: 790E58B4-7939-4434-9358-89AE7DDBE87F. NicFriendlyName: WSL (Hyper-V firewall).    ","285","0",,"3","0","0","4611686018427388032","27369","Microsoft-Windows-Hyper-V-VmSwitch","67dc0d66-3695-47c0-9642-33f76f7bd7ad","Microsoft-Windows-Hyper-V-VmSwitch-Operational","4","34608","<HOST>",,"25-02-2026 09:18:37 AM",,,"Microsoft-Windows-Hyper-V-VmSwitch-Operational","System.UInt32[]","System.Diagnostics.Eventing.Reader.EventBookmark","Warning","Info",,"System.Collections.ObjectModel.ReadOnlyCollection`1[System.String]","System.Collections.Generic.List`1[System.Diagnostics.Eventing.Reader.EventProperty]"
"V-Switch operation UNSPECIFIED_OPERATION_CODE (5) took too long to complete. Operation Type: RNDIS. Execution time 0 ms. Queued time 0 ms. Expected execution time less than 0 ms. NicName: EEE4930F-50D2-49BB-A822-A9E52E171913--9B5AC7D5-D333-4C0E-AD1F-EDA068F3CE89. VmName: EEE4930F-50D2-49BB-A822-A9E52E171913. VmFriendlyName: EEE4930F-50D2-49BB-A822-A9E52E171913","285","0",,"3","0","0","4611686018427388032","27368","Microsoft-Windows-Hyper-V-VmSwitch","67dc0d66-3695-47c0-9642-33f76f7bd7ad","Microsoft-Windows-Hyper-V-VmSwitch-Operational","4","29572","<HOST>",,"25-02-2026 09:17:36 AM",,,"Microsoft-Windows-Hyper-V-VmSwitch-Operational","System.UInt32[]","System.Diagnostics.Eventing.Reader.EventBookmark","Warning","Info",,"System.Collections.ObjectModel.ReadOnlyCollection`1[System.String]","System.Collections.Generic.List`1[System.Diagnostics.Eventing.Reader.EventProperty]"
"Status change (Offload Change) sent to Nic EEE4930F-50D2-49BB-A822-A9E52E171913--9B5AC7D5-D333-4C0E-AD1F-EDA068F3CE89 (Friendly Name: ) on port 9B5AC7D5-D333-4C0E-AD1F-EDA068F3CE89 (Friendly Name: 9B5AC7D5-D333-4C0E-AD1F-EDA068F3CE89) on switch 790E58B4-7939-4434-9358-89AE7DDBE87E (Friendly Name: WSL (Hyper-V firewall)). NicStatus: Offload Change, Status: STATUS_SUCCESS","220","0",,"4","0","0","4611686018427388032","27367","Microsoft-Windows-Hyper-V-VmSwitch","67dc0d66-3695-47c0-9642-33f76f7bd7ad","Microsoft-Windows-Hyper-V-VmSwitch-Operational","4","29572","<HOST>",,"25-02-2026 09:17:36 AM",,,"Microsoft-Windows-Hyper-V-VmSwitch-Operational","System.UInt32[]","System.Diagnostics.Eventing.Reader.EventBookmark","Information","Info",,"System.Collections.ObjectModel.ReadOnlyCollection`1[System.String]","System.Collections.Generic.List`1[System.Diagnostics.Eventing.Reader.EventProperty]"
"Virtual RSS configuration update succeeded on NIC EEE4930F-50D2-49BB-A822-A9E52E171913--9B5AC7D5-D333-4C0E-AD1F-EDA068F3CE89 (Friendly Name: ) of switch 790E58B4-7939-4434-9358-89AE7DDBE87E (Friendly Name: WSL (Hyper-V firewall)).","143","0",,"5","0","0","4611686018427388064","27366","Microsoft-Windows-Hyper-V-VmSwitch","67dc0d66-3695-47c0-9642-33f76f7bd7ad","Microsoft-Windows-Hyper-V-VmSwitch-Operational","4","29572","<HOST>","S-1-5-18","25-02-2026 09:17:11 AM",,,"Microsoft-Windows-Hyper-V-VmSwitch-Operational","System.UInt32[]","System.Diagnostics.Eventing.Reader.EventBookmark","Verbose","Info",,"System.Collections.ObjectModel.ReadOnlyCollection`1[System.String]","System.Collections.Generic.List`1[System.Diagnostics.Eventing.Reader.EventProperty]"
"Virtual RSS configuration update succeeded on NIC EEE4930F-50D2-49BB-A822-A9E52E171913--9B5AC7D5-D333-4C0E-AD1F-EDA068F3CE89 (Friendly Name: ) of switch 790E58B4-7939-4434-9358-89AE7DDBE87E (Friendly Name: WSL (Hyper-V firewall)).","143","0",,"5","0","0","4611686018427388064","27365","Microsoft-Windows-Hyper-V-VmSwitch","67dc0d66-3695-47c0-9642-33f76f7bd7ad","Microsoft-Windows-Hyper-V-VmSwitch-Operational","4","29572","<HOST>","S-1-5-18","25-02-2026 09:17:11 AM",,,"Microsoft-Windows-Hyper-V-VmSwitch-Operational","System.UInt32[]","System.Diagnostics.Eventing.Reader.EventBookmark","Verbose","Info",,"System.Collections.ObjectModel.ReadOnlyCollection`1[System.String]","System.Collections.Generic.List`1[System.Diagnostics.Eventing.Reader.EventProperty]"
"Status change (Offload Change) sent to Nic EEE4930F-50D2-49BB-A822-A9E52E171913--9B5AC7D5-D333-4C0E-AD1F-EDA068F3CE89 (Friendly Name: ) on port 9B5AC7D5-D333-4C0E-AD1F-EDA068F3CE89 (Friendly Name: 9B5AC7D5-D333-4C0E-AD1F-EDA068F3CE89) on switch 790E58B4-7939-4434-9358-89AE7DDBE87E (Friendly Name: WSL (Hyper-V firewall)). NicStatus: Offload Change, Status: STATUS_SUCCESS","220","0",,"4","0","0","4611686018427388032","27364","Microsoft-Windows-Hyper-V-VmSwitch","67dc0d66-3695-47c0-9642-33f76f7bd7ad","Microsoft-Windows-Hyper-V-VmSwitch-Operational","4","29572","<HOST>",,"25-02-2026 09:17:11 AM",,,"Microsoft-Windows-Hyper-V-VmSwitch-Operational","System.UInt32[]","System.Diagnostics.Eventing.Reader.EventBookmark","Information","Info",,"System.Collections.ObjectModel.ReadOnlyCollection`1[System.String]","System.Collections.Generic.List`1[System.Diagnostics.Eventing.Reader.EventProperty]"
"Status change (Offload Change) sent to Nic EEE4930F-50D2-49BB-A822-A9E52E171913--9B5AC7D5-D333-4C0E-AD1F-EDA068F3CE89 (Friendly Name: ) on port 9B5AC7D5-D333-4C0E-AD1F-EDA068F3CE89 (Friendly Name: 9B5AC7D5-D333-4C0E-AD1F-EDA068F3CE89) on switch 790E58B4-7939-4434-9358-89AE7DDBE87E (Friendly Name: WSL (Hyper-V firewall)). NicStatus: Offload Change, Status: STATUS_SUCCESS","220","0",,"4","0","0","4611686018427388032","27363","Microsoft-Windows-Hyper-V-VmSwitch","67dc0d66-3695-47c0-9642-33f76f7bd7ad","Microsoft-Windows-Hyper-V-VmSwitch-Operational","0","0","<HOST>",,"25-02-2026 09:17:11 AM",,,"Microsoft-Windows-Hyper-V-VmSwitch-Operational","System.UInt32[]","System.Diagnostics.Eventing.Reader.EventBookmark","Information","Info",,"System.Collections.ObjectModel.ReadOnlyCollection`1[System.String]","System.Collections.Generic.List`1[System.Diagnostics.Eventing.Reader.EventProperty]"
"Status change (IPSEC Disable) sent to Nic EEE4930F-50D2-49BB-A822-A9E52E171913--9B5AC7D5-D333-4C0E-AD1F-EDA068F3CE89 (Friendly Name: ) on port 9B5AC7D5-D333-4C0E-AD1F-EDA068F3CE89 (Friendly Name: 9B5AC7D5-D333-4C0E-AD1F-EDA068F3CE89) on switch 790E58B4-7939-4434-9358-89AE7DDBE87E (Friendly Name: WSL (Hyper-V firewall)). NicStatus: IPSEC Disable, Status: STATUS_SUCCESS","220","0",,"4","0","0","4611686018427388032","27362","Microsoft-Windows-Hyper-V-VmSwitch","67dc0d66-3695-47c0-9642-33f76f7bd7ad","Microsoft-Windows-Hyper-V-VmSwitch-Operational","0","0","<HOST>",,"25-02-2026 09:17:11 AM",,,"Microsoft-Windows-Hyper-V-VmSwitch-Operational","System.UInt32[]","System.Diagnostics.Eventing.Reader.EventBookmark","Information","Info",,"System.Collections.ObjectModel.ReadOnlyCollection`1[System.String]","System.Collections.Generic.List`1[System.Diagnostics.Eventing.Reader.EventProperty]"
"Status change (Nic Connected) sent to Nic EEE4930F-50D2-49BB-A822-A9E52E171913--9B5AC7D5-D333-4C0E-AD1F-EDA068F3CE89 (Friendly Name: ) on port 9B5AC7D5-D333-4C0E-AD1F-EDA068F3CE89 (Friendly Name: 9B5AC7D5-D333-4C0E-AD1F-EDA068F3CE89) on switch 790E58B4-7939-4434-9358-89AE7DDBE87E (Friendly Name: WSL (Hyper-V firewall)). NicStatus: Nic Connected, Status: STATUS_SUCCESS","220","0",,"4","0","0","4611686018427388032","27361","Microsoft-Windows-Hyper-V-VmSwitch","67dc0d66-3695-47c0-9642-33f76f7bd7ad","Microsoft-Windows-Hyper-V-VmSwitch-Operational","0","0","<HOST>",,"25-02-2026 09:17:11 AM",,,"Microsoft-Windows-Hyper-V-VmSwitch-Operational","System.UInt32[]","System.Diagnostics.Eventing.Reader.EventBookmark","Information","Info",,"System.Collections.ObjectModel.ReadOnlyCollection`1[System.String]","System.Collections.Generic.List`1[System.Diagnostics.Eventing.Reader.EventProperty]"
"Status change (Nic Disconnected) sent to Nic EEE4930F-50D2-49BB-A822-A9E52E171913--9B5AC7D5-D333-4C0E-AD1F-EDA068F3CE89 (Friendly Name: ) on port 9B5AC7D5-D333-4C0E-AD1F-EDA068F3CE89 (Friendly Name: 9B5AC7D5-D333-4C0E-AD1F-EDA068F3CE89) on switch 790E58B4-7939-4434-9358-89AE7DDBE87E (Friendly Name: WSL (Hyper-V firewall)). NicStatus: Nic Disconnected, Status: STATUS_SUCCESS","220","0",,"4","0","0","4611686018427388032","27360","Microsoft-Windows-Hyper-V-VmSwitch","67dc0d66-3695-47c0-9642-33f76f7bd7ad","Microsoft-Windows-Hyper-V-VmSwitch-Operational","0","0","<HOST>",,"25-02-2026 09:17:11 AM",,,"Microsoft-Windows-Hyper-V-VmSwitch-Operational","System.UInt32[]","System.Diagnostics.Eventing.Reader.EventBookmark","Information","Info",,"System.Collections.ObjectModel.ReadOnlyCollection`1[System.String]","System.Collections.Generic.List`1[System.Diagnostics.Eventing.Reader.EventProperty]"
"Vmbus Channel Callback Operation End

