ChannelOperation: Channel Pause completed,
ChannelIndex: 0,
VM Running State: 4,
vmName: 2A47AB2B-428E-4630-B652-19278E376527,
vmFriendlyName: 2A47AB2B-428E-4630-B652-19278E376527,
nicName: 2A47AB2B-428E-4630-B652-19278E376527--0776D4C0-4519-4E7C-ACA1-D8B99D4EB99E,
nicFriendlyName: ,
switchName: ,
switchFriendlyName: ,
delta (100 ns): 568","0","0",,"5","0","0","0","27470","Microsoft-Windows-Hyper-V-VmSwitch","67dc0d66-3695-47c0-9642-33f76f7bd7ad","Microsoft-Windows-Hyper-V-VmSwitch-Operational","30684","21012","<HOST>","S-1-5-83-1-709339947-1177567886-655970998-660944782","25-02-2026 10:12:54 AM",,,"Microsoft-Windows-Hyper-V-VmSwitch-Operational","System.UInt32[]","System.Diagnostics.Eventing.Reader.EventBookmark","5","0","Vmbus Channel Callback Operation End","System.Collections.ObjectModel.ReadOnlyCollection`1[System.String]","System.Collections.Generic.List`1[System.Diagnostics.Eventing.Reader.EventProperty]"
"Vmbus Channel Callback Operation Begin

ChannelOperation: Started Pausing the Channel,
ChannelIndex: 0,
VM Running State: 4,
vmName: 2A47AB2B-428E-4630-B652-19278E376527,
vmFriendlyName: 2A47AB2B-428E-4630-B652-19278E376527,
nicName: 2A47AB2B-428E-4630-B652-19278E376527--0776D4C0-4519-4E7C-ACA1-D8B99D4EB99E,
nicFriendlyName: ,
switchName: ,
switchFriendlyName: ","0","0",,"5","0","0","0","27469","Microsoft-Windows-Hyper-V-VmSwitch","67dc0d66-3695-47c0-9642-33f76f7bd7ad","Microsoft-Windows-Hyper-V-VmSwitch-Operational","30684","21012","<HOST>","S-1-5-83-1-709339947-1177567886-655970998-660944782","25-02-2026 10:12:54 AM",,,"Microsoft-Windows-Hyper-V-VmSwitch-Operational","System.UInt32[]","System.Diagnostics.Eventing.Reader.EventBookmark","5","0","Vmbus Channel Callback Operation Begin","System.Collections.ObjectModel.ReadOnlyCollection`1[System.String]","System.Collections.Generic.List`1[System.Diagnostics.Eventing.Reader.EventProperty]"
"Guest vDev Operation Begin

VmOperation: Vmbus pause initiated,
vmName: 2A47AB2B-428E-4630-B652-19278E376527,
vmFriendlyName: 2A47AB2B-428E-4630-B652-19278E376527,
nicName: 2A47AB2B-428E-4630-B652-19278E376527--0776D4C0-4519-4E7C-ACA1-D8B99D4EB99E,
nicFriendlyName: ,
switchName: ,
switchFriendlyName: ","0","0",,"4","0","0","0","27468","Microsoft-Windows-Hyper-V-VmSwitch","67dc0d66-3695-47c0-9642-33f76f7bd7ad","Microsoft-Windows-Hyper-V-VmSwitch-Operational","30684","21012","<HOST>","S-1-5-83-1-709339947-1177567886-655970998-660944782","25-02-2026 10:12:54 AM",,,"Microsoft-Windows-Hyper-V-VmSwitch-Operational","System.UInt32[]","System.Diagnostics.Eventing.Reader.EventBookmark","4","0","Guest vDev Operation Begin","System.Collections.ObjectModel.ReadOnlyCollection`1[System.String]","System.Collections.Generic.List`1[System.Diagnostics.Eventing.Reader.EventProperty]"
"Guest vDev Operation Begin

VmOperation: Started Pausing,
vmName: 2A47AB2B-428E-4630-B652-19278E376527,
vmFriendlyName: 2A47AB2B-428E-4630-B652-19278E376527,
nicName: 2A47AB2B-428E-4630-B652-19278E376527--0776D4C0-4519-4E7C-ACA1-D8B99D4EB99E,
nicFriendlyName: ,
switchName: ,
switchFriendlyName: ","0","0",,"4","0","0","0","27467","Microsoft-Windows-Hyper-V-VmSwitch","67dc0d66-3695-47c0-9642-33f76f7bd7ad","Microsoft-Windows-Hyper-V-VmSwitch-Operational","30684","21012","<HOST>","S-1-5-83-1-709339947-1177567886-655970998-660944782","25-02-2026 10:12:54 AM",,,"Microsoft-Windows-Hyper-V-VmSwitch-Operational","System.UInt32[]","System.Diagnostics.Eventing.Reader.EventBookmark","4","0","Guest vDev Operation Begin","System.Collections.ObjectModel.ReadOnlyCollection`1[System.String]","System.Collections.Generic.List`1[System.Diagnostics.Eventing.Reader.EventProperty]"
"Status change (Nic Disconnected) sent to Nic 2A47AB2B-428E-4630-B652-19278E376527--0776D4C0-4519-4E7C-ACA1-D8B99D4EB99E (Friendly Name: ) on port 0776D4C0-4519-4E7C-ACA1-D8B99D4EB99E (Friendly Name: 0776D4C0-4519-4E7C-ACA1-D8B99D4EB99E) on switch 790E58B4-7939-4434-9358-89AE7DDBE87E (Friendly Name: WSL (Hyper-V firewall)). NicStatus: Nic Disconnected, Status: STATUS_SUCCESS","220","0",,"4","0","0","4611686018427388032","27466","Microsoft-Windows-Hyper-V-VmSwitch","67dc0d66-3695-47c0-9642-33f76f7bd7ad","Microsoft-Windows-Hyper-V-VmSwitch-Operational","2936","34540","<HOST>",,"25-02-2026 10:12:53 AM",,,"Microsoft-Windows-Hyper-V-VmSwitch-Operational","System.UInt32[]","System.Diagnostics.Eventing.Reader.EventBookmark","Information","Info",,"System.Collections.ObjectModel.ReadOnlyCollection`1[System.String]","System.Collections.Generic.List`1[System.Diagnostics.Eventing.Reader.EventProperty]"
"Status change (Nic Disconnected) sent to Nic 2A47AB2B-428E-4630-B652-19278E376527--0776D4C0-4519-4E7C-ACA1-D8B99D4EB99E (Friendly Name: ) on port 0776D4C0-4519-4E7C-ACA1-D8B99D4EB99E (Friendly Name: 0776D4C0-4519-4E7C-ACA1-D8B99D4EB99E) on switch 790E58B4-7939-4434-9358-89AE7DDBE87E (Friendly Name: WSL (Hyper-V firewall)). NicStatus: Nic Disconnected, Status: STATUS_SUCCESS","220","0",,"4","0","0","4611686018427388032","27465","Microsoft-Windows-Hyper-V-VmSwitch","67dc0d66-3695-47c0-9642-33f76f7bd7ad","Microsoft-Windows-Hyper-V-VmSwitch-Operational","2936","34540","<HOST>",,"25-02-2026 10:12:53 AM",,,"Microsoft-Windows-Hyper-V-VmSwitch-Operational","System.UInt32[]","System.Diagnostics.Eventing.Reader.EventBookmark","Information","Info",,"System.Collections.ObjectModel.ReadOnlyCollection`1[System.String]","System.Collections.Generic.List`1[System.Diagnostics.Eventing.Reader.EventProperty]"
"Status change (IPSEC Disable) sent to Nic 2A47AB2B-428E-4630-B652-19278E376527--0776D4C0-4519-4E7C-ACA1-D8B99D4EB99E (Friendly Name: ) on port 0776D4C0-4519-4E7C-ACA1-D8B99D4EB99E (Friendly Name: 0776D4C0-4519-4E7C-ACA1-D8B99D4EB99E) on switch 790E58B4-7939-4434-9358-89AE7DDBE87E (Friendly Name: WSL (Hyper-V firewall)). NicStatus: IPSEC Disable, Status: STATUS_SUCCESS","220","0",,"4","0","0","4611686018427388032","27464","Microsoft-Windows-Hyper-V-VmSwitch","67dc0d66-3695-47c0-9642-33f76f7bd7ad","Microsoft-Windows-Hyper-V-VmSwitch-Operational","2936","34540","<HOST>",,"25-02-2026 10:12:53 AM",,,"Microsoft-Windows-Hyper-V-VmSwitch-Operational","System.UInt32[]","System.Diagnostics.Eventing.Reader.EventBookmark","Information","Info",,"System.Collections.ObjectModel.ReadOnlyCollection`1[System.String]","System.Collections.Generic.List`1[System.Diagnostics.Eventing.Reader.EventProperty]"
"V-Switch operation OID_GEN_STATISTICS (131334) took too long to complete. Operation Type: OID HOST VNIC. Execution time 0 ms. Queued time 0 ms. Expected execution time less than 0 ms. NicName: 790E58B4-7939-4434-9358-89AE7DDBE87F. NicFriendlyName: WSL (Hyper-V firewall).    ","285","0",,"3","0","0","4611686018427388032","27463","Microsoft-Windows-Hyper-V-VmSwitch","67dc0d66-3695-47c0-9642-33f76f7bd7ad","Microsoft-Windows-Hyper-V-VmSwitch-Operational","4","25788","<HOST>",,"25-02-2026 10:12:49 AM",,,"Microsoft-Windows-Hyper-V-VmSwitch-Operational","System.UInt32[]","System.Diagnostics.Eventing.Reader.EventBookmark","Warning","Info",,"System.Collections.ObjectModel.ReadOnlyCollection`1[System.String]","System.Collections.Generic.List`1[System.Diagnostics.Eventing.Reader.EventProperty]"
"V-Switch operation OID_GEN_STATISTICS (131334) took too long to complete. Operation Type: OID HOST VNIC. Execution time 0 ms. Queued time 0 ms. Expected execution time less than 0 ms. NicName: 790E58B4-7939-4434-9358-89AE7DDBE87F. NicFriendlyName: WSL (Hyper-V firewall).    ","285","0",,"3","0","0","4611686018427388032","27462","Microsoft-Windows-Hyper-V-VmSwitch","67dc0d66-3695-47c0-9642-33f76f7bd7ad","Microsoft-Windows-Hyper-V-VmSwitch-Operational","4","21236","<HOST>",,"25-02-2026 10:11:40 AM",,,"Microsoft-Windows-Hyper-V-VmSwitch-Operational","System.UInt32[]","System.Diagnostics.Eventing.Reader.EventBookmark","Warning","Info",,"System.Collections.ObjectModel.ReadOnlyCollection`1[System.String]","System.Collections.Generic.List`1[System.Diagnostics.Eventing.Reader.EventProperty]"
"Virtual RSS configuration update succeeded on NIC 2A47AB2B-428E-4630-B652-19278E376527--0776D4C0-4519-4E7C-ACA1-D8B99D4EB99E (Friendly Name: ) of switch 790E58B4-7939-4434-9358-89AE7DDBE87E (Friendly Name: WSL (Hyper-V firewall)).","143","0",,"5","0","0","4611686018427388064","27461","Microsoft-Windows-Hyper-V-VmSwitch","67dc0d66-3695-47c0-9642-33f76f7bd7ad","Microsoft-Windows-Hyper-V-VmSwitch-Operational","4","30744","<HOST>","S-1-5-18","25-02-2026 10:11:17 AM",,,"Microsoft-Windows-Hyper-V-VmSwitch-Operational","System.UInt32[]","System.Diagnostics.Eventing.Reader.EventBookmark","Verbose","Info",,"System.Collections.ObjectModel.ReadOnlyCollection`1[System.String]","System.Collections.Generic.List`1[System.Diagnostics.Eventing.Reader.EventProperty]"
"Virtual RSS configuration update succeeded on NIC 2A47AB2B-428E-4630-B652-19278E376527--0776D4C0-4519-4E7C-ACA1-D8B99D4EB99E (Friendly Name: ) of switch 790E58B4-7939-4434-9358-89AE7DDBE87E (Friendly Name: WSL (Hyper-V firewall)).","143","0",,"5","0","0","4611686018427388064","27460","Microsoft-Windows-Hyper-V-VmSwitch","67dc0d66-3695-47c0-9642-33f76f7bd7ad","Microsoft-Windows-Hyper-V-VmSwitch-Operational","4","30744","<HOST>","S-1-5-18","25-02-2026 10:11:17 AM",,,"Microsoft-Windows-Hyper-V-VmSwitch-Operational","System.UInt32[]","System.Diagnostics.Eventing.Reader.EventBookmark","Verbose","Info",,"System.Collections.ObjectModel.ReadOnlyCollection`1[System.String]","System.Collections.Generic.List`1[System.Diagnostics.Eventing.Reader.EventProperty]"
"Status change (Offload Change) sent to Nic 2A47AB2B-428E-4630-B652-19278E376527--0776D4C0-4519-4E7C-ACA1-D8B99D4EB99E (Friendly Name: ) on port 0776D4C0-4519-4E7C-ACA1-D8B99D4EB99E (Friendly Name: 0776D4C0-4519-4E7C-ACA1-D8B99D4EB99E) on switch 790E58B4-7939-4434-9358-89AE7DDBE87E (Friendly Name: WSL (Hyper-V firewall)). NicStatus: Offload Change, Status: STATUS_SUCCESS","220","0",,"4","0","0","4611686018427388032","27459","Microsoft-Windows-Hyper-V-VmSwitch","67dc0d66-3695-47c0-9642-33f76f7bd7ad","Microsoft-Windows-Hyper-V-VmSwitch-Operational","4","30744","<HOST>",,"25-02-2026 10:11:17 AM",,,"Microsoft-Windows-Hyper-V-VmSwitch-Operational","System.UInt32[]","System.Diagnostics.Eventing.Reader.EventBookmark","Information","Info",,"System.Collections.ObjectModel.ReadOnlyCollection`1[System.String]","System.Collections.Generic.List`1[System.Diagnostics.Eventing.Reader.EventProperty]"
"Status change (Offload Change) sent to Nic 2A47AB2B-428E-4630-B652-19278E376527--0776D4C0-4519-4E7C-ACA1-D8B99D4EB99E (Friendly Name: ) on port 0776D4C0-4519-4E7C-ACA1-D8B99D4EB99E (Friendly Name: 0776D4C0-4519-4E7C-ACA1-D8B99D4EB99E) on switch 790E58B4-7939-4434-9358-89AE7DDBE87E (Friendly Name: WSL (Hyper-V firewall)). NicStatus: Offload Change, Status: STATUS_SUCCESS","220","0",,"4","0","0","4611686018427388032","27458","Microsoft-Windows-Hyper-V-VmSwitch","67dc0d66-3695-47c0-9642-33f76f7bd7ad","Microsoft-Windows-Hyper-V-VmSwitch-Operational","30684","33908","<HOST>",,"25-02-2026 10:11:17 AM",,,"Microsoft-Windows-Hyper-V-VmSwitch-Operational","System.UInt32[]","System.Diagnostics.Eventing.Reader.EventBookmark","Information","Info",,"System.Collections.ObjectModel.ReadOnlyCollection`1[System.String]","System.Collections.Generic.List`1[System.Diagnostics.Eventing.Reader.EventProperty]"
"Status change (IPSEC Disable) sent to Nic 2A47AB2B-428E-4630-B652-19278E376527--0776D4C0-4519-4E7C-ACA1-D8B99D4EB99E (Friendly Name: ) on port 0776D4C0-4519-4E7C-ACA1-D8B99D4EB99E (Friendly Name: 0776D4C0-4519-4E7C-ACA1-D8B99D4EB99E) on switch 790E58B4-7939-4434-9358-89AE7DDBE87E (Friendly Name: WSL (Hyper-V firewall)). NicStatus: IPSEC Disable, Status: STATUS_SUCCESS","220","0",,"4","0","0","4611686018427388032","27457","Microsoft-Windows-Hyper-V-VmSwitch","67dc0d66-3695-47c0-9642-33f76f7bd7ad","Microsoft-Windows-Hyper-V-VmSwitch-Operational","30684","33908","<HOST>",,"25-02-2026 10:11:17 AM",,,"Microsoft-Windows-Hyper-V-VmSwitch-Operational","System.UInt32[]","System.Diagnostics.Eventing.Reader.EventBookmark","Information","Info",,"System.Collections.ObjectModel.ReadOnlyCollection`1[System.String]","System.Collections.Generic.List`1[System.Diagnostics.Eventing.Reader.EventProperty]"
"Status change (Nic Connected) sent to Nic 2A47AB2B-428E-4630-B652-19278E376527--0776D4C0-4519-4E7C-ACA1-D8B99D4EB99E (Friendly Name: ) on port 0776D4C0-4519-4E7C-ACA1-D8B99D4EB99E (Friendly Name: 0776D4C0-4519-4E7C-ACA1-D8B99D4EB99E) on switch 790E58B4-7939-4434-9358-89AE7DDBE87E (Friendly Name: WSL (Hyper-V firewall)). NicStatus: Nic Connected, Status: STATUS_SUCCESS","220","0",,"4","0","0","4611686018427388032","27456","Microsoft-Windows-Hyper-V-VmSwitch","67dc0d66-3695-47c0-9642-33f76f7bd7ad","Microsoft-Windows-Hyper-V-VmSwitch-Operational","30684","33908","<HOST>",,"25-02-2026 10:11:17 AM",,,"Microsoft-Windows-Hyper-V-VmSwitch-Operational","System.UInt32[]","System.Diagnostics.Eventing.Reader.EventBookmark","Information","Info",,"System.Collections.ObjectModel.ReadOnlyCollection`1[System.String]","System.Collections.Generic.List`1[System.Diagnostics.Eventing.Reader.EventProperty]"
"Status change (Nic Disconnected) sent to Nic 2A47AB2B-428E-4630-B652-19278E376527--0776D4C0-4519-4E7C-ACA1-D8B99D4EB99E (Friendly Name: ) on port 0776D4C0-4519-4E7C-ACA1-D8B99D4EB99E (Friendly Name: 0776D4C0-4519-4E7C-ACA1-D8B99D4EB99E) on switch 790E58B4-7939-4434-9358-89AE7DDBE87E (Friendly Name: WSL (Hyper-V firewall)). NicStatus: Nic Disconnected, Status: STATUS_SUCCESS","220","0",,"4","0","0","4611686018427388032","27455","Microsoft-Windows-Hyper-V-VmSwitch","67dc0d66-3695-47c0-9642-33f76f7bd7ad","Microsoft-Windows-Hyper-V-VmSwitch-Operational","30684","33908","<HOST>",,"25-02-2026 10:11:17 AM",,,"Microsoft-Windows-Hyper-V-VmSwitch-Operational","System.UInt32[]","System.Diagnostics.Eventing.Reader.EventBookmark","Information","Info",,"System.Collections.ObjectModel.ReadOnlyCollection`1[System.String]","System.Collections.Generic.List`1[System.Diagnostics.Eventing.Reader.EventProperty]"
"Vmbus Channel Callback Operation End

ChannelOperation: Channel Resume Completed.,
ChannelIndex: 0,
VM Running State: 2,
vmName: 2A47AB2B-428E-4630-B652-19278E376527,
vmFriendlyName: 2A47AB2B-428E-4630-B652-19278E376527,
nicName: 2A47AB2B-428E-4630-B652-19278E376527--0776D4C0-4519-4E7C-ACA1-D8B99D4EB99E,
nicFriendlyName: ,
switchName: 790E58B4-7939-4434-9358-89AE7DDBE87E,
switchFriendlyName: WSL (Hyper-V firewall),
delta (100 ns): 420","0","0",,"5","0","0","0","27454","Microsoft-Windows-Hyper-V-VmSwitch","67dc0d66-3695-47c0-9642-33f76f7bd7ad","Microsoft-Windows-Hyper-V-VmSwitch-Operational","4","31600","<HOST>","S-1-5-18","25-02-2026 10:11:17 AM",,,"Microsoft-Windows-Hyper-V-VmSwitch-Operational","System.UInt32[]","System.Diagnostics.Eventing.Reader.EventBookmark","5","0","Vmbus Channel Callback Operation End","System.Collections.ObjectModel.ReadOnlyCollection`1[System.String]","System.Collections.Generic.List`1[System.Diagnostics.Eventing.Reader.EventProperty]"
"Status change (Nic Connected) sent to Nic 2A47AB2B-428E-4630-B652-19278E376527--0776D4C0-4519-4E7C-ACA1-D8B99D4EB99E (Friendly Name: ) on port 0776D4C0-4519-4E7C-ACA1-D8B99D4EB99E (Friendly Name: 0776D4C0-4519-4E7C-ACA1-D8B99D4EB99E) on switch 790E58B4-7939-4434-9358-89AE7DDBE87E (Friendly Name: WSL (Hyper-V firewall)). NicStatus: Nic Connected, Status: {Drive Not Ready}
The drive is not ready for use; its door may be open. Please check drive %hs and make sure that a disk is inserted and that the drive door is closed.","220","0",,"4","0","0","4611686018427388032","27453","Microsoft-Windows-Hyper-V-VmSwitch","67dc0d66-3695-47c0-9642-33f76f7bd7ad","Microsoft-Windows-Hyper-V-VmSwitch-Operational","4","31600","<HOST>",,"25-02-2026 10:11:17 AM",,,"Microsoft-Windows-Hyper-V-VmSwitch-Operational","System.UInt32[]","System.Diagnostics.Eventing.Reader.EventBookmark","Information","Info",,"System.Collections.ObjectModel.ReadOnlyCollection`1[System.String]","System.Collections.Generic.List`1[System.Diagnostics.Eventing.Reader.EventProperty]"
"Status change (Nic Disconnected) sent to Nic 2A47AB2B-428E-4630-B652-19278E376527--0776D4C0-4519-4E7C-ACA1-D8B99D4EB99E (Friendly Name: ) on port 0776D4C0-4519-4E7C-ACA1-D8B99D4EB99E (Friendly Name: 0776D4C0-4519-4E7C-ACA1-D8B99D4EB99E) on switch 790E58B4-7939-4434-9358-89AE7DDBE87E (Friendly Name: WSL (Hyper-V firewall)). NicStatus: Nic Disconnected, Status: {Drive Not Ready}
The drive is not ready for use; its door may be open. Please check drive %hs and make sure that a disk is inserted and that the drive door is closed.","220","0",,"4","0","0","4611686018427388032","27452","Microsoft-Windows-Hyper-V-VmSwitch","67dc0d66-3695-47c0-9642-33f76f7bd7ad","Microsoft-Windows-Hyper-V-VmSwitch-Operational","4","31600","<HOST>",,"25-02-2026 10:11:17 AM",,,"Microsoft-Windows-Hyper-V-VmSwitch-Operational","System.UInt32[]","System.Diagnostics.Eventing.Reader.EventBookmark","Information","Info",,"System.Collections.ObjectModel.ReadOnlyCollection`1[System.String]","System.Collections.Generic.List`1[System.Diagnostics.Eventing.Reader.EventProperty]"
"Vmbus Channel Callback Operation Begin

ChannelOperation: Started Resuming the Channel,
ChannelIndex: 0,
VM Running State: 2,
vmName: 2A47AB2B-428E-4630-B652-19278E376527,
vmFriendlyName: 2A47AB2B-428E-4630-B652-19278E376527,
nicName: 2A47AB2B-428E-4630-B652-19278E376527--0776D4C0-4519-4E7C-ACA1-D8B99D4EB99E,
nicFriendlyName: ,
switchName: 790E58B4-7939-4434-9358-89AE7DDBE87E,
switchFriendlyName: WSL (Hyper-V firewall)","0","0",,"5","0","0","0","27451","Microsoft-Windows-Hyper-V-VmSwitch","67dc0d66-3695-47c0-9642-33f76f7bd7ad","Microsoft-Windows-Hyper-V-VmSwitch-Operational","4","31600","<HOST>","S-1-5-18","25-02-2026 10:11:17 AM",,,"Microsoft-Windows-Hyper-V-VmSwitch-Operational","System.UInt32[]","System.Diagnostics.Eventing.Reader.EventBookmark","5","0","Vmbus Channel Callback Operation Begin","System.Collections.ObjectModel.ReadOnlyCollection`1[System.String]","System.Collections.Generic.List`1[System.Diagnostics.Eventing.Reader.EventProperty]"
"Guest vDev Operation End

VmOperation: Completed Resume,
vmName: 2A47AB2B-428E-4630-B652-19278E376527,
vmFriendlyName: 2A47AB2B-428E-4630-B652-19278E376527,
nicName: 2A47AB2B-428E-4630-B652-19278E376527--0776D4C0-4519-4E7C-ACA1-D8B99D4EB99E,
nicFriendlyName: ,
switchName: 790E58B4-7939-4434-9358-89AE7DDBE87E,
switchFriendlyName: WSL (Hyper-V firewall),
delta (100 ns): 351","0","0",,"4","0","0","0","27450","Microsoft-Windows-Hyper-V-VmSwitch","67dc0d66-3695-47c0-9642-33f76f7bd7ad","Microsoft-Windows-Hyper-V-VmSwitch-Operational","30684","21012","<HOST>","S-1-5-83-1-709339947-1177567886-655970998-660944782","25-02-2026 10:11:17 AM",,,"Microsoft-Windows-Hyper-V-VmSwitch-Operational","System.UInt32[]","System.Diagnostics.Eventing.Reader.EventBookmark","4","0","Guest vDev Operation End","System.Collections.ObjectModel.ReadOnlyCollection`1[System.String]","System.Collections.Generic.List`1[System.Diagnostics.Eventing.Reader.EventProperty]"
"Guest vDev Operation End

VmOperation: Vmbus start completed,
vmName: 2A47AB2B-428E-4630-B652-19278E376527,
vmFriendlyName: 2A47AB2B-428E-4630-B652-19278E376527,
nicName: 2A47AB2B-428E-4630-B652-19278E376527--0776D4C0-4519-4E7C-ACA1-D8B99D4EB99E,
nicFriendlyName: ,
switchName: 790E58B4-7939-4434-9358-89AE7DDBE87E,
switchFriendlyName: WSL (Hyper-V firewall),
delta (100 ns): 235","0","0",,"4","0","0","0","27449","Microsoft-Windows-Hyper-V-VmSwitch","67dc0d66-3695-47c0-9642-33f76f7bd7ad","Microsoft-Windows-Hyper-V-VmSwitch-Operational","30684","21012","<HOST>","S-1-5-83-1-709339947-1177567886-655970998-660944782","25-02-2026 10:11:17 AM",,,"Microsoft-Windows-Hyper-V-VmSwitch-Operational","System.UInt32[]","System.Diagnostics.Eventing.Reader.EventBookmark","4","0","Guest vDev Operation End","System.Collections.ObjectModel.ReadOnlyCollection`1[System.String]","System.Collections.Generic.List`1[System.Diagnostics.Eventing.Reader.EventProperty]"
"Guest vDev Operation Begin

VmOperation: Vmbus start initiated,
vmName: 2A47AB2B-428E-4630-B652-19278E376527,
vmFriendlyName: 2A47AB2B-428E-4630-B652-19278E376527,
nicName: 2A47AB2B-428E-4630-B652-19278E376527--0776D4C0-4519-4E7C-ACA1-D8B99D4EB99E,
nicFriendlyName: ,
switchName: 790E58B4-7939-4434-9358-89AE7DDBE87E,
switchFriendlyName: WSL (Hyper-V firewall)","0","0",,"4","0","0","0","27448","Microsoft-Windows-Hyper-V-VmSwitch","67dc0d66-3695-47c0-9642-33f76f7bd7ad","Microsoft-Windows-Hyper-V-VmSwitch-Operational","30684","21012","<HOST>","S-1-5-83-1-709339947-1177567886-655970998-660944782","25-02-2026 10:11:17 AM",,,"Microsoft-Windows-Hyper-V-VmSwitch-Operational","System.UInt32[]","System.Diagnostics.Eventing.Reader.EventBookmark","4","0","Guest vDev Operation Begin","System.Collections.ObjectModel.ReadOnlyCollection`1[System.String]","System.Collections.Generic.List`1[System.Diagnostics.Eventing.Reader.EventProperty]"
"Guest vDev Operation Begin

VmOperation: Started Resume,
vmName: 2A47AB2B-428E-4630-B652-19278E376527,
vmFriendlyName: 2A47AB2B-428E-4630-B652-19278E376527,
nicName: 2A47AB2B-428E-4630-B652-19278E376527--0776D4C0-4519-4E7C-ACA1-D8B99D4EB99E,
nicFriendlyName: ,
switchName: 790E58B4-7939-4434-9358-89AE7DDBE87E,
switchFriendlyName: WSL (Hyper-V firewall)","0","0",,"4","0","0","0","27447","Microsoft-Windows-Hyper-V-VmSwitch","67dc0d66-3695-47c0-9642-33f76f7bd7ad","Microsoft-Windows-Hyper-V-VmSwitch-Operational","30684","21012","<HOST>","S-1-5-83-1-709339947-1177567886-655970998-660944782","25-02-2026 10:11:17 AM",,,"Microsoft-Windows-Hyper-V-VmSwitch-Operational","System.UInt32[]","System.Diagnostics.Eventing.Reader.EventBookmark","4","0","Guest vDev Operation Begin","System.Collections.ObjectModel.ReadOnlyCollection`1[System.String]","System.Collections.Generic.List`1[System.Diagnostics.Eventing.Reader.EventProperty]"
"Status change (IPSEC Disable) sent to Nic 2A47AB2B-428E-4630-B652-19278E376527--0776D4C0-4519-4E7C-ACA1-D8B99D4EB99E (Friendly Name: ) on port 0776D4C0-4519-4E7C-ACA1-D8B99D4EB99E (Friendly Name: 0776D4C0-4519-4E7C-ACA1-D8B99D4EB99E) on switch 790E58B4-7939-4434-9358-89AE7DDBE87E (Friendly Name: WSL (Hyper-V firewall)). NicStatus: IPSEC Disable, Status: {Drive Not Ready}
The drive is not ready for use; its door may be open. Please check drive %hs and make sure that a disk is inserted and that the drive door is closed.","220","0",,"4","0","0","4611686018427388032","27446","Microsoft-Windows-Hyper-V-VmSwitch","67dc0d66-3695-47c0-9642-33f76f7bd7ad","Microsoft-Windows-Hyper-V-VmSwitch-Operational","30684","21012","<HOST>",,"25-02-2026 10:11:17 AM",,,"Microsoft-Windows-Hyper-V-VmSwitch-Operational","System.UInt32[]","System.Diagnostics.Eventing.Reader.EventBookmark","Information","Info",,"System.Collections.ObjectModel.ReadOnlyCollection`1[System.String]","System.Collections.Generic.List`1[System.Diagnostics.Eventing.Reader.EventProperty]"
"Status change (Offload Change) sent to Nic 2A47AB2B-428E-4630-B652-19278E376527--0776D4C0-4519-4E7C-ACA1-D8B99D4EB99E (Friendly Name: ) on port 0776D4C0-4519-4E7C-ACA1-D8B99D4EB99E (Friendly Name: 0776D4C0-4519-4E7C-ACA1-D8B99D4EB99E) on switch 790E58B4-7939-4434-9358-89AE7DDBE87E (Friendly Name: WSL (Hyper-V firewall)). NicStatus: Offload Change, Status: {Drive Not Ready}
The drive is not ready for use; its door may be open. Please check drive %hs and make sure that a disk is inserted and that the drive door is closed.","220","0",,"4","0","0","4611686018427388032","27445","Microsoft-Windows-Hyper-V-VmSwitch","67dc0d66-3695-47c0-9642-33f76f7bd7ad","Microsoft-Windows-Hyper-V-VmSwitch-Operational","30684","21012","<HOST>",,"25-02-2026 10:11:17 AM",,,"Microsoft-Windows-Hyper-V-VmSwitch-Operational","System.UInt32[]","System.Diagnostics.Eventing.Reader.EventBookmark","Information","Info",,"System.Collections.ObjectModel.ReadOnlyCollection`1[System.String]","System.Collections.Generic.List`1[System.Diagnostics.Eventing.Reader.EventProperty]"
"Status change (Nic Connected) sent to Nic 2A47AB2B-428E-4630-B652-19278E376527--0776D4C0-4519-4E7C-ACA1-D8B99D4EB99E (Friendly Name: ) on port 0776D4C0-4519-4E7C-ACA1-D8B99D4EB99E (Friendly Name: 0776D4C0-4519-4E7C-ACA1-D8B99D4EB99E) on switch 790E58B4-7939-4434-9358-89AE7DDBE87E (Friendly Name: WSL (Hyper-V firewall)). NicStatus: Nic Connected, Status: {Drive Not Ready}
The drive is not ready for use; its door may be open. Please check drive %hs and make sure that a disk is inserted and that the drive door is closed.","220","0",,"4","0","0","4611686018427388032","27444","Microsoft-Windows-Hyper-V-VmSwitch","67dc0d66-3695-47c0-9642-33f76f7bd7ad","Microsoft-Windows-Hyper-V-VmSwitch-Operational","30684","21012","<HOST>",,"25-02-2026 10:11:17 AM",,,"Microsoft-Windows-Hyper-V-VmSwitch-Operational","System.UInt32[]","System.Diagnostics.Eventing.Reader.EventBookmark","Information","Info",,"System.Collections.ObjectModel.ReadOnlyCollection`1[System.String]","System.Collections.Generic.List`1[System.Diagnostics.Eventing.Reader.EventProperty]"
"Status change (Nic Disconnected) sent to Nic 2A47AB2B-428E-4630-B652-19278E376527--0776D4C0-4519-4E7C-ACA1-D8B99D4EB99E (Friendly Name: ) on port 0776D4C0-4519-4E7C-ACA1-D8B99D4EB99E (Friendly Name: 0776D4C0-4519-4E7C-ACA1-D8B99D4EB99E) on switch 790E58B4-7939-4434-9358-89AE7DDBE87E (Friendly Name: WSL (Hyper-V firewall)). NicStatus: Nic Disconnected, Status: {Drive Not Ready}
The drive is not ready for use; its door may be open. Please check drive %hs and make sure that a disk is inserted and that the drive door is closed.","220","0",,"4","0","0","4611686018427388032","27443","Microsoft-Windows-Hyper-V-VmSwitch","67dc0d66-3695-47c0-9642-33f76f7bd7ad","Microsoft-Windows-Hyper-V-VmSwitch-Operational","30684","21012","<HOST>",,"25-02-2026 10:11:17 AM",,,"Microsoft-Windows-Hyper-V-VmSwitch-Operational","System.UInt32[]","System.Diagnostics.Eventing.Reader.EventBookmark","Information","Info",,"System.Collections.ObjectModel.ReadOnlyCollection`1[System.String]","System.Collections.Generic.List`1[System.Diagnostics.Eventing.Reader.EventProperty]"
"V-Switch operation OID_GEN_STATISTICS (131334) took too long to complete. Operation Type: OID HOST VNIC. Execution time 0 ms. Queued time 0 ms. Expected execution time less than 0 ms. NicName: 790E58B4-7939-4434-9358-89AE7DDBE87F. NicFriendlyName: WSL (Hyper-V firewall).    ","285","0",,"3","0","0","4611686018427388032","27442","Microsoft-Windows-Hyper-V-VmSwitch","67dc0d66-3695-47c0-9642-33f76f7bd7ad","Microsoft-Windows-Hyper-V-VmSwitch-Operational","4","22360","<HOST>",,"25-02-2026 10:10:27 AM",,,"Microsoft-Windows-Hyper-V-VmSwitch-Operational","System.UInt32[]","System.Diagnostics.Eventing.Reader.EventBookmark","Warning","Info",,"System.Collections.ObjectModel.ReadOnlyCollection`1[System.String]","System.Collections.Generic.List`1[System.Diagnostics.Eventing.Reader.EventProperty]"
"V-Switch operation OID_GEN_STATISTICS (131334) took too long to complete. Operation Type: OID HOST VNIC. Execution time 0 ms. Queued time 0 ms. Expected execution time less than 0 ms. NicName: 790E58B4-7939-4434-9358-89AE7DDBE87F. NicFriendlyName: WSL (Hyper-V firewall).    ","285","0",,"3","0","0","4611686018427388032","27441","Microsoft-Windows-Hyper-V-VmSwitch","67dc0d66-3695-47c0-9642-33f76f7bd7ad","Microsoft-Windows-Hyper-V-VmSwitch-Operational","4","32284","<HOST>",,"25-02-2026 10:09:19 AM",,,"Microsoft-Windows-Hyper-V-VmSwitch-Operational","System.UInt32[]","System.Diagnostics.Eventing.Reader.EventBookmark","Warning","Info",,"System.Collections.ObjectModel.ReadOnlyCollection`1[System.String]","System.Collections.Generic.List`1[System.Diagnostics.Eventing.Reader.EventProperty]"
"V-Switch operation OID_GEN_STATISTICS (131334) took too long to complete. Operation Type: OID HOST VNIC. Execution time 0 ms. Queued time 0 ms. Expected execution time less than 0 ms. NicName: 790E58B4-7939-4434-9358-89AE7DDBE87F. NicFriendlyName: WSL (Hyper-V firewall).    ","285","0",,"3","0","0","4611686018427388032","27440","Microsoft-Windows-Hyper-V-VmSwitch","67dc0d66-3695-47c0-9642-33f76f7bd7ad","Microsoft-Windows-Hyper-V-VmSwitch-Operational","4","32284","<HOST>",,"25-02-2026 10:07:19 AM",,,"Microsoft-Windows-Hyper-V-VmSwitch-Operational","System.UInt32[]","System.Diagnostics.Eventing.Reader.EventBookmark","Warning","Info",,"System.Collections.ObjectModel.ReadOnlyCollection`1[System.String]","System.Collections.Generic.List`1[System.Diagnostics.Eventing.Reader.EventProperty]"
"V-Switch operation OID_GEN_STATISTICS (131334) took too long to complete. Operation Type: OID HOST VNIC. Execution time 0 ms. Queued time 0 ms. Expected execution time less than 0 ms. NicName: 790E58B4-7939-4434-9358-89AE7DDBE87F. NicFriendlyName: WSL (Hyper-V firewall).    ","285","0",,"3","0","0","4611686018427388032","27439","Microsoft-Windows-Hyper-V-VmSwitch","67dc0d66-3695-47c0-9642-33f76f7bd7ad","Microsoft-Windows-Hyper-V-VmSwitch-Operational","4","30604","<HOST>",,"25-02-2026 10:05:18 AM",,,"Microsoft-Windows-Hyper-V-VmSwitch-Operational","System.UInt32[]","System.Diagnostics.Eventing.Reader.EventBookmark","Warning","Info",,"System.Collections.ObjectModel.ReadOnlyCollection`1[System.String]","System.Collections.Generic.List`1[System.Diagnostics.Eventing.Reader.EventProperty]"
"V-Switch operation OID_GEN_STATISTICS (131334) took too long to complete. Operation Type: OID HOST VNIC. Execution time 0 ms. Queued time 0 ms. Expected execution time less than 0 ms. NicName: 790E58B4-7939-4434-9358-89AE7DDBE87F. NicFriendlyName: WSL (Hyper-V firewall).    ","285","0",,"3","0","0","4611686018427388032","27438","Microsoft-Windows-Hyper-V-VmSwitch","67dc0d66-3695-47c0-9642-33f76f7bd7ad","Microsoft-Windows-Hyper-V-VmSwitch-Operational","4","32060","<HOST>",,"25-02-2026 10:04:11 AM",,,"Microsoft-Windows-Hyper-V-VmSwitch-Operational","System.UInt32[]","System.Diagnostics.Eventing.Reader.EventBookmark","Warning","Info",,"System.Collections.ObjectModel.ReadOnlyCollection`1[System.String]","System.Collections.Generic.List`1[System.Diagnostics.Eventing.Reader.EventProperty]"
"V-Switch operation OID_GEN_STATISTICS (131334) took too long to complete. Operation Type: OID HOST VNIC. Execution time 0 ms. Queued time 0 ms. Expected execution time less than 0 ms. NicName: 790E58B4-7939-4434-9358-89AE7DDBE87F. NicFriendlyName: WSL (Hyper-V firewall).    ","285","0",,"3","0","0","4611686018427388032","27437","Microsoft-Windows-Hyper-V-VmSwitch","67dc0d66-3695-47c0-9642-33f76f7bd7ad","Microsoft-Windows-Hyper-V-VmSwitch-Operational","4","29064","<HOST>",,"25-02-2026 10:02:48 AM",,,"Microsoft-Windows-Hyper-V-VmSwitch-Operational","System.UInt32[]","System.Diagnostics.Eventing.Reader.EventBookmark","Warning","Info",,"System.Collections.ObjectModel.ReadOnlyCollection`1[System.String]","System.Collections.Generic.List`1[System.Diagnostics.Eventing.Reader.EventProperty]"
"V-Switch operation OID_GEN_STATISTICS (131334) took too long to complete. Operation Type: OID HOST VNIC. Execution time 0 ms. Queued time 0 ms. Expected execution time less than 0 ms. NicName: 790E58B4-7939-4434-9358-89AE7DDBE87F. NicFriendlyName: WSL (Hyper-V firewall).    ","285","0",,"3","0","0","4611686018427388032","27436","Microsoft-Windows-Hyper-V-VmSwitch","67dc0d66-3695-47c0-9642-33f76f7bd7ad","Microsoft-Windows-Hyper-V-VmSwitch-Operational","4","4680","<HOST>",,"25-02-2026 10:01:10 AM",,,"Microsoft-Windows-Hyper-V-VmSwitch-Operational","System.UInt32[]","System.Diagnostics.Eventing.Reader.EventBookmark","Warning","Info",,"System.Collections.ObjectModel.ReadOnlyCollection`1[System.String]","System.Collections.Generic.List`1[System.Diagnostics.Eventing.Reader.EventProperty]"
"V-Switch operation OID_GEN_STATISTICS (131334) took too long to complete. Operation Type: OID HOST VNIC. Execution time 0 ms. Queued time 0 ms. Expected execution time less than 0 ms. NicName: 790E58B4-7939-4434-9358-89AE7DDBE87F. NicFriendlyName: WSL (Hyper-V firewall).    ","285","0",,"3","0","0","4611686018427388032","27435","Microsoft-Windows-Hyper-V-VmSwitch","67dc0d66-3695-47c0-9642-33f76f7bd7ad","Microsoft-Windows-Hyper-V-VmSwitch-Operational","4","31024","<HOST>",,"25-02-2026 09:59:24 AM",,,"Microsoft-Windows-Hyper-V-VmSwitch-Operational","System.UInt32[]","System.Diagnostics.Eventing.Reader.EventBookmark","Warning","Info",,"System.Collections.ObjectModel.ReadOnlyCollection`1[System.String]","System.Collections.Generic.List`1[System.Diagnostics.Eventing.Reader.EventProperty]"
"V-Switch operation OID_GEN_STATISTICS (131334) took too long to complete. Operation Type: OID HOST VNIC. Execution time 0 ms. Queued time 0 ms. Expected execution time less than 0 ms. NicName: 790E58B4-7939-4434-9358-89AE7DDBE87F. NicFriendlyName: WSL (Hyper-V firewall).    ","285","0",,"3","0","0","4611686018427388032","27434","Microsoft-Windows-Hyper-V-VmSwitch","67dc0d66-3695-47c0-9642-33f76f7bd7ad","Microsoft-Windows-Hyper-V-VmSwitch-Operational","4","30644","<HOST>",,"25-02-2026 09:57:43 AM",,,"Microsoft-Windows-Hyper-V-VmSwitch-Operational","System.UInt32[]","System.Diagnostics.Eventing.Reader.EventBookmark","Warning","Info",,"System.Collections.ObjectModel.ReadOnlyCollection`1[System.String]","System.Collections.Generic.List`1[System.Diagnostics.Eventing.Reader.EventProperty]"
"V-Switch operation OID_GEN_STATISTICS (131334) took too long to complete. Operation Type: OID HOST VNIC. Execution time 0 ms. Queued time 0 ms. Expected execution time less than 0 ms. NicName: 790E58B4-7939-4434-9358-89AE7DDBE87F. NicFriendlyName: WSL (Hyper-V firewall).    ","285","0",,"3","0","0","4611686018427388032","27433","Microsoft-Windows-Hyper-V-VmSwitch","67dc0d66-3695-47c0-9642-33f76f7bd7ad","Microsoft-Windows-Hyper-V-VmSwitch-Operational","4","32312","<HOST>",,"25-02-2026 09:56:36 AM",,,"Microsoft-Windows-Hyper-V-VmSwitch-Operational","System.UInt32[]","System.Diagnostics.Eventing.Reader.EventBookmark","Warning","Info",,"System.Collections.ObjectModel.ReadOnlyCollection`1[System.String]","System.Collections.Generic.List`1[System.Diagnostics.Eventing.Reader.EventProperty]"
"V-Switch operation OID_GEN_STATISTICS (131334) took too long to complete. Operation Type: OID HOST VNIC. Execution time 0 ms. Queued time 0 ms. Expected execution time less than 0 ms. NicName: 790E58B4-7939-4434-9358-89AE7DDBE87F. NicFriendlyName: WSL (Hyper-V firewall).    ","285","0",,"3","0","0","4611686018427388032","27432","Microsoft-Windows-Hyper-V-VmSwitch","67dc0d66-3695-47c0-9642-33f76f7bd7ad","Microsoft-Windows-Hyper-V-VmSwitch-Operational","4","29996","<HOST>",,"25-02-2026 09:55:32 AM",,,"Microsoft-Windows-Hyper-V-VmSwitch-Operational","System.UInt32[]","System.Diagnostics.Eventing.Reader.EventBookmark","Warning","Info",,"System.Collections.ObjectModel.ReadOnlyCollection`1[System.String]","System.Collections.Generic.List`1[System.Diagnostics.Eventing.Reader.EventProperty]"
"V-Switch operation OID_GEN_STATISTICS (131334) took too long to complete. Operation Type: OID HOST VNIC. Execution time 0 ms. Queued time 0 ms. Expected execution time less than 0 ms. NicName: 790E58B4-7939-4434-9358-89AE7DDBE87F. NicFriendlyName: WSL (Hyper-V firewall).    ","285","0",,"3","0","0","4611686018427388032","27431","Microsoft-Windows-Hyper-V-VmSwitch","67dc0d66-3695-47c0-9642-33f76f7bd7ad","Microsoft-Windows-Hyper-V-VmSwitch-Operational","4","10040","<HOST>",,"25-02-2026 09:54:24 AM",,,"Microsoft-Windows-Hyper-V-VmSwitch-Operational","System.UInt32[]","System.Diagnostics.Eventing.Reader.EventBookmark","Warning","Info",,"System.Collections.ObjectModel.ReadOnlyCollection`1[System.String]","System.Collections.Generic.List`1[System.Diagnostics.Eventing.Reader.EventProperty]"
"V-Switch operation OID_GEN_STATISTICS (131334) took too long to complete. Operation Type: OID HOST VNIC. Execution time 0 ms. Queued time 0 ms. Expected execution time less than 0 ms. NicName: 790E58B4-7939-4434-9358-89AE7DDBE87F. NicFriendlyName: WSL (Hyper-V firewall).    ","285","0",,"3","0","0","4611686018427388032","27430","Microsoft-Windows-Hyper-V-VmSwitch","67dc0d66-3695-47c0-9642-33f76f7bd7ad","Microsoft-Windows-Hyper-V-VmSwitch-Operational","4","26276","<HOST>",,"25-02-2026 09:53:23 AM",,,"Microsoft-Windows-Hyper-V-VmSwitch-Operational","System.UInt32[]","System.Diagnostics.Eventing.Reader.EventBookmark","Warning","Info",,"System.Collections.ObjectModel.ReadOnlyCollection`1[System.String]","System.Collections.Generic.List`1[System.Diagnostics.Eventing.Reader.EventProperty]"
"V-Switch operation OID_GEN_STATISTICS (131334) took too long to complete. Operation Type: OID HOST VNIC. Execution time 0 ms. Queued time 0 ms. Expected execution time less than 0 ms. NicName: 790E58B4-7939-4434-9358-89AE7DDBE87F. NicFriendlyName: WSL (Hyper-V firewall).    ","285","0",,"3","0","0","4611686018427388032","27429","Microsoft-Windows-Hyper-V-VmSwitch","67dc0d66-3695-47c0-9642-33f76f7bd7ad","Microsoft-Windows-Hyper-V-VmSwitch-Operational","4","28860","<HOST>",,"25-02-2026 09:52:18 AM",,,"Microsoft-Windows-Hyper-V-VmSwitch-Operational","System.UInt32[]","System.Diagnostics.Eventing.Reader.EventBookmark","Warning","Info",,"System.Collections.ObjectModel.ReadOnlyCollection`1[System.String]","System.Collections.Generic.List`1[System.Diagnostics.Eventing.Reader.EventProperty]"
"V-Switch operation OID_GEN_STATISTICS (131334) took too long to complete. Operation Type: OID HOST VNIC. Execution time 0 ms. Queued time 0 ms. Expected execution time less than 0 ms. NicName: 790E58B4-7939-4434-9358-89AE7DDBE87F. NicFriendlyName: WSL (Hyper-V firewall).    ","285","0",,"3","0","0","4611686018427388032","27428","Microsoft-Windows-Hyper-V-VmSwitch","67dc0d66-3695-47c0-9642-33f76f7bd7ad","Microsoft-Windows-Hyper-V-VmSwitch-Operational","4","33260","<HOST>",,"25-02-2026 09:51:00 AM",,,"Microsoft-Windows-Hyper-V-VmSwitch-Operational","System.UInt32[]","System.Diagnostics.Eventing.Reader.EventBookmark","Warning","Info",,"System.Collections.ObjectModel.ReadOnlyCollection`1[System.String]","System.Collections.Generic.List`1[System.Diagnostics.Eventing.Reader.EventProperty]"
"V-Switch operation OID_GEN_STATISTICS (131334) took too long to complete. Operation Type: OID HOST VNIC. Execution time 0 ms. Queued time 0 ms. Expected execution time less than 0 ms. NicName: 790E58B4-7939-4434-9358-89AE7DDBE87F. NicFriendlyName: WSL (Hyper-V firewall).    ","285","0",,"3","0","0","4611686018427388032","27427","Microsoft-Windows-Hyper-V-VmSwitch","67dc0d66-3695-47c0-9642-33f76f7bd7ad","Microsoft-Windows-Hyper-V-VmSwitch-Operational","4","27836","<HOST>",,"25-02-2026 09:49:14 AM",,,"Microsoft-Windows-Hyper-V-VmSwitch-Operational","System.UInt32[]","System.Diagnostics.Eventing.Reader.EventBookmark","Warning","Info",,"System.Collections.ObjectModel.ReadOnlyCollection`1[System.String]","System.Collections.Generic.List`1[System.Diagnostics.Eventing.Reader.EventProperty]"
"V-Switch operation OID_GEN_STATISTICS (131334) took too long to complete. Operation Type: OID HOST VNIC. Execution time 0 ms. Queued time 0 ms. Expected execution time less than 0 ms. NicName: 790E58B4-7939-4434-9358-89AE7DDBE87F. NicFriendlyName: WSL (Hyper-V firewall).    ","285","0",,"3","0","0","4611686018427388032","27426","Microsoft-Windows-Hyper-V-VmSwitch","67dc0d66-3695-47c0-9642-33f76f7bd7ad","Microsoft-Windows-Hyper-V-VmSwitch-Operational","4","31600","<HOST>",,"25-02-2026 09:47:36 AM",,,"Microsoft-Windows-Hyper-V-VmSwitch-Operational","System.UInt32[]","System.Diagnostics.Eventing.Reader.EventBookmark","Warning","Info",,"System.Collections.ObjectModel.ReadOnlyCollection`1[System.String]","System.Collections.Generic.List`1[System.Diagnostics.Eventing.Reader.EventProperty]"
"V-Switch operation OID_GEN_STATISTICS (131334) took too long to complete. Operation Type: OID HOST VNIC. Execution time 0 ms. Queued time 0 ms. Expected execution time less than 0 ms. NicName: 790E58B4-7939-4434-9358-89AE7DDBE87F. NicFriendlyName: WSL (Hyper-V firewall).    ","285","0",,"3","0","0","4611686018427388032","27425","Microsoft-Windows-Hyper-V-VmSwitch","67dc0d66-3695-47c0-9642-33f76f7bd7ad","Microsoft-Windows-Hyper-V-VmSwitch-Operational","4","32452","<HOST>",,"25-02-2026 09:46:35 AM",,,"Microsoft-Windows-Hyper-V-VmSwitch-Operational","System.UInt32[]","System.Diagnostics.Eventing.Reader.EventBookmark","Warning","Info",,"System.Collections.ObjectModel.ReadOnlyCollection`1[System.String]","System.Collections.Generic.List`1[System.Diagnostics.Eventing.Reader.EventProperty]"
"V-Switch operation OID_GEN_STATISTICS (131334) took too long to complete. Operation Type: OID HOST VNIC. Execution time 0 ms. Queued time 0 ms. Expected execution time less than 0 ms. NicName: 790E58B4-7939-4434-9358-89AE7DDBE87F. NicFriendlyName: WSL (Hyper-V firewall).    ","285","0",,"3","0","0","4611686018427388032","27424","Microsoft-Windows-Hyper-V-VmSwitch","67dc0d66-3695-47c0-9642-33f76f7bd7ad","Microsoft-Windows-Hyper-V-VmSwitch-Operational","4","33680","<HOST>",,"25-02-2026 09:45:15 AM",,,"Microsoft-Windows-Hyper-V-VmSwitch-Operational","System.UInt32[]","System.Diagnostics.Eventing.Reader.EventBookmark","Warning","Info",,"System.Collections.ObjectModel.ReadOnlyCollection`1[System.String]","System.Collections.Generic.List`1[System.Diagnostics.Eventing.Reader.EventProperty]"
"V-Switch operation OID_GEN_STATISTICS (131334) took too long to complete. Operation Type: OID HOST VNIC. Execution time 0 ms. Queued time 0 ms. Expected execution time less than 0 ms. NicName: 790E58B4-7939-4434-9358-89AE7DDBE87F. NicFriendlyName: WSL (Hyper-V firewall).    ","285","0",,"3","0","0","4611686018427388032","27423","Microsoft-Windows-Hyper-V-VmSwitch","67dc0d66-3695-47c0-9642-33f76f7bd7ad","Microsoft-Windows-Hyper-V-VmSwitch-Operational","4","28136","<HOST>",,"25-02-2026 09:42:34 AM",,,"Microsoft-Windows-Hyper-V-VmSwitch-Operational","System.UInt32[]","System.Diagnostics.Eventing.Reader.EventBookmark","Warning","Info",,"System.Collections.ObjectModel.ReadOnlyCollection`1[System.String]","System.Collections.Generic.List`1[System.Diagnostics.Eventing.Reader.EventProperty]"
"V-Switch operation OID_GEN_STATISTICS (131334) took too long to complete. Operation Type: OID HOST VNIC. Execution time 0 ms. Queued time 0 ms. Expected execution time less than 0 ms. NicName: 790E58B4-7939-4434-9358-89AE7DDBE87F. NicFriendlyName: WSL (Hyper-V firewall).    ","285","0",,"3","0","0","4611686018427388032","27422","Microsoft-Windows-Hyper-V-VmSwitch","67dc0d66-3695-47c0-9642-33f76f7bd7ad","Microsoft-Windows-Hyper-V-VmSwitch-Operational","4","15764","<HOST>",,"25-02-2026 09:41:24 AM",,,"Microsoft-Windows-Hyper-V-VmSwitch-Operational","System.UInt32[]","System.Diagnostics.Eventing.Reader.EventBookmark","Warning","Info",,"System.Collections.ObjectModel.ReadOnlyCollection`1[System.String]","System.Collections.Generic.List`1[System.Diagnostics.Eventing.Reader.EventProperty]"
"V-Switch operation OID_GEN_STATISTICS (131334) took too long to complete. Operation Type: OID HOST VNIC. Execution time 0 ms. Queued time 0 ms. Expected execution time less than 0 ms. NicName: 790E58B4-7939-4434-9358-89AE7DDBE87F. NicFriendlyName: WSL (Hyper-V firewall).    ","285","0",,"3","0","0","4611686018427388032","27421","Microsoft-Windows-Hyper-V-VmSwitch","67dc0d66-3695-47c0-9642-33f76f7bd7ad","Microsoft-Windows-Hyper-V-VmSwitch-Operational","4","24140","<HOST>",,"25-02-2026 09:39:55 AM",,,"Microsoft-Windows-Hyper-V-VmSwitch-Operational","System.UInt32[]","System.Diagnostics.Eventing.Reader.EventBookmark","Warning","Info",,"System.Collections.ObjectModel.ReadOnlyCollection`1[System.String]","System.Collections.Generic.List`1[System.Diagnostics.Eventing.Reader.EventProperty]"
"V-Switch operation OID_GEN_STATISTICS (131334) took too long to complete. Operation Type: OID HOST VNIC. Execution time 0 ms. Queued time 0 ms. Expected execution time less than 0 ms. NicName: 790E58B4-7939-4434-9358-89AE7DDBE87F. NicFriendlyName: WSL (Hyper-V firewall).    ","285","0",,"3","0","0","4611686018427388032","27420","Microsoft-Windows-Hyper-V-VmSwitch","67dc0d66-3695-47c0-9642-33f76f7bd7ad","Microsoft-Windows-Hyper-V-VmSwitch-Operational","4","27012","<HOST>",,"25-02-2026 09:37:29 AM",,,"Microsoft-Windows-Hyper-V-VmSwitch-Operational","System.UInt32[]","System.Diagnostics.Eventing.Reader.EventBookmark","Warning","Info",,"System.Collections.ObjectModel.ReadOnlyCollection`1[System.String]","System.Collections.Generic.List`1[System.Diagnostics.Eventing.Reader.EventProperty]"
"V-Switch operation OID_GEN_STATISTICS (131334) took too long to complete. Operation Type: OID HOST VNIC. Execution time 0 ms. Queued time 0 ms. Expected execution time less than 0 ms. NicName: 790E58B4-7939-4434-9358-89AE7DDBE87F. NicFriendlyName: WSL (Hyper-V firewall).    ","285","0",,"3","0","0","4611686018427388032","27419","Microsoft-Windows-Hyper-V-VmSwitch","67dc0d66-3695-47c0-9642-33f76f7bd7ad","Microsoft-Windows-Hyper-V-VmSwitch-Operational","4","21316","<HOST>",,"25-02-2026 09:35:27 AM",,,"Microsoft-Windows-Hyper-V-VmSwitch-Operational","System.UInt32[]","System.Diagnostics.Eventing.Reader.EventBookmark","Warning","Info",,"System.Collections.ObjectModel.ReadOnlyCollection`1[System.String]","System.Collections.Generic.List`1[System.Diagnostics.Eventing.Reader.EventProperty]"
"V-Switch operation OID_GEN_STATISTICS (131334) took too long to complete. Operation Type: OID HOST VNIC. Execution time 0 ms. Queued time 0 ms. Expected execution time less than 0 ms. NicName: 790E58B4-7939-4434-9358-89AE7DDBE87F. NicFriendlyName: WSL (Hyper-V firewall).    ","285","0",,"3","0","0","4611686018427388032","27418","Microsoft-Windows-Hyper-V-VmSwitch","67dc0d66-3695-47c0-9642-33f76f7bd7ad","Microsoft-Windows-Hyper-V-VmSwitch-Operational","4","27836","<HOST>",,"25-02-2026 09:34:01 AM",,,"Microsoft-Windows-Hyper-V-VmSwitch-Operational","System.UInt32[]","System.Diagnostics.Eventing.Reader.EventBookmark","Warning","Info",,"System.Collections.ObjectModel.ReadOnlyCollection`1[System.String]","System.Collections.Generic.List`1[System.Diagnostics.Eventing.Reader.EventProperty]"
"V-Switch operation OID_GEN_STATISTICS (131334) took too long to complete. Operation Type: OID HOST VNIC. Execution time 0 ms. Queued time 0 ms. Expected execution time less than 0 ms. NicName: 790E58B4-7939-4434-9358-89AE7DDBE87F. NicFriendlyName: WSL (Hyper-V firewall).    ","285","0",,"3","0","0","4611686018427388032","27417","Microsoft-Windows-Hyper-V-VmSwitch","67dc0d66-3695-47c0-9642-33f76f7bd7ad","Microsoft-Windows-Hyper-V-VmSwitch-Operational","4","7992","<HOST>",,"25-02-2026 09:32:56 AM",,,"Microsoft-Windows-Hyper-V-VmSwitch-Operational","System.UInt32[]","System.Diagnostics.Eventing.Reader.EventBookmark","Warning","Info",,"System.Collections.ObjectModel.ReadOnlyCollection`1[System.String]","System.Collections.Generic.List`1[System.Diagnostics.Eventing.Reader.EventProperty]"
"V-Switch operation OID_GEN_STATISTICS (131334) took too long to complete. Operation Type: OID HOST VNIC. Execution time 0 ms. Queued time 0 ms. Expected execution time less than 0 ms. NicName: 790E58B4-7939-4434-9358-89AE7DDBE87F. NicFriendlyName: WSL (Hyper-V firewall).    ","285","0",,"3","0","0","4611686018427388032","27416","Microsoft-Windows-Hyper-V-VmSwitch","67dc0d66-3695-47c0-9642-33f76f7bd7ad","Microsoft-Windows-Hyper-V-VmSwitch-Operational","4","25688","<HOST>",,"25-02-2026 09:31:48 AM",,,"Microsoft-Windows-Hyper-V-VmSwitch-Operational","System.UInt32[]","System.Diagnostics.Eventing.Reader.EventBookmark","Warning","Info",,"System.Collections.ObjectModel.ReadOnlyCollection`1[System.String]","System.Collections.Generic.List`1[System.Diagnostics.Eventing.Reader.EventProperty]"
"V-Switch operation OID_GEN_STATISTICS (131334) took too long to complete. Operation Type: OID HOST VNIC. Execution time 0 ms. Queued time 0 ms. Expected execution time less than 0 ms. NicName: 790E58B4-7939-4434-9358-89AE7DDBE87F. NicFriendlyName: WSL (Hyper-V firewall).    ","285","0",,"3","0","0","4611686018427388032","27415","Microsoft-Windows-Hyper-V-VmSwitch","67dc0d66-3695-47c0-9642-33f76f7bd7ad","Microsoft-Windows-Hyper-V-VmSwitch-Operational","4","31600","<HOST>",,"25-02-2026 09:30:40 AM",,,"Microsoft-Windows-Hyper-V-VmSwitch-Operational","System.UInt32[]","System.Diagnostics.Eventing.Reader.EventBookmark","Warning","Info",,"System.Collections.ObjectModel.ReadOnlyCollection`1[System.String]","System.Collections.Generic.List`1[System.Diagnostics.Eventing.Reader.EventProperty]"
"V-Switch operation OID_GEN_STATISTICS (131334) took too long to complete. Operation Type: OID HOST VNIC. Execution time 0 ms. Queued time 0 ms. Expected execution time less than 0 ms. NicName: 790E58B4-7939-4434-9358-89AE7DDBE87F. NicFriendlyName: WSL (Hyper-V firewall).    ","285","0",,"3","0","0","4611686018427388032","27414","Microsoft-Windows-Hyper-V-VmSwitch","67dc0d66-3695-47c0-9642-33f76f7bd7ad","Microsoft-Windows-Hyper-V-VmSwitch-Operational","4","22864","<HOST>",,"25-02-2026 09:29:24 AM",,,"Microsoft-Windows-Hyper-V-VmSwitch-Operational","System.UInt32[]","System.Diagnostics.Eventing.Reader.EventBookmark","Warning","Info",,"System.Collections.ObjectModel.ReadOnlyCollection`1[System.String]","System.Collections.Generic.List`1[System.Diagnostics.Eventing.Reader.EventProperty]"
"V-Switch operation OID_GEN_STATISTICS (131334) took too long to complete. Operation Type: OID HOST VNIC. Execution time 0 ms. Queued time 0 ms. Expected execution time less than 0 ms. NicName: 790E58B4-7939-4434-9358-89AE7DDBE87F. NicFriendlyName: WSL (Hyper-V firewall).    ","285","0",,"3","0","0","4611686018427388032","27413","Microsoft-Windows-Hyper-V-VmSwitch","67dc0d66-3695-47c0-9642-33f76f7bd7ad","Microsoft-Windows-Hyper-V-VmSwitch-Operational","4","31600","<HOST>",,"25-02-2026 09:28:11 AM",,,"Microsoft-Windows-Hyper-V-VmSwitch-Operational","System.UInt32[]","System.Diagnostics.Eventing.Reader.EventBookmark","Warning","Info",,"System.Collections.ObjectModel.ReadOnlyCollection`1[System.String]","System.Collections.Generic.List`1[System.Diagnostics.Eventing.Reader.EventProperty]"
