"V-Switch operation OID_GEN_STATISTICS (131334) took too long to complete. Operation Type: OID HOST VNIC. Execution time 0 ms. Queued time 0 ms. Expected execution time less than 0 ms. NicName: 790E58B4-7939-4434-9358-89AE7DDBE87F. NicFriendlyName: WSL (Hyper-V firewall).    ","285","0",,"3","0","0","4611686018427388032","27301","Microsoft-Windows-Hyper-V-VmSwitch","67dc0d66-3695-47c0-9642-33f76f7bd7ad","Microsoft-Windows-Hyper-V-VmSwitch-Operational","4","29064","<HOST>",,"25-02-2026 08:21:36 AM",,,"Microsoft-Windows-Hyper-V-VmSwitch-Operational","System.UInt32[]","System.Diagnostics.Eventing.Reader.EventBookmark","Warning","Info",,"System.Collections.ObjectModel.ReadOnlyCollection`1[System.String]","System.Collections.Generic.List`1[System.Diagnostics.Eventing.Reader.EventProperty]"
"V-Switch operation OID_GEN_STATISTICS (131334) took too long to complete. Operation Type: OID HOST VNIC. Execution time 0 ms. Queued time 0 ms. Expected execution time less than 0 ms. NicName: 790E58B4-7939-4434-9358-89AE7DDBE87F. NicFriendlyName: WSL (Hyper-V firewall).    ","285","0",,"3","0","0","4611686018427388032","27300","Microsoft-Windows-Hyper-V-VmSwitch","67dc0d66-3695-47c0-9642-33f76f7bd7ad","Microsoft-Windows-Hyper-V-VmSwitch-Operational","4","16628","<HOST>",,"25-02-2026 08:19:50 AM",,,"Microsoft-Windows-Hyper-V-VmSwitch-Operational","System.UInt32[]","System.Diagnostics.Eventing.Reader.EventBookmark","Warning","Info",,"System.Collections.ObjectModel.ReadOnlyCollection`1[System.String]","System.Collections.Generic.List`1[System.Diagnostics.Eventing.Reader.EventProperty]"
"V-Switch operation OID_GEN_STATISTICS (131334) took too long to complete. Operation Type: OID HOST VNIC. Execution time 0 ms. Queued time 0 ms. Expected execution time less than 0 ms. NicName: 790E58B4-7939-4434-9358-89AE7DDBE87F. NicFriendlyName: WSL (Hyper-V firewall).    ","285","0",,"3","0","0","4611686018427388032","27299","Microsoft-Windows-Hyper-V-VmSwitch","67dc0d66-3695-47c0-9642-33f76f7bd7ad","Microsoft-Windows-Hyper-V-VmSwitch-Operational","4","29816","<HOST>",,"25-02-2026 08:18:50 AM",,,"Microsoft-Windows-Hyper-V-VmSwitch-Operational","System.UInt32[]","System.Diagnostics.Eventing.Reader.EventBookmark","Warning","Info",,"System.Collections.ObjectModel.ReadOnlyCollection`1[System.String]","System.Collections.Generic.List`1[System.Diagnostics.Eventing.Reader.EventProperty]"
"Status change (Offload Change) sent to Nic F6802355-1CF5-4A4D-9008-FDCC82D4584A--AA468D93-37FB-4EF2-9786-884C0169DDB5 (Friendly Name: ) on port AA468D93-37FB-4EF2-9786-884C0169DDB5 (Friendly Name: AA468D93-37FB-4EF2-9786-884C0169DDB5) on switch 790E58B4-7939-4434-9358-89AE7DDBE87E (Friendly Name: WSL (Hyper-V firewall)). NicStatus: Offload Change, Status: STATUS_SUCCESS","220","0",,"4","0","0","4611686018427388032","27298","Microsoft-Windows-Hyper-V-VmSwitch","67dc0d66-3695-47c0-9642-33f76f7bd7ad","Microsoft-Windows-Hyper-V-VmSwitch-Operational","4","21696","<HOST>",,"25-02-2026 08:18:23 AM",,,"Microsoft-Windows-Hyper-V-VmSwitch-Operational","System.UInt32[]","System.Diagnostics.Eventing.Reader.EventBookmark","Information","Info",,"System.Collections.ObjectModel.ReadOnlyCollection`1[System.String]","System.Collections.Generic.List`1[System.Diagnostics.Eventing.Reader.EventProperty]"
"Virtual RSS configuration update succeeded on NIC F6802355-1CF5-4A4D-9008-FDCC82D4584A--AA468D93-37FB-4EF2-9786-884C0169DDB5 (Friendly Name: ) of switch 790E58B4-7939-4434-9358-89AE7DDBE87E (Friendly Name: WSL (Hyper-V firewall)).","143","0",,"5","0","0","4611686018427388064","27297","Microsoft-Windows-Hyper-V-VmSwitch","67dc0d66-3695-47c0-9642-33f76f7bd7ad","Microsoft-Windows-Hyper-V-VmSwitch-Operational","4","21696","<HOST>","S-1-5-18","25-02-2026 08:17:47 AM",,,"Microsoft-Windows-Hyper-V-VmSwitch-Operational","System.UInt32[]","System.Diagnostics.Eventing.Reader.EventBookmark","Verbose","Info",,"System.Collections.ObjectModel.ReadOnlyCollection`1[System.String]","System.Collections.Generic.List`1[System.Diagnostics.Eventing.Reader.EventProperty]"
"Virtual RSS configuration update succeeded on NIC F6802355-1CF5-4A4D-9008-FDCC82D4584A--AA468D93-37FB-4EF2-9786-884C0169DDB5 (Friendly Name: ) of switch 790E58B4-7939-4434-9358-89AE7DDBE87E (Friendly Name: WSL (Hyper-V firewall)).","143","0",,"5","0","0","4611686018427388064","27296","Microsoft-Windows-Hyper-V-VmSwitch","67dc0d66-3695-47c0-9642-33f76f7bd7ad","Microsoft-Windows-Hyper-V-VmSwitch-Operational","4","21696","<HOST>","S-1-5-18","25-02-2026 08:17:47 AM",,,"Microsoft-Windows-Hyper-V-VmSwitch-Operational","System.UInt32[]","System.Diagnostics.Eventing.Reader.EventBookmark","Verbose","Info",,"System.Collections.ObjectModel.ReadOnlyCollection`1[System.String]","System.Collections.Generic.List`1[System.Diagnostics.Eventing.Reader.EventProperty]"
"Status change (Offload Change) sent to Nic F6802355-1CF5-4A4D-9008-FDCC82D4584A--AA468D93-37FB-4EF2-9786-884C0169DDB5 (Friendly Name: ) on port AA468D93-37FB-4EF2-9786-884C0169DDB5 (Friendly Name: AA468D93-37FB-4EF2-9786-884C0169DDB5) on switch 790E58B4-7939-4434-9358-89AE7DDBE87E (Friendly Name: WSL (Hyper-V firewall)). NicStatus: Offload Change, Status: STATUS_SUCCESS","220","0",,"4","0","0","4611686018427388032","27295","Microsoft-Windows-Hyper-V-VmSwitch","67dc0d66-3695-47c0-9642-33f76f7bd7ad","Microsoft-Windows-Hyper-V-VmSwitch-Operational","4","21696","<HOST>",,"25-02-2026 08:17:47 AM",,,"Microsoft-Windows-Hyper-V-VmSwitch-Operational","System.UInt32[]","System.Diagnostics.Eventing.Reader.EventBookmark","Information","Info",,"System.Collections.ObjectModel.ReadOnlyCollection`1[System.String]","System.Collections.Generic.List`1[System.Diagnostics.Eventing.Reader.EventProperty]"
"Status change (Offload Change) sent to Nic F6802355-1CF5-4A4D-9008-FDCC82D4584A--AA468D93-37FB-4EF2-9786-884C0169DDB5 (Friendly Name: ) on port AA468D93-37FB-4EF2-9786-884C0169DDB5 (Friendly Name: AA468D93-37FB-4EF2-9786-884C0169DDB5) on switch 790E58B4-7939-4434-9358-89AE7DDBE87E (Friendly Name: WSL (Hyper-V firewall)). NicStatus: Offload Change, Status: STATUS_SUCCESS","220","0",,"4","0","0","4611686018427388032","27294","Microsoft-Windows-Hyper-V-VmSwitch","67dc0d66-3695-47c0-9642-33f76f7bd7ad","Microsoft-Windows-Hyper-V-VmSwitch-Operational","0","0","<HOST>",,"25-02-2026 08:17:47 AM",,,"Microsoft-Windows-Hyper-V-VmSwitch-Operational","System.UInt32[]","System.Diagnostics.Eventing.Reader.EventBookmark","Information","Info",,"System.Collections.ObjectModel.ReadOnlyCollection`1[System.String]","System.Collections.Generic.List`1[System.Diagnostics.Eventing.Reader.EventProperty]"
"Status change (IPSEC Disable) sent to Nic F6802355-1CF5-4A4D-9008-FDCC82D4584A--AA468D93-37FB-4EF2-9786-884C0169DDB5 (Friendly Name: ) on port AA468D93-37FB-4EF2-9786-884C0169DDB5 (Friendly Name: AA468D93-37FB-4EF2-9786-884C0169DDB5) on switch 790E58B4-7939-4434-9358-89AE7DDBE87E (Friendly Name: WSL (Hyper-V firewall)). NicStatus: IPSEC Disable, Status: STATUS_SUCCESS","220","0",,"4","0","0","4611686018427388032","27293","Microsoft-Windows-Hyper-V-VmSwitch","67dc0d66-3695-47c0-9642-33f76f7bd7ad","Microsoft-Windows-Hyper-V-VmSwitch-Operational","0","0","<HOST>",,"25-02-2026 08:17:47 AM",,,"Microsoft-Windows-Hyper-V-VmSwitch-Operational","System.UInt32[]","System.Diagnostics.Eventing.Reader.EventBookmark","Information","Info",,"System.Collections.ObjectModel.ReadOnlyCollection`1[System.String]","System.Collections.Generic.List`1[System.Diagnostics.Eventing.Reader.EventProperty]"
"Status change (Nic Connected) sent to Nic F6802355-1CF5-4A4D-9008-FDCC82D4584A--AA468D93-37FB-4EF2-9786-884C0169DDB5 (Friendly Name: ) on port AA468D93-37FB-4EF2-9786-884C0169DDB5 (Friendly Name: AA468D93-37FB-4EF2-9786-884C0169DDB5) on switch 790E58B4-7939-4434-9358-89AE7DDBE87E (Friendly Name: WSL (Hyper-V firewall)). NicStatus: Nic Connected, Status: STATUS_SUCCESS","220","0",,"4","0","0","4611686018427388032","27292","Microsoft-Windows-Hyper-V-VmSwitch","67dc0d66-3695-47c0-9642-33f76f7bd7ad","Microsoft-Windows-Hyper-V-VmSwitch-Operational","0","0","<HOST>",,"25-02-2026 08:17:47 AM",,,"Microsoft-Windows-Hyper-V-VmSwitch-Operational","System.UInt32[]","System.Diagnostics.Eventing.Reader.EventBookmark","Information","Info",,"System.Collections.ObjectModel.ReadOnlyCollection`1[System.String]","System.Collections.Generic.List`1[System.Diagnostics.Eventing.Reader.EventProperty]"
"Status change (Nic Disconnected) sent to Nic F6802355-1CF5-4A4D-9008-FDCC82D4584A--AA468D93-37FB-4EF2-9786-884C0169DDB5 (Friendly Name: ) on port AA468D93-37FB-4EF2-9786-884C0169DDB5 (Friendly Name: AA468D93-37FB-4EF2-9786-884C0169DDB5) on switch 790E58B4-7939-4434-9358-89AE7DDBE87E (Friendly Name: WSL (Hyper-V firewall)). NicStatus: Nic Disconnected, Status: STATUS_SUCCESS","220","0",,"4","0","0","4611686018427388032","27291","Microsoft-Windows-Hyper-V-VmSwitch","67dc0d66-3695-47c0-9642-33f76f7bd7ad","Microsoft-Windows-Hyper-V-VmSwitch-Operational","0","0","<HOST>",,"25-02-2026 08:17:47 AM",,,"Microsoft-Windows-Hyper-V-VmSwitch-Operational","System.UInt32[]","System.Diagnostics.Eventing.Reader.EventBookmark","Information","Info",,"System.Collections.ObjectModel.ReadOnlyCollection`1[System.String]","System.Collections.Generic.List`1[System.Diagnostics.Eventing.Reader.EventProperty]"
"Vmbus Channel Callback Operation End

ChannelOperation: Channel Resume Completed.,
ChannelIndex: 0,
VM Running State: 2,
vmName: F6802355-1CF5-4A4D-9008-FDCC82D4584A,
vmFriendlyName: F6802355-1CF5-4A4D-9008-FDCC82D4584A,
nicName: F6802355-1CF5-4A4D-9008-FDCC82D4584A--AA468D93-37FB-4EF2-9786-884C0169DDB5,
nicFriendlyName: ,
switchName: 790E58B4-7939-4434-9358-89AE7DDBE87E,
switchFriendlyName: WSL (Hyper-V firewall),
delta (100 ns): 898","0","0",,"5","0","0","0","27290","Microsoft-Windows-Hyper-V-VmSwitch","67dc0d66-3695-47c0-9642-33f76f7bd7ad","Microsoft-Windows-Hyper-V-VmSwitch-Operational","4","29816","<HOST>","S-1-5-18","25-02-2026 08:17:47 AM",,,"Microsoft-Windows-Hyper-V-VmSwitch-Operational","System.UInt32[]","System.Diagnostics.Eventing.Reader.EventBookmark","5","0","Vmbus Channel Callback Operation End","System.Collections.ObjectModel.ReadOnlyCollection`1[System.String]","System.Collections.Generic.List`1[System.Diagnostics.Eventing.Reader.EventProperty]"
"Status change (Nic Connected) sent to Nic F6802355-1CF5-4A4D-9008-FDCC82D4584A--AA468D93-37FB-4EF2-9786-884C0169DDB5 (Friendly Name: ) on port AA468D93-37FB-4EF2-9786-884C0169DDB5 (Friendly Name: AA468D93-37FB-4EF2-9786-884C0169DDB5) on switch 790E58B4-7939-4434-9358-89AE7DDBE87E (Friendly Name: WSL (Hyper-V firewall)). NicStatus: Nic Connected, Status: {Drive Not Ready}
The drive is not ready for use; its door may be open. Please check drive %hs and make sure that a disk is inserted and that the drive door is closed.","220","0",,"4","0","0","4611686018427388032","27289","Microsoft-Windows-Hyper-V-VmSwitch","67dc0d66-3695-47c0-9642-33f76f7bd7ad","Microsoft-Windows-Hyper-V-VmSwitch-Operational","4","29816","<HOST>",,"25-02-2026 08:17:47 AM",,,"Microsoft-Windows-Hyper-V-VmSwitch-Operational","System.UInt32[]","System.Diagnostics.Eventing.Reader.EventBookmark","Information","Info",,"System.Collections.ObjectModel.ReadOnlyCollection`1[System.String]","System.Collections.Generic.List`1[System.Diagnostics.Eventing.Reader.EventProperty]"
"Status change (Nic Disconnected) sent to Nic F6802355-1CF5-4A4D-9008-FDCC82D4584A--AA468D93-37FB-4EF2-9786-884C0169DDB5 (Friendly Name: ) on port AA468D93-37FB-4EF2-9786-884C0169DDB5 (Friendly Name: AA468D93-37FB-4EF2-9786-884C0169DDB5) on switch 790E58B4-7939-4434-9358-89AE7DDBE87E (Friendly Name: WSL (Hyper-V firewall)). NicStatus: Nic Disconnected, Status: {Drive Not Ready}
The drive is not ready for use; its door may be open. Please check drive %hs and make sure that a disk is inserted and that the drive door is closed.","220","0",,"4","0","0","4611686018427388032","27288","Microsoft-Windows-Hyper-V-VmSwitch","67dc0d66-3695-47c0-9642-33f76f7bd7ad","Microsoft-Windows-Hyper-V-VmSwitch-Operational","4","29816","<HOST>",,"25-02-2026 08:17:47 AM",,,"Microsoft-Windows-Hyper-V-VmSwitch-Operational","System.UInt32[]","System.Diagnostics.Eventing.Reader.EventBookmark","Information","Info",,"System.Collections.ObjectModel.ReadOnlyCollection`1[System.String]","System.Collections.Generic.List`1[System.Diagnostics.Eventing.Reader.EventProperty]"
"Vmbus Channel Callback Operation Begin

ChannelOperation: Started Resuming the Channel,
ChannelIndex: 0,
VM Running State: 2,
vmName: F6802355-1CF5-4A4D-9008-FDCC82D4584A,
vmFriendlyName: F6802355-1CF5-4A4D-9008-FDCC82D4584A,
nicName: F6802355-1CF5-4A4D-9008-FDCC82D4584A--AA468D93-37FB-4EF2-9786-884C0169DDB5,
nicFriendlyName: ,
switchName: 790E58B4-7939-4434-9358-89AE7DDBE87E,
switchFriendlyName: WSL (Hyper-V firewall)","0","0",,"5","0","0","0","27287","Microsoft-Windows-Hyper-V-VmSwitch","67dc0d66-3695-47c0-9642-33f76f7bd7ad","Microsoft-Windows-Hyper-V-VmSwitch-Operational","4","29816","<HOST>","S-1-5-18","25-02-2026 08:17:47 AM",,,"Microsoft-Windows-Hyper-V-VmSwitch-Operational","System.UInt32[]","System.Diagnostics.Eventing.Reader.EventBookmark","5","0","Vmbus Channel Callback Operation Begin","System.Collections.ObjectModel.ReadOnlyCollection`1[System.String]","System.Collections.Generic.List`1[System.Diagnostics.Eventing.Reader.EventProperty]"
"Guest vDev Operation End

VmOperation: Completed Resume,
vmName: F6802355-1CF5-4A4D-9008-FDCC82D4584A,
vmFriendlyName: F6802355-1CF5-4A4D-9008-FDCC82D4584A,
nicName: F6802355-1CF5-4A4D-9008-FDCC82D4584A--AA468D93-37FB-4EF2-9786-884C0169DDB5,
nicFriendlyName: ,
switchName: 790E58B4-7939-4434-9358-89AE7DDBE87E,
switchFriendlyName: WSL (Hyper-V firewall),
delta (100 ns): 319","0","0",,"4","0","0","0","27286","Microsoft-Windows-Hyper-V-VmSwitch","67dc0d66-3695-47c0-9642-33f76f7bd7ad","Microsoft-Windows-Hyper-V-VmSwitch-Operational","29544","15940","<HOST>","S-1-5-83-1-4135592789-1246567669-3439134864-1247335554","25-02-2026 08:17:47 AM",,,"Microsoft-Windows-Hyper-V-VmSwitch-Operational","System.UInt32[]","System.Diagnostics.Eventing.Reader.EventBookmark","4","0","Guest vDev Operation End","System.Collections.ObjectModel.ReadOnlyCollection`1[System.String]","System.Collections.Generic.List`1[System.Diagnostics.Eventing.Reader.EventProperty]"
"Guest vDev Operation End

VmOperation: Vmbus start completed,
vmName: F6802355-1CF5-4A4D-9008-FDCC82D4584A,
vmFriendlyName: F6802355-1CF5-4A4D-9008-FDCC82D4584A,
nicName: F6802355-1CF5-4A4D-9008-FDCC82D4584A--AA468D93-37FB-4EF2-9786-884C0169DDB5,
nicFriendlyName: ,
switchName: 790E58B4-7939-4434-9358-89AE7DDBE87E,
switchFriendlyName: WSL (Hyper-V firewall),
delta (100 ns): 218","0","0",,"4","0","0","0","27285","Microsoft-Windows-Hyper-V-VmSwitch","67dc0d66-3695-47c0-9642-33f76f7bd7ad","Microsoft-Windows-Hyper-V-VmSwitch-Operational","29544","15940","<HOST>","S-1-5-83-1-4135592789-1246567669-3439134864-1247335554","25-02-2026 08:17:47 AM",,,"Microsoft-Windows-Hyper-V-VmSwitch-Operational","System.UInt32[]","System.Diagnostics.Eventing.Reader.EventBookmark","4","0","Guest vDev Operation End","System.Collections.ObjectModel.ReadOnlyCollection`1[System.String]","System.Collections.Generic.List`1[System.Diagnostics.Eventing.Reader.EventProperty]"
"Guest vDev Operation Begin

VmOperation: Vmbus start initiated,
vmName: F6802355-1CF5-4A4D-9008-FDCC82D4584A,
vmFriendlyName: F6802355-1CF5-4A4D-9008-FDCC82D4584A,
nicName: F6802355-1CF5-4A4D-9008-FDCC82D4584A--AA468D93-37FB-4EF2-9786-884C0169DDB5,
nicFriendlyName: ,
switchName: 790E58B4-7939-4434-9358-89AE7DDBE87E,
switchFriendlyName: WSL (Hyper-V firewall)","0","0",,"4","0","0","0","27284","Microsoft-Windows-Hyper-V-VmSwitch","67dc0d66-3695-47c0-9642-33f76f7bd7ad","Microsoft-Windows-Hyper-V-VmSwitch-Operational","29544","15940","<HOST>","S-1-5-83-1-4135592789-1246567669-3439134864-1247335554","25-02-2026 08:17:47 AM",,,"Microsoft-Windows-Hyper-V-VmSwitch-Operational","System.UInt32[]","System.Diagnostics.Eventing.Reader.EventBookmark","4","0","Guest vDev Operation Begin","System.Collections.ObjectModel.ReadOnlyCollection`1[System.String]","System.Collections.Generic.List`1[System.Diagnostics.Eventing.Reader.EventProperty]"
"Guest vDev Operation Begin

VmOperation: Started Resume,
vmName: F6802355-1CF5-4A4D-9008-FDCC82D4584A,
vmFriendlyName: F6802355-1CF5-4A4D-9008-FDCC82D4584A,
nicName: F6802355-1CF5-4A4D-9008-FDCC82D4584A--AA468D93-37FB-4EF2-9786-884C0169DDB5,
nicFriendlyName: ,
switchName: 790E58B4-7939-4434-9358-89AE7DDBE87E,
switchFriendlyName: WSL (Hyper-V firewall)","0","0",,"4","0","0","0","27283","Microsoft-Windows-Hyper-V-VmSwitch","67dc0d66-3695-47c0-9642-33f76f7bd7ad","Microsoft-Windows-Hyper-V-VmSwitch-Operational","29544","15940","<HOST>","S-1-5-83-1-4135592789-1246567669-3439134864-1247335554","25-02-2026 08:17:47 AM",,,"Microsoft-Windows-Hyper-V-VmSwitch-Operational","System.UInt32[]","System.Diagnostics.Eventing.Reader.EventBookmark","4","0","Guest vDev Operation Begin","System.Collections.ObjectModel.ReadOnlyCollection`1[System.String]","System.Collections.Generic.List`1[System.Diagnostics.Eventing.Reader.EventProperty]"
"Status change (IPSEC Disable) sent to Nic F6802355-1CF5-4A4D-9008-FDCC82D4584A--AA468D93-37FB-4EF2-9786-884C0169DDB5 (Friendly Name: ) on port AA468D93-37FB-4EF2-9786-884C0169DDB5 (Friendly Name: AA468D93-37FB-4EF2-9786-884C0169DDB5) on switch 790E58B4-7939-4434-9358-89AE7DDBE87E (Friendly Name: WSL (Hyper-V firewall)). NicStatus: IPSEC Disable, Status: {Drive Not Ready}
The drive is not ready for use; its door may be open. Please check drive %hs and make sure that a disk is inserted and that the drive door is closed.","220","0",,"4","0","0","4611686018427388032","27282","Microsoft-Windows-Hyper-V-VmSwitch","67dc0d66-3695-47c0-9642-33f76f7bd7ad","Microsoft-Windows-Hyper-V-VmSwitch-Operational","29544","15940","<HOST>",,"25-02-2026 08:17:47 AM",,,"Microsoft-Windows-Hyper-V-VmSwitch-Operational","System.UInt32[]","System.Diagnostics.Eventing.Reader.EventBookmark","Information","Info",,"System.Collections.ObjectModel.ReadOnlyCollection`1[System.String]","System.Collections.Generic.List`1[System.Diagnostics.Eventing.Reader.EventProperty]"
"Status change (Offload Change) sent to Nic F6802355-1CF5-4A4D-9008-FDCC82D4584A--AA468D93-37FB-4EF2-9786-884C0169DDB5 (Friendly Name: ) on port AA468D93-37FB-4EF2-9786-884C0169DDB5 (Friendly Name: AA468D93-37FB-4EF2-9786-884C0169DDB5) on switch 790E58B4-7939-4434-9358-89AE7DDBE87E (Friendly Name: WSL (Hyper-V firewall)). NicStatus: Offload Change, Status: {Drive Not Ready}
The drive is not ready for use; its door may be open. Please check drive %hs and make sure that a disk is inserted and that the drive door is closed.","220","0",,"4","0","0","4611686018427388032","27281","Microsoft-Windows-Hyper-V-VmSwitch","67dc0d66-3695-47c0-9642-33f76f7bd7ad","Microsoft-Windows-Hyper-V-VmSwitch-Operational","29544","15940","<HOST>",,"25-02-2026 08:17:47 AM",,,"Microsoft-Windows-Hyper-V-VmSwitch-Operational","System.UInt32[]","System.Diagnostics.Eventing.Reader.EventBookmark","Information","Info",,"System.Collections.ObjectModel.ReadOnlyCollection`1[System.String]","System.Collections.Generic.List`1[System.Diagnostics.Eventing.Reader.EventProperty]"
"Status change (Nic Connected) sent to Nic F6802355-1CF5-4A4D-9008-FDCC82D4584A--AA468D93-37FB-4EF2-9786-884C0169DDB5 (Friendly Name: ) on port AA468D93-37FB-4EF2-9786-884C0169DDB5 (Friendly Name: AA468D93-37FB-4EF2-9786-884C0169DDB5) on switch 790E58B4-7939-4434-9358-89AE7DDBE87E (Friendly Name: WSL (Hyper-V firewall)). NicStatus: Nic Connected, Status: {Drive Not Ready}
The drive is not ready for use; its door may be open. Please check drive %hs and make sure that a disk is inserted and that the drive door is closed.","220","0",,"4","0","0","4611686018427388032","27280","Microsoft-Windows-Hyper-V-VmSwitch","67dc0d66-3695-47c0-9642-33f76f7bd7ad","Microsoft-Windows-Hyper-V-VmSwitch-Operational","29544","15940","<HOST>",,"25-02-2026 08:17:47 AM",,,"Microsoft-Windows-Hyper-V-VmSwitch-Operational","System.UInt32[]","System.Diagnostics.Eventing.Reader.EventBookmark","Information","Info",,"System.Collections.ObjectModel.ReadOnlyCollection`1[System.String]","System.Collections.Generic.List`1[System.Diagnostics.Eventing.Reader.EventProperty]"
"Status change (Nic Disconnected) sent to Nic F6802355-1CF5-4A4D-9008-FDCC82D4584A--AA468D93-37FB-4EF2-9786-884C0169DDB5 (Friendly Name: ) on port AA468D93-37FB-4EF2-9786-884C0169DDB5 (Friendly Name: AA468D93-37FB-4EF2-9786-884C0169DDB5) on switch 790E58B4-7939-4434-9358-89AE7DDBE87E (Friendly Name: WSL (Hyper-V firewall)). NicStatus: Nic Disconnected, Status: {Drive Not Ready}
The drive is not ready for use; its door may be open. Please check drive %hs and make sure that a disk is inserted and that the drive door is closed.","220","0",,"4","0","0","4611686018427388032","27279","Microsoft-Windows-Hyper-V-VmSwitch","67dc0d66-3695-47c0-9642-33f76f7bd7ad","Microsoft-Windows-Hyper-V-VmSwitch-Operational","29544","15940","<HOST>",,"25-02-2026 08:17:47 AM",,,"Microsoft-Windows-Hyper-V-VmSwitch-Operational","System.UInt32[]","System.Diagnostics.Eventing.Reader.EventBookmark","Information","Info",,"System.Collections.ObjectModel.ReadOnlyCollection`1[System.String]","System.Collections.Generic.List`1[System.Diagnostics.Eventing.Reader.EventProperty]"
"V-Switch operation OID_SWITCH_PORT_CREATE (66168) took too long to complete. Operation Type: OID EXT STACK. Execution time 3 ms. Queued time 0 ms. Expected execution time less than 0 ms.    .    .    ","285","0",,"3","0","0","4611686018427388032","27278","Microsoft-Windows-Hyper-V-VmSwitch","67dc0d66-3695-47c0-9642-33f76f7bd7ad","Microsoft-Windows-Hyper-V-VmSwitch-Operational","2936","25112","<HOST>",,"25-02-2026 08:17:47 AM",,,"Microsoft-Windows-Hyper-V-VmSwitch-Operational","System.UInt32[]","System.Diagnostics.Eventing.Reader.EventBookmark","Warning","Info",,"System.Collections.ObjectModel.ReadOnlyCollection`1[System.String]","System.Collections.Generic.List`1[System.Diagnostics.Eventing.Reader.EventProperty]"
"V-Switch operation OID_GEN_STATISTICS (131334) took too long to complete. Operation Type: OID HOST VNIC. Execution time 0 ms. Queued time 0 ms. Expected execution time less than 0 ms. NicName: 790E58B4-7939-4434-9358-89AE7DDBE87F. NicFriendlyName: WSL (Hyper-V firewall).    ","285","0",,"3","0","0","4611686018427388032","27277","Microsoft-Windows-Hyper-V-VmSwitch","67dc0d66-3695-47c0-9642-33f76f7bd7ad","Microsoft-Windows-Hyper-V-VmSwitch-Operational","4","29816","<HOST>",,"25-02-2026 08:16:46 AM",,,"Microsoft-Windows-Hyper-V-VmSwitch-Operational","System.UInt32[]","System.Diagnostics.Eventing.Reader.EventBookmark","Warning","Info",,"System.Collections.ObjectModel.ReadOnlyCollection`1[System.String]","System.Collections.Generic.List`1[System.Diagnostics.Eventing.Reader.EventProperty]"
"V-Switch operation OID_GEN_STATISTICS (131334) took too long to complete. Operation Type: OID HOST VNIC. Execution time 0 ms. Queued time 0 ms. Expected execution time less than 0 ms. NicName: 790E58B4-7939-4434-9358-89AE7DDBE87F. NicFriendlyName: WSL (Hyper-V firewall).    ","285","0",,"3","0","0","4611686018427388032","27276","Microsoft-Windows-Hyper-V-VmSwitch","67dc0d66-3695-47c0-9642-33f76f7bd7ad","Microsoft-Windows-Hyper-V-VmSwitch-Operational","4","33564","<HOST>",,"25-02-2026 08:15:42 AM",,,"Microsoft-Windows-Hyper-V-VmSwitch-Operational","System.UInt32[]","System.Diagnostics.Eventing.Reader.EventBookmark","Warning","Info",,"System.Collections.ObjectModel.ReadOnlyCollection`1[System.String]","System.Collections.Generic.List`1[System.Diagnostics.Eventing.Reader.EventProperty]"
"Guest vDev Operation End

VmOperation: Completed Pause,
vmName: 071FE839-0B66-4F15-A896-480CE726FAD1,
vmFriendlyName: 071FE839-0B66-4F15-A896-480CE726FAD1,
nicName: 071FE839-0B66-4F15-A896-480CE726FAD1--DF106325-59F5-4802-82E2-A57FF6C63B9D,
nicFriendlyName: ,
switchName: ,
switchFriendlyName: ,
delta (100 ns): 6556","0","0",,"4","0","0","0","27275","Microsoft-Windows-Hyper-V-VmSwitch","67dc0d66-3695-47c0-9642-33f76f7bd7ad","Microsoft-Windows-Hyper-V-VmSwitch-Operational","13752","22600","<HOST>","S-1-5-83-1-119531577-1326779238-206083752-3522832103","25-02-2026 08:14:47 AM",,,"Microsoft-Windows-Hyper-V-VmSwitch-Operational","System.UInt32[]","System.Diagnostics.Eventing.Reader.EventBookmark","4","0","Guest vDev Operation End","System.Collections.ObjectModel.ReadOnlyCollection`1[System.String]","System.Collections.Generic.List`1[System.Diagnostics.Eventing.Reader.EventProperty]"
"Guest vDev Operation End

VmOperation: Vmbus pause completed,
vmName: 071FE839-0B66-4F15-A896-480CE726FAD1,
vmFriendlyName: 071FE839-0B66-4F15-A896-480CE726FAD1,
nicName: 071FE839-0B66-4F15-A896-480CE726FAD1--DF106325-59F5-4802-82E2-A57FF6C63B9D,
nicFriendlyName: ,
switchName: ,
switchFriendlyName: ,
delta (100 ns): 6335","0","0",,"4","0","0","0","27274","Microsoft-Windows-Hyper-V-VmSwitch","67dc0d66-3695-47c0-9642-33f76f7bd7ad","Microsoft-Windows-Hyper-V-VmSwitch-Operational","13752","22600","<HOST>","S-1-5-83-1-119531577-1326779238-206083752-3522832103","25-02-2026 08:14:47 AM",,,"Microsoft-Windows-Hyper-V-VmSwitch-Operational","System.UInt32[]","System.Diagnostics.Eventing.Reader.EventBookmark","4","0","Guest vDev Operation End","System.Collections.ObjectModel.ReadOnlyCollection`1[System.String]","System.Collections.Generic.List`1[System.Diagnostics.Eventing.Reader.EventProperty]"
"Vmbus Channel Callback Operation End

ChannelOperation: Channel Pause completed,
ChannelIndex: 0,
VM Running State: 4,
vmName: 071FE839-0B66-4F15-A896-480CE726FAD1,
vmFriendlyName: 071FE839-0B66-4F15-A896-480CE726FAD1,
nicName: 071FE839-0B66-4F15-A896-480CE726FAD1--DF106325-59F5-4802-82E2-A57FF6C63B9D,
nicFriendlyName: ,
switchName: ,
switchFriendlyName: ,
delta (100 ns): 299","0","0",,"5","0","0","0","27273","Microsoft-Windows-Hyper-V-VmSwitch","67dc0d66-3695-47c0-9642-33f76f7bd7ad","Microsoft-Windows-Hyper-V-VmSwitch-Operational","13752","22600","<HOST>","S-1-5-83-1-119531577-1326779238-206083752-3522832103","25-02-2026 08:14:47 AM",,,"Microsoft-Windows-Hyper-V-VmSwitch-Operational","System.UInt32[]","System.Diagnostics.Eventing.Reader.EventBookmark","5","0","Vmbus Channel Callback Operation End","System.Collections.ObjectModel.ReadOnlyCollection`1[System.String]","System.Collections.Generic.List`1[System.Diagnostics.Eventing.Reader.EventProperty]"
"Vmbus Channel Callback Operation Begin

ChannelOperation: Started Pausing the Channel,
ChannelIndex: 0,
VM Running State: 4,
vmName: 071FE839-0B66-4F15-A896-480CE726FAD1,
vmFriendlyName: 071FE839-0B66-4F15-A896-480CE726FAD1,
nicName: 071FE839-0B66-4F15-A896-480CE726FAD1--DF106325-59F5-4802-82E2-A57FF6C63B9D,
nicFriendlyName: ,
switchName: ,
switchFriendlyName: ","0","0",,"5","0","0","0","27272","Microsoft-Windows-Hyper-V-VmSwitch","67dc0d66-3695-47c0-9642-33f76f7bd7ad","Microsoft-Windows-Hyper-V-VmSwitch-Operational","13752","22600","<HOST>","S-1-5-83-1-119531577-1326779238-206083752-3522832103","25-02-2026 08:14:47 AM",,,"Microsoft-Windows-Hyper-V-VmSwitch-Operational","System.UInt32[]","System.Diagnostics.Eventing.Reader.EventBookmark","5","0","Vmbus Channel Callback Operation Begin","System.Collections.ObjectModel.ReadOnlyCollection`1[System.String]","System.Collections.Generic.List`1[System.Diagnostics.Eventing.Reader.EventProperty]"
"Guest vDev Operation Begin

VmOperation: Vmbus pause initiated,
vmName: 071FE839-0B66-4F15-A896-480CE726FAD1,
vmFriendlyName: 071FE839-0B66-4F15-A896-480CE726FAD1,
nicName: 071FE839-0B66-4F15-A896-480CE726FAD1--DF106325-59F5-4802-82E2-A57FF6C63B9D,
nicFriendlyName: ,
switchName: ,
switchFriendlyName: ","0","0",,"4","0","0","0","27271","Microsoft-Windows-Hyper-V-VmSwitch","67dc0d66-3695-47c0-9642-33f76f7bd7ad","Microsoft-Windows-Hyper-V-VmSwitch-Operational","13752","22600","<HOST>","S-1-5-83-1-119531577-1326779238-206083752-3522832103","25-02-2026 08:14:47 AM",,,"Microsoft-Windows-Hyper-V-VmSwitch-Operational","System.UInt32[]","System.Diagnostics.Eventing.Reader.EventBookmark","4","0","Guest vDev Operation Begin","System.Collections.ObjectModel.ReadOnlyCollection`1[System.String]","System.Collections.Generic.List`1[System.Diagnostics.Eventing.Reader.EventProperty]"
"Guest vDev Operation Begin

VmOperation: Started Pausing,
vmName: 071FE839-0B66-4F15-A896-480CE726FAD1,
vmFriendlyName: 071FE839-0B66-4F15-A896-480CE726FAD1,
nicName: 071FE839-0B66-4F15-A896-480CE726FAD1--DF106325-59F5-4802-82E2-A57FF6C63B9D,
nicFriendlyName: ,
switchName: ,
switchFriendlyName: ","0","0",,"4","0","0","0","27270","Microsoft-Windows-Hyper-V-VmSwitch","67dc0d66-3695-47c0-9642-33f76f7bd7ad","Microsoft-Windows-Hyper-V-VmSwitch-Operational","13752","22600","<HOST>","S-1-5-83-1-119531577-1326779238-206083752-3522832103","25-02-2026 08:14:47 AM",,,"Microsoft-Windows-Hyper-V-VmSwitch-Operational","System.UInt32[]","System.Diagnostics.Eventing.Reader.EventBookmark","4","0","Guest vDev Operation Begin","System.Collections.ObjectModel.ReadOnlyCollection`1[System.String]","System.Collections.Generic.List`1[System.Diagnostics.Eventing.Reader.EventProperty]"
"Status change (Nic Disconnected) sent to Nic 071FE839-0B66-4F15-A896-480CE726FAD1--DF106325-59F5-4802-82E2-A57FF6C63B9D (Friendly Name: ) on port DF106325-59F5-4802-82E2-A57FF6C63B9D (Friendly Name: DF106325-59F5-4802-82E2-A57FF6C63B9D) on switch 790E58B4-7939-4434-9358-89AE7DDBE87E (Friendly Name: WSL (Hyper-V firewall)). NicStatus: Nic Disconnected, Status: STATUS_SUCCESS","220","0",,"4","0","0","4611686018427388032","27269","Microsoft-Windows-Hyper-V-VmSwitch","67dc0d66-3695-47c0-9642-33f76f7bd7ad","Microsoft-Windows-Hyper-V-VmSwitch-Operational","2936","4584","<HOST>",,"25-02-2026 08:14:47 AM",,,"Microsoft-Windows-Hyper-V-VmSwitch-Operational","System.UInt32[]","System.Diagnostics.Eventing.Reader.EventBookmark","Information","Info",,"System.Collections.ObjectModel.ReadOnlyCollection`1[System.String]","System.Collections.Generic.List`1[System.Diagnostics.Eventing.Reader.EventProperty]"
"Status change (Nic Disconnected) sent to Nic 071FE839-0B66-4F15-A896-480CE726FAD1--DF106325-59F5-4802-82E2-A57FF6C63B9D (Friendly Name: ) on port DF106325-59F5-4802-82E2-A57FF6C63B9D (Friendly Name: DF106325-59F5-4802-82E2-A57FF6C63B9D) on switch 790E58B4-7939-4434-9358-89AE7DDBE87E (Friendly Name: WSL (Hyper-V firewall)). NicStatus: Nic Disconnected, Status: STATUS_SUCCESS","220","0",,"4","0","0","4611686018427388032","27268","Microsoft-Windows-Hyper-V-VmSwitch","67dc0d66-3695-47c0-9642-33f76f7bd7ad","Microsoft-Windows-Hyper-V-VmSwitch-Operational","2936","4584","<HOST>",,"25-02-2026 08:14:47 AM",,,"Microsoft-Windows-Hyper-V-VmSwitch-Operational","System.UInt32[]","System.Diagnostics.Eventing.Reader.EventBookmark","Information","Info",,"System.Collections.ObjectModel.ReadOnlyCollection`1[System.String]","System.Collections.Generic.List`1[System.Diagnostics.Eventing.Reader.EventProperty]"
"Status change (IPSEC Disable) sent to Nic 071FE839-0B66-4F15-A896-480CE726FAD1--DF106325-59F5-4802-82E2-A57FF6C63B9D (Friendly Name: ) on port DF106325-59F5-4802-82E2-A57FF6C63B9D (Friendly Name: DF106325-59F5-4802-82E2-A57FF6C63B9D) on switch 790E58B4-7939-4434-9358-89AE7DDBE87E (Friendly Name: WSL (Hyper-V firewall)). NicStatus: IPSEC Disable, Status: STATUS_SUCCESS","220","0",,"4","0","0","4611686018427388032","27267","Microsoft-Windows-Hyper-V-VmSwitch","67dc0d66-3695-47c0-9642-33f76f7bd7ad","Microsoft-Windows-Hyper-V-VmSwitch-Operational","2936","4584","<HOST>",,"25-02-2026 08:14:47 AM",,,"Microsoft-Windows-Hyper-V-VmSwitch-Operational","System.UInt32[]","System.Diagnostics.Eventing.Reader.EventBookmark","Information","Info",,"System.Collections.ObjectModel.ReadOnlyCollection`1[System.String]","System.Collections.Generic.List`1[System.Diagnostics.Eventing.Reader.EventProperty]"
"V-Switch operation OID_GEN_STATISTICS (131334) took too long to complete. Operation Type: OID HOST VNIC. Execution time 0 ms. Queued time 0 ms. Expected execution time less than 0 ms. NicName: 790E58B4-7939-4434-9358-89AE7DDBE87F. NicFriendlyName: WSL (Hyper-V firewall).    ","285","0",,"3","0","0","4611686018427388032","27266","Microsoft-Windows-Hyper-V-VmSwitch","67dc0d66-3695-47c0-9642-33f76f7bd7ad","Microsoft-Windows-Hyper-V-VmSwitch-Operational","4","28072","<HOST>",,"25-02-2026 08:14:41 AM",,,"Microsoft-Windows-Hyper-V-VmSwitch-Operational","System.UInt32[]","System.Diagnostics.Eventing.Reader.EventBookmark","Warning","Info",,"System.Collections.ObjectModel.ReadOnlyCollection`1[System.String]","System.Collections.Generic.List`1[System.Diagnostics.Eventing.Reader.EventProperty]"
"Virtual RSS configuration update succeeded on NIC 071FE839-0B66-4F15-A896-480CE726FAD1--DF106325-59F5-4802-82E2-A57FF6C63B9D (Friendly Name: ) of switch 790E58B4-7939-4434-9358-89AE7DDBE87E (Friendly Name: WSL (Hyper-V firewall)).","143","0",,"5","0","0","4611686018427388064","27265","Microsoft-Windows-Hyper-V-VmSwitch","67dc0d66-3695-47c0-9642-33f76f7bd7ad","Microsoft-Windows-Hyper-V-VmSwitch-Operational","4","27412","<HOST>","S-1-5-18","25-02-2026 08:13:10 AM",,,"Microsoft-Windows-Hyper-V-VmSwitch-Operational","System.UInt32[]","System.Diagnostics.Eventing.Reader.EventBookmark","Verbose","Info",,"System.Collections.ObjectModel.ReadOnlyCollection`1[System.String]","System.Collections.Generic.List`1[System.Diagnostics.Eventing.Reader.EventProperty]"
"Virtual RSS configuration update succeeded on NIC 071FE839-0B66-4F15-A896-480CE726FAD1--DF106325-59F5-4802-82E2-A57FF6C63B9D (Friendly Name: ) of switch 790E58B4-7939-4434-9358-89AE7DDBE87E (Friendly Name: WSL (Hyper-V firewall)).","143","0",,"5","0","0","4611686018427388064","27264","Microsoft-Windows-Hyper-V-VmSwitch","67dc0d66-3695-47c0-9642-33f76f7bd7ad","Microsoft-Windows-Hyper-V-VmSwitch-Operational","4","27412","<HOST>","S-1-5-18","25-02-2026 08:13:10 AM",,,"Microsoft-Windows-Hyper-V-VmSwitch-Operational","System.UInt32[]","System.Diagnostics.Eventing.Reader.EventBookmark","Verbose","Info",,"System.Collections.ObjectModel.ReadOnlyCollection`1[System.String]","System.Collections.Generic.List`1[System.Diagnostics.Eventing.Reader.EventProperty]"
"Status change (Offload Change) sent to Nic 071FE839-0B66-4F15-A896-480CE726FAD1--DF106325-59F5-4802-82E2-A57FF6C63B9D (Friendly Name: ) on port DF106325-59F5-4802-82E2-A57FF6C63B9D (Friendly Name: DF106325-59F5-4802-82E2-A57FF6C63B9D) on switch 790E58B4-7939-4434-9358-89AE7DDBE87E (Friendly Name: WSL (Hyper-V firewall)). NicStatus: Offload Change, Status: STATUS_SUCCESS","220","0",,"4","0","0","4611686018427388032","27263","Microsoft-Windows-Hyper-V-VmSwitch","67dc0d66-3695-47c0-9642-33f76f7bd7ad","Microsoft-Windows-Hyper-V-VmSwitch-Operational","4","27412","<HOST>",,"25-02-2026 08:13:10 AM",,,"Microsoft-Windows-Hyper-V-VmSwitch-Operational","System.UInt32[]","System.Diagnostics.Eventing.Reader.EventBookmark","Information","Info",,"System.Collections.ObjectModel.ReadOnlyCollection`1[System.String]","System.Collections.Generic.List`1[System.Diagnostics.Eventing.Reader.EventProperty]"
"Status change (Offload Change) sent to Nic 071FE839-0B66-4F15-A896-480CE726FAD1--DF106325-59F5-4802-82E2-A57FF6C63B9D (Friendly Name: ) on port DF106325-59F5-4802-82E2-A57FF6C63B9D (Friendly Name: DF106325-59F5-4802-82E2-A57FF6C63B9D) on switch 790E58B4-7939-4434-9358-89AE7DDBE87E (Friendly Name: WSL (Hyper-V firewall)). NicStatus: Offload Change, Status: STATUS_SUCCESS","220","0",,"4","0","0","4611686018427388032","27262","Microsoft-Windows-Hyper-V-VmSwitch","67dc0d66-3695-47c0-9642-33f76f7bd7ad","Microsoft-Windows-Hyper-V-VmSwitch-Operational","32520","22000","<HOST>",,"25-02-2026 08:13:10 AM",,,"Microsoft-Windows-Hyper-V-VmSwitch-Operational","System.UInt32[]","System.Diagnostics.Eventing.Reader.EventBookmark","Information","Info",,"System.Collections.ObjectModel.ReadOnlyCollection`1[System.String]","System.Collections.Generic.List`1[System.Diagnostics.Eventing.Reader.EventProperty]"
"Status change (IPSEC Disable) sent to Nic 071FE839-0B66-4F15-A896-480CE726FAD1--DF106325-59F5-4802-82E2-A57FF6C63B9D (Friendly Name: ) on port DF106325-59F5-4802-82E2-A57FF6C63B9D (Friendly Name: DF106325-59F5-4802-82E2-A57FF6C63B9D) on switch 790E58B4-7939-4434-9358-89AE7DDBE87E (Friendly Name: WSL (Hyper-V firewall)). NicStatus: IPSEC Disable, Status: STATUS_SUCCESS","220","0",,"4","0","0","4611686018427388032","27261","Microsoft-Windows-Hyper-V-VmSwitch","67dc0d66-3695-47c0-9642-33f76f7bd7ad","Microsoft-Windows-Hyper-V-VmSwitch-Operational","32520","22000","<HOST>",,"25-02-2026 08:13:10 AM",,,"Microsoft-Windows-Hyper-V-VmSwitch-Operational","System.UInt32[]","System.Diagnostics.Eventing.Reader.EventBookmark","Information","Info",,"System.Collections.ObjectModel.ReadOnlyCollection`1[System.String]","System.Collections.Generic.List`1[System.Diagnostics.Eventing.Reader.EventProperty]"
"Status change (Nic Connected) sent to Nic 071FE839-0B66-4F15-A896-480CE726FAD1--DF106325-59F5-4802-82E2-A57FF6C63B9D (Friendly Name: ) on port DF106325-59F5-4802-82E2-A57FF6C63B9D (Friendly Name: DF106325-59F5-4802-82E2-A57FF6C63B9D) on switch 790E58B4-7939-4434-9358-89AE7DDBE87E (Friendly Name: WSL (Hyper-V firewall)). NicStatus: Nic Connected, Status: STATUS_SUCCESS","220","0",,"4","0","0","4611686018427388032","27260","Microsoft-Windows-Hyper-V-VmSwitch","67dc0d66-3695-47c0-9642-33f76f7bd7ad","Microsoft-Windows-Hyper-V-VmSwitch-Operational","32520","22000","<HOST>",,"25-02-2026 08:13:10 AM",,,"Microsoft-Windows-Hyper-V-VmSwitch-Operational","System.UInt32[]","System.Diagnostics.Eventing.Reader.EventBookmark","Information","Info",,"System.Collections.ObjectModel.ReadOnlyCollection`1[System.String]","System.Collections.Generic.List`1[System.Diagnostics.Eventing.Reader.EventProperty]"
"Status change (Nic Disconnected) sent to Nic 071FE839-0B66-4F15-A896-480CE726FAD1--DF106325-59F5-4802-82E2-A57FF6C63B9D (Friendly Name: ) on port DF106325-59F5-4802-82E2-A57FF6C63B9D (Friendly Name: DF106325-59F5-4802-82E2-A57FF6C63B9D) on switch 790E58B4-7939-4434-9358-89AE7DDBE87E (Friendly Name: WSL (Hyper-V firewall)). NicStatus: Nic Disconnected, Status: STATUS_SUCCESS","220","0",,"4","0","0","4611686018427388032","27259","Microsoft-Windows-Hyper-V-VmSwitch","67dc0d66-3695-47c0-9642-33f76f7bd7ad","Microsoft-Windows-Hyper-V-VmSwitch-Operational","32520","22000","<HOST>",,"25-02-2026 08:13:10 AM",,,"Microsoft-Windows-Hyper-V-VmSwitch-Operational","System.UInt32[]","System.Diagnostics.Eventing.Reader.EventBookmark","Information","Info",,"System.Collections.ObjectModel.ReadOnlyCollection`1[System.String]","System.Collections.Generic.List`1[System.Diagnostics.Eventing.Reader.EventProperty]"
"Vmbus Channel Callback Operation End

ChannelOperation: Channel Resume Completed.,
ChannelIndex: 0,
VM Running State: 2,
vmName: 071FE839-0B66-4F15-A896-480CE726FAD1,
vmFriendlyName: 071FE839-0B66-4F15-A896-480CE726FAD1,
nicName: 071FE839-0B66-4F15-A896-480CE726FAD1--DF106325-59F5-4802-82E2-A57FF6C63B9D,
nicFriendlyName: ,
switchName: 790E58B4-7939-4434-9358-89AE7DDBE87E,
switchFriendlyName: WSL (Hyper-V firewall),
delta (100 ns): 1262","0","0",,"5","0","0","0","27258","Microsoft-Windows-Hyper-V-VmSwitch","67dc0d66-3695-47c0-9642-33f76f7bd7ad","Microsoft-Windows-Hyper-V-VmSwitch-Operational","4","14808","<HOST>","S-1-5-18","25-02-2026 08:13:10 AM",,,"Microsoft-Windows-Hyper-V-VmSwitch-Operational","System.UInt32[]","System.Diagnostics.Eventing.Reader.EventBookmark","5","0","Vmbus Channel Callback Operation End","System.Collections.ObjectModel.ReadOnlyCollection`1[System.String]","System.Collections.Generic.List`1[System.Diagnostics.Eventing.Reader.EventProperty]"
"Status change (Nic Connected) sent to Nic 071FE839-0B66-4F15-A896-480CE726FAD1--DF106325-59F5-4802-82E2-A57FF6C63B9D (Friendly Name: ) on port DF106325-59F5-4802-82E2-A57FF6C63B9D (Friendly Name: DF106325-59F5-4802-82E2-A57FF6C63B9D) on switch 790E58B4-7939-4434-9358-89AE7DDBE87E (Friendly Name: WSL (Hyper-V firewall)). NicStatus: Nic Connected, Status: {Drive Not Ready}
The drive is not ready for use; its door may be open. Please check drive %hs and make sure that a disk is inserted and that the drive door is closed.","220","0",,"4","0","0","4611686018427388032","27257","Microsoft-Windows-Hyper-V-VmSwitch","67dc0d66-3695-47c0-9642-33f76f7bd7ad","Microsoft-Windows-Hyper-V-VmSwitch-Operational","4","14808","<HOST>",,"25-02-2026 08:13:10 AM",,,"Microsoft-Windows-Hyper-V-VmSwitch-Operational","System.UInt32[]","System.Diagnostics.Eventing.Reader.EventBookmark","Information","Info",,"System.Collections.ObjectModel.ReadOnlyCollection`1[System.String]","System.Collections.Generic.List`1[System.Diagnostics.Eventing.Reader.EventProperty]"
"Status change (Nic Disconnected) sent to Nic 071FE839-0B66-4F15-A896-480CE726FAD1--DF106325-59F5-4802-82E2-A57FF6C63B9D (Friendly Name: ) on port DF106325-59F5-4802-82E2-A57FF6C63B9D (Friendly Name: DF106325-59F5-4802-82E2-A57FF6C63B9D) on switch 790E58B4-7939-4434-9358-89AE7DDBE87E (Friendly Name: WSL (Hyper-V firewall)). NicStatus: Nic Disconnected, Status: {Drive Not Ready}
The drive is not ready for use; its door may be open. Please check drive %hs and make sure that a disk is inserted and that the drive door is closed.","220","0",,"4","0","0","4611686018427388032","27256","Microsoft-Windows-Hyper-V-VmSwitch","67dc0d66-3695-47c0-9642-33f76f7bd7ad","Microsoft-Windows-Hyper-V-VmSwitch-Operational","4","14808","<HOST>",,"25-02-2026 08:13:10 AM",,,"Microsoft-Windows-Hyper-V-VmSwitch-Operational","System.UInt32[]","System.Diagnostics.Eventing.Reader.EventBookmark","Information","Info",,"System.Collections.ObjectModel.ReadOnlyCollection`1[System.String]","System.Collections.Generic.List`1[System.Diagnostics.Eventing.Reader.EventProperty]"
"Vmbus Channel Callback Operation Begin

ChannelOperation: Started Resuming the Channel,
ChannelIndex: 0,
VM Running State: 2,
vmName: 071FE839-0B66-4F15-A896-480CE726FAD1,
vmFriendlyName: 071FE839-0B66-4F15-A896-480CE726FAD1,
nicName: 071FE839-0B66-4F15-A896-480CE726FAD1--DF106325-59F5-4802-82E2-A57FF6C63B9D,
nicFriendlyName: ,
switchName: 790E58B4-7939-4434-9358-89AE7DDBE87E,
switchFriendlyName: WSL (Hyper-V firewall)","0","0",,"5","0","0","0","27255","Microsoft-Windows-Hyper-V-VmSwitch","67dc0d66-3695-47c0-9642-33f76f7bd7ad","Microsoft-Windows-Hyper-V-VmSwitch-Operational","4","14808","<HOST>","S-1-5-18","25-02-2026 08:13:10 AM",,,"Microsoft-Windows-Hyper-V-VmSwitch-Operational","System.UInt32[]","System.Diagnostics.Eventing.Reader.EventBookmark","5","0","Vmbus Channel Callback Operation Begin","System.Collections.ObjectModel.ReadOnlyCollection`1[System.String]","System.Collections.Generic.List`1[System.Diagnostics.Eventing.Reader.EventProperty]"
"Guest vDev Operation End

VmOperation: Completed Resume,
vmName: 071FE839-0B66-4F15-A896-480CE726FAD1,
vmFriendlyName: 071FE839-0B66-4F15-A896-480CE726FAD1,
nicName: 071FE839-0B66-4F15-A896-480CE726FAD1--DF106325-59F5-4802-82E2-A57FF6C63B9D,
nicFriendlyName: ,
switchName: 790E58B4-7939-4434-9358-89AE7DDBE87E,
switchFriendlyName: WSL (Hyper-V firewall),
delta (100 ns): 1182","0","0",,"4","0","0","0","27254","Microsoft-Windows-Hyper-V-VmSwitch","67dc0d66-3695-47c0-9642-33f76f7bd7ad","Microsoft-Windows-Hyper-V-VmSwitch-Operational","13752","28704","<HOST>","S-1-5-83-1-119531577-1326779238-206083752-3522832103","25-02-2026 08:13:10 AM",,,"Microsoft-Windows-Hyper-V-VmSwitch-Operational","System.UInt32[]","System.Diagnostics.Eventing.Reader.EventBookmark","4","0","Guest vDev Operation End","System.Collections.ObjectModel.ReadOnlyCollection`1[System.String]","System.Collections.Generic.List`1[System.Diagnostics.Eventing.Reader.EventProperty]"
"Guest vDev Operation End

VmOperation: Vmbus start completed,
vmName: 071FE839-0B66-4F15-A896-480CE726FAD1,
vmFriendlyName: 071FE839-0B66-4F15-A896-480CE726FAD1,
nicName: 071FE839-0B66-4F15-A896-480CE726FAD1--DF106325-59F5-4802-82E2-A57FF6C63B9D,
nicFriendlyName: ,
switchName: 790E58B4-7939-4434-9358-89AE7DDBE87E,
switchFriendlyName: WSL (Hyper-V firewall),
delta (100 ns): 837","0","0",,"4","0","0","0","27253","Microsoft-Windows-Hyper-V-VmSwitch","67dc0d66-3695-47c0-9642-33f76f7bd7ad","Microsoft-Windows-Hyper-V-VmSwitch-Operational","13752","28704","<HOST>","S-1-5-83-1-119531577-1326779238-206083752-3522832103","25-02-2026 08:13:10 AM",,,"Microsoft-Windows-Hyper-V-VmSwitch-Operational","System.UInt32[]","System.Diagnostics.Eventing.Reader.EventBookmark","4","0","Guest vDev Operation End","System.Collections.ObjectModel.ReadOnlyCollection`1[System.String]","System.Collections.Generic.List`1[System.Diagnostics.Eventing.Reader.EventProperty]"
"Guest vDev Operation Begin

VmOperation: Vmbus start initiated,
vmName: 071FE839-0B66-4F15-A896-480CE726FAD1,
vmFriendlyName: 071FE839-0B66-4F15-A896-480CE726FAD1,
nicName: 071FE839-0B66-4F15-A896-480CE726FAD1--DF106325-59F5-4802-82E2-A57FF6C63B9D,
nicFriendlyName: ,
switchName: 790E58B4-7939-4434-9358-89AE7DDBE87E,
switchFriendlyName: WSL (Hyper-V firewall)","0","0",,"4","0","0","0","27252","Microsoft-Windows-Hyper-V-VmSwitch","67dc0d66-3695-47c0-9642-33f76f7bd7ad","Microsoft-Windows-Hyper-V-VmSwitch-Operational","13752","28704","<HOST>","S-1-5-83-1-119531577-1326779238-206083752-3522832103","25-02-2026 08:13:10 AM",,,"Microsoft-Windows-Hyper-V-VmSwitch-Operational","System.UInt32[]","System.Diagnostics.Eventing.Reader.EventBookmark","4","0","Guest vDev Operation Begin","System.Collections.ObjectModel.ReadOnlyCollection`1[System.String]","System.Collections.Generic.List`1[System.Diagnostics.Eventing.Reader.EventProperty]"
"Guest vDev Operation Begin

