VmOperation: Started Resume,
vmName: 071FE839-0B66-4F15-A896-480CE726FAD1,
vmFriendlyName: 071FE839-0B66-4F15-A896-480CE726FAD1,
nicName: 071FE839-0B66-4F15-A896-480CE726FAD1--DF106325-59F5-4802-82E2-A57FF6C63B9D,
nicFriendlyName: ,
switchName: 790E58B4-7939-4434-9358-89AE7DDBE87E,
switchFriendlyName: WSL (Hyper-V firewall)","0","0",,"4","0","0","0","27251","Microsoft-Windows-Hyper-V-VmSwitch","67dc0d66-3695-47c0-9642-33f76f7bd7ad","Microsoft-Windows-Hyper-V-VmSwitch-Operational","13752","28704","<HOST>","S-1-5-83-1-119531577-1326779238-206083752-3522832103","25-02-2026 08:13:10 AM",,,"Microsoft-Windows-Hyper-V-VmSwitch-Operational","System.UInt32[]","System.Diagnostics.Eventing.Reader.EventBookmark","4","0","Guest vDev Operation Begin","System.Collections.ObjectModel.ReadOnlyCollection`1[System.String]","System.Collections.Generic.List`1[System.Diagnostics.Eventing.Reader.EventProperty]"
"Status change (IPSEC Disable) sent to Nic 071FE839-0B66-4F15-A896-480CE726FAD1--DF106325-59F5-4802-82E2-A57FF6C63B9D (Friendly Name: ) on port DF106325-59F5-4802-82E2-A57FF6C63B9D (Friendly Name: DF106325-59F5-4802-82E2-A57FF6C63B9D) on switch 790E58B4-7939-4434-9358-89AE7DDBE87E (Friendly Name: WSL (Hyper-V firewall)). NicStatus: IPSEC Disable, Status: {Drive Not Ready}
The drive is not ready for use; its door may be open. Please check drive %hs and make sure that a disk is inserted and that the drive door is closed.","220","0",,"4","0","0","4611686018427388032","27250","Microsoft-Windows-Hyper-V-VmSwitch","67dc0d66-3695-47c0-9642-33f76f7bd7ad","Microsoft-Windows-Hyper-V-VmSwitch-Operational","13752","28704","<HOST>",,"25-02-2026 08:13:10 AM",,,"Microsoft-Windows-Hyper-V-VmSwitch-Operational","System.UInt32[]","System.Diagnostics.Eventing.Reader.EventBookmark","Information","Info",,"System.Collections.ObjectModel.ReadOnlyCollection`1[System.String]","System.Collections.Generic.List`1[System.Diagnostics.Eventing.Reader.EventProperty]"
"Status change (Offload Change) sent to Nic 071FE839-0B66-4F15-A896-480CE726FAD1--DF106325-59F5-4802-82E2-A57FF6C63B9D (Friendly Name: ) on port DF106325-59F5-4802-82E2-A57FF6C63B9D (Friendly Name: DF106325-59F5-4802-82E2-A57FF6C63B9D) on switch 790E58B4-7939-4434-9358-89AE7DDBE87E (Friendly Name: WSL (Hyper-V firewall)). NicStatus: Offload Change, Status: {Drive Not Ready}
The drive is not ready for use; its door may be open. Please check drive %hs and make sure that a disk is inserted and that the drive door is closed.","220","0",,"4","0","0","4611686018427388032","27249","Microsoft-Windows-Hyper-V-VmSwitch","67dc0d66-3695-47c0-9642-33f76f7bd7ad","Microsoft-Windows-Hyper-V-VmSwitch-Operational","13752","28704","<HOST>",,"25-02-2026 08:13:10 AM",,,"Microsoft-Windows-Hyper-V-VmSwitch-Operational","System.UInt32[]","System.Diagnostics.Eventing.Reader.EventBookmark","Information","Info",,"System.Collections.ObjectModel.ReadOnlyCollection`1[System.String]","System.Collections.Generic.List`1[System.Diagnostics.Eventing.Reader.EventProperty]"
"Status change (Nic Connected) sent to Nic 071FE839-0B66-4F15-A896-480CE726FAD1--DF106325-59F5-4802-82E2-A57FF6C63B9D (Friendly Name: ) on port DF106325-59F5-4802-82E2-A57FF6C63B9D (Friendly Name: DF106325-59F5-4802-82E2-A57FF6C63B9D) on switch 790E58B4-7939-4434-9358-89AE7DDBE87E (Friendly Name: WSL (Hyper-V firewall)). NicStatus: Nic Connected, Status: {Drive Not Ready}
The drive is not ready for use; its door may be open. Please check drive %hs and make sure that a disk is inserted and that the drive door is closed.","220","0",,"4","0","0","4611686018427388032","27248","Microsoft-Windows-Hyper-V-VmSwitch","67dc0d66-3695-47c0-9642-33f76f7bd7ad","Microsoft-Windows-Hyper-V-VmSwitch-Operational","13752","28704","<HOST>",,"25-02-2026 08:13:10 AM",,,"Microsoft-Windows-Hyper-V-VmSwitch-Operational","System.UInt32[]","System.Diagnostics.Eventing.Reader.EventBookmark","Information","Info",,"System.Collections.ObjectModel.ReadOnlyCollection`1[System.String]","System.Collections.Generic.List`1[System.Diagnostics.Eventing.Reader.EventProperty]"
"Status change (Nic Disconnected) sent to Nic 071FE839-0B66-4F15-A896-480CE726FAD1--DF106325-59F5-4802-82E2-A57FF6C63B9D (Friendly Name: ) on port DF106325-59F5-4802-82E2-A57FF6C63B9D (Friendly Name: DF106325-59F5-4802-82E2-A57FF6C63B9D) on switch 790E58B4-7939-4434-9358-89AE7DDBE87E (Friendly Name: WSL (Hyper-V firewall)). NicStatus: Nic Disconnected, Status: {Drive Not Ready}
The drive is not ready for use; its door may be open. Please check drive %hs and make sure that a disk is inserted and that the drive door is closed.","220","0",,"4","0","0","4611686018427388032","27247","Microsoft-Windows-Hyper-V-VmSwitch","67dc0d66-3695-47c0-9642-33f76f7bd7ad","Microsoft-Windows-Hyper-V-VmSwitch-Operational","13752","28704","<HOST>",,"25-02-2026 08:13:10 AM",,,"Microsoft-Windows-Hyper-V-VmSwitch-Operational","System.UInt32[]","System.Diagnostics.Eventing.Reader.EventBookmark","Information","Info",,"System.Collections.ObjectModel.ReadOnlyCollection`1[System.String]","System.Collections.Generic.List`1[System.Diagnostics.Eventing.Reader.EventProperty]"
"V-Switch operation OID_SWITCH_PORT_CREATE (66168) took too long to complete. Operation Type: OID EXT STACK. Execution time 8 ms. Queued time 0 ms. Expected execution time less than 0 ms.    .    .    ","285","0",,"3","0","0","4611686018427388032","27246","Microsoft-Windows-Hyper-V-VmSwitch","67dc0d66-3695-47c0-9642-33f76f7bd7ad","Microsoft-Windows-Hyper-V-VmSwitch-Operational","2936","25112","<HOST>",,"25-02-2026 08:13:10 AM",,,"Microsoft-Windows-Hyper-V-VmSwitch-Operational","System.UInt32[]","System.Diagnostics.Eventing.Reader.EventBookmark","Warning","Info",,"System.Collections.ObjectModel.ReadOnlyCollection`1[System.String]","System.Collections.Generic.List`1[System.Diagnostics.Eventing.Reader.EventProperty]"
"V-Switch operation OID_GEN_STATISTICS (131334) took too long to complete. Operation Type: OID HOST VNIC. Execution time 0 ms. Queued time 0 ms. Expected execution time less than 0 ms. NicName: 790E58B4-7939-4434-9358-89AE7DDBE87F. NicFriendlyName: WSL (Hyper-V firewall).    ","285","0",,"3","0","0","4611686018427388032","27245","Microsoft-Windows-Hyper-V-VmSwitch","67dc0d66-3695-47c0-9642-33f76f7bd7ad","Microsoft-Windows-Hyper-V-VmSwitch-Operational","4","29388","<HOST>",,"25-02-2026 08:11:32 AM",,,"Microsoft-Windows-Hyper-V-VmSwitch-Operational","System.UInt32[]","System.Diagnostics.Eventing.Reader.EventBookmark","Warning","Info",,"System.Collections.ObjectModel.ReadOnlyCollection`1[System.String]","System.Collections.Generic.List`1[System.Diagnostics.Eventing.Reader.EventProperty]"
"Guest vDev Operation End

VmOperation: Completed Pause,
vmName: 882F2A3C-1D34-4892-B27E-57A503447E15,
vmFriendlyName: 882F2A3C-1D34-4892-B27E-57A503447E15,
nicName: 882F2A3C-1D34-4892-B27E-57A503447E15--EDE5EA73-9960-42B3-BABB-E5DD97EDFDF6,
nicFriendlyName: ,
switchName: ,
switchFriendlyName: ,
delta (100 ns): 124971","0","0",,"4","0","0","0","27244","Microsoft-Windows-Hyper-V-VmSwitch","67dc0d66-3695-47c0-9642-33f76f7bd7ad","Microsoft-Windows-Hyper-V-VmSwitch-Operational","20804","2536","<HOST>","S-1-5-83-1-2284792380-1217535284-2773974706-360596483","25-02-2026 08:10:27 AM",,,"Microsoft-Windows-Hyper-V-VmSwitch-Operational","System.UInt32[]","System.Diagnostics.Eventing.Reader.EventBookmark","4","0","Guest vDev Operation End","System.Collections.ObjectModel.ReadOnlyCollection`1[System.String]","System.Collections.Generic.List`1[System.Diagnostics.Eventing.Reader.EventProperty]"
"Guest vDev Operation End

VmOperation: Vmbus pause completed,
vmName: 882F2A3C-1D34-4892-B27E-57A503447E15,
vmFriendlyName: 882F2A3C-1D34-4892-B27E-57A503447E15,
nicName: 882F2A3C-1D34-4892-B27E-57A503447E15--EDE5EA73-9960-42B3-BABB-E5DD97EDFDF6,
nicFriendlyName: ,
switchName: ,
switchFriendlyName: ,
delta (100 ns): 121557","0","0",,"4","0","0","0","27243","Microsoft-Windows-Hyper-V-VmSwitch","67dc0d66-3695-47c0-9642-33f76f7bd7ad","Microsoft-Windows-Hyper-V-VmSwitch-Operational","20804","2536","<HOST>","S-1-5-83-1-2284792380-1217535284-2773974706-360596483","25-02-2026 08:10:27 AM",,,"Microsoft-Windows-Hyper-V-VmSwitch-Operational","System.UInt32[]","System.Diagnostics.Eventing.Reader.EventBookmark","4","0","Guest vDev Operation End","System.Collections.ObjectModel.ReadOnlyCollection`1[System.String]","System.Collections.Generic.List`1[System.Diagnostics.Eventing.Reader.EventProperty]"
"Vmbus Channel Callback Operation End

ChannelOperation: Channel Pause completed,
ChannelIndex: 0,
VM Running State: 4,
vmName: 882F2A3C-1D34-4892-B27E-57A503447E15,
vmFriendlyName: 882F2A3C-1D34-4892-B27E-57A503447E15,
nicName: 882F2A3C-1D34-4892-B27E-57A503447E15--EDE5EA73-9960-42B3-BABB-E5DD97EDFDF6,
nicFriendlyName: ,
switchName: ,
switchFriendlyName: ,
delta (100 ns): 721","0","0",,"5","0","0","0","27242","Microsoft-Windows-Hyper-V-VmSwitch","67dc0d66-3695-47c0-9642-33f76f7bd7ad","Microsoft-Windows-Hyper-V-VmSwitch-Operational","20804","2536","<HOST>","S-1-5-83-1-2284792380-1217535284-2773974706-360596483","25-02-2026 08:10:27 AM",,,"Microsoft-Windows-Hyper-V-VmSwitch-Operational","System.UInt32[]","System.Diagnostics.Eventing.Reader.EventBookmark","5","0","Vmbus Channel Callback Operation End","System.Collections.ObjectModel.ReadOnlyCollection`1[System.String]","System.Collections.Generic.List`1[System.Diagnostics.Eventing.Reader.EventProperty]"
"Vmbus Channel Callback Operation Begin

ChannelOperation: Started Pausing the Channel,
ChannelIndex: 0,
VM Running State: 4,
vmName: 882F2A3C-1D34-4892-B27E-57A503447E15,
vmFriendlyName: 882F2A3C-1D34-4892-B27E-57A503447E15,
nicName: 882F2A3C-1D34-4892-B27E-57A503447E15--EDE5EA73-9960-42B3-BABB-E5DD97EDFDF6,
nicFriendlyName: ,
switchName: ,
switchFriendlyName: ","0","0",,"5","0","0","0","27241","Microsoft-Windows-Hyper-V-VmSwitch","67dc0d66-3695-47c0-9642-33f76f7bd7ad","Microsoft-Windows-Hyper-V-VmSwitch-Operational","20804","2536","<HOST>","S-1-5-83-1-2284792380-1217535284-2773974706-360596483","25-02-2026 08:10:27 AM",,,"Microsoft-Windows-Hyper-V-VmSwitch-Operational","System.UInt32[]","System.Diagnostics.Eventing.Reader.EventBookmark","5","0","Vmbus Channel Callback Operation Begin","System.Collections.ObjectModel.ReadOnlyCollection`1[System.String]","System.Collections.Generic.List`1[System.Diagnostics.Eventing.Reader.EventProperty]"
"Guest vDev Operation Begin

VmOperation: Vmbus pause initiated,
vmName: 882F2A3C-1D34-4892-B27E-57A503447E15,
vmFriendlyName: 882F2A3C-1D34-4892-B27E-57A503447E15,
nicName: 882F2A3C-1D34-4892-B27E-57A503447E15--EDE5EA73-9960-42B3-BABB-E5DD97EDFDF6,
nicFriendlyName: ,
switchName: ,
switchFriendlyName: ","0","0",,"4","0","0","0","27240","Microsoft-Windows-Hyper-V-VmSwitch","67dc0d66-3695-47c0-9642-33f76f7bd7ad","Microsoft-Windows-Hyper-V-VmSwitch-Operational","20804","2536","<HOST>","S-1-5-83-1-2284792380-1217535284-2773974706-360596483","25-02-2026 08:10:27 AM",,,"Microsoft-Windows-Hyper-V-VmSwitch-Operational","System.UInt32[]","System.Diagnostics.Eventing.Reader.EventBookmark","4","0","Guest vDev Operation Begin","System.Collections.ObjectModel.ReadOnlyCollection`1[System.String]","System.Collections.Generic.List`1[System.Diagnostics.Eventing.Reader.EventProperty]"
"Guest vDev Operation Begin

VmOperation: Started Pausing,
vmName: 882F2A3C-1D34-4892-B27E-57A503447E15,
vmFriendlyName: 882F2A3C-1D34-4892-B27E-57A503447E15,
nicName: 882F2A3C-1D34-4892-B27E-57A503447E15--EDE5EA73-9960-42B3-BABB-E5DD97EDFDF6,
nicFriendlyName: ,
switchName: ,
switchFriendlyName: ","0","0",,"4","0","0","0","27239","Microsoft-Windows-Hyper-V-VmSwitch","67dc0d66-3695-47c0-9642-33f76f7bd7ad","Microsoft-Windows-Hyper-V-VmSwitch-Operational","20804","2536","<HOST>","S-1-5-83-1-2284792380-1217535284-2773974706-360596483","25-02-2026 08:10:27 AM",,,"Microsoft-Windows-Hyper-V-VmSwitch-Operational","System.UInt32[]","System.Diagnostics.Eventing.Reader.EventBookmark","4","0","Guest vDev Operation Begin","System.Collections.ObjectModel.ReadOnlyCollection`1[System.String]","System.Collections.Generic.List`1[System.Diagnostics.Eventing.Reader.EventProperty]"
"Status change (Nic Disconnected) sent to Nic 882F2A3C-1D34-4892-B27E-57A503447E15--EDE5EA73-9960-42B3-BABB-E5DD97EDFDF6 (Friendly Name: ) on port EDE5EA73-9960-42B3-BABB-E5DD97EDFDF6 (Friendly Name: EDE5EA73-9960-42B3-BABB-E5DD97EDFDF6) on switch 790E58B4-7939-4434-9358-89AE7DDBE87E (Friendly Name: WSL (Hyper-V firewall)). NicStatus: Nic Disconnected, Status: STATUS_SUCCESS","220","0",,"4","0","0","4611686018427388032","27238","Microsoft-Windows-Hyper-V-VmSwitch","67dc0d66-3695-47c0-9642-33f76f7bd7ad","Microsoft-Windows-Hyper-V-VmSwitch-Operational","2936","22292","<HOST>",,"25-02-2026 08:10:18 AM",,,"Microsoft-Windows-Hyper-V-VmSwitch-Operational","System.UInt32[]","System.Diagnostics.Eventing.Reader.EventBookmark","Information","Info",,"System.Collections.ObjectModel.ReadOnlyCollection`1[System.String]","System.Collections.Generic.List`1[System.Diagnostics.Eventing.Reader.EventProperty]"
"Status change (Nic Disconnected) sent to Nic 882F2A3C-1D34-4892-B27E-57A503447E15--EDE5EA73-9960-42B3-BABB-E5DD97EDFDF6 (Friendly Name: ) on port EDE5EA73-9960-42B3-BABB-E5DD97EDFDF6 (Friendly Name: EDE5EA73-9960-42B3-BABB-E5DD97EDFDF6) on switch 790E58B4-7939-4434-9358-89AE7DDBE87E (Friendly Name: WSL (Hyper-V firewall)). NicStatus: Nic Disconnected, Status: STATUS_SUCCESS","220","0",,"4","0","0","4611686018427388032","27237","Microsoft-Windows-Hyper-V-VmSwitch","67dc0d66-3695-47c0-9642-33f76f7bd7ad","Microsoft-Windows-Hyper-V-VmSwitch-Operational","2936","22292","<HOST>",,"25-02-2026 08:10:18 AM",,,"Microsoft-Windows-Hyper-V-VmSwitch-Operational","System.UInt32[]","System.Diagnostics.Eventing.Reader.EventBookmark","Information","Info",,"System.Collections.ObjectModel.ReadOnlyCollection`1[System.String]","System.Collections.Generic.List`1[System.Diagnostics.Eventing.Reader.EventProperty]"
"Status change (IPSEC Disable) sent to Nic 882F2A3C-1D34-4892-B27E-57A503447E15--EDE5EA73-9960-42B3-BABB-E5DD97EDFDF6 (Friendly Name: ) on port EDE5EA73-9960-42B3-BABB-E5DD97EDFDF6 (Friendly Name: EDE5EA73-9960-42B3-BABB-E5DD97EDFDF6) on switch 790E58B4-7939-4434-9358-89AE7DDBE87E (Friendly Name: WSL (Hyper-V firewall)). NicStatus: IPSEC Disable, Status: STATUS_SUCCESS","220","0",,"4","0","0","4611686018427388032","27236","Microsoft-Windows-Hyper-V-VmSwitch","67dc0d66-3695-47c0-9642-33f76f7bd7ad","Microsoft-Windows-Hyper-V-VmSwitch-Operational","2936","22292","<HOST>",,"25-02-2026 08:10:18 AM",,,"Microsoft-Windows-Hyper-V-VmSwitch-Operational","System.UInt32[]","System.Diagnostics.Eventing.Reader.EventBookmark","Information","Info",,"System.Collections.ObjectModel.ReadOnlyCollection`1[System.String]","System.Collections.Generic.List`1[System.Diagnostics.Eventing.Reader.EventProperty]"
"V-Switch operation OID_GEN_STATISTICS (131334) took too long to complete. Operation Type: OID HOST VNIC. Execution time 0 ms. Queued time 0 ms. Expected execution time less than 0 ms. NicName: 790E58B4-7939-4434-9358-89AE7DDBE87F. NicFriendlyName: WSL (Hyper-V firewall).    ","285","0",,"3","0","0","4611686018427388032","27235","Microsoft-Windows-Hyper-V-VmSwitch","67dc0d66-3695-47c0-9642-33f76f7bd7ad","Microsoft-Windows-Hyper-V-VmSwitch-Operational","4","20240","<HOST>",,"25-02-2026 08:10:04 AM",,,"Microsoft-Windows-Hyper-V-VmSwitch-Operational","System.UInt32[]","System.Diagnostics.Eventing.Reader.EventBookmark","Warning","Info",,"System.Collections.ObjectModel.ReadOnlyCollection`1[System.String]","System.Collections.Generic.List`1[System.Diagnostics.Eventing.Reader.EventProperty]"
"V-Switch operation OID_GEN_STATISTICS (131334) took too long to complete. Operation Type: OID HOST VNIC. Execution time 0 ms. Queued time 0 ms. Expected execution time less than 0 ms. NicName: 790E58B4-7939-4434-9358-89AE7DDBE87F. NicFriendlyName: WSL (Hyper-V firewall).    ","285","0",,"3","0","0","4611686018427388032","27234","Microsoft-Windows-Hyper-V-VmSwitch","67dc0d66-3695-47c0-9642-33f76f7bd7ad","Microsoft-Windows-Hyper-V-VmSwitch-Operational","4","2636","<HOST>",,"25-02-2026 08:08:46 AM",,,"Microsoft-Windows-Hyper-V-VmSwitch-Operational","System.UInt32[]","System.Diagnostics.Eventing.Reader.EventBookmark","Warning","Info",,"System.Collections.ObjectModel.ReadOnlyCollection`1[System.String]","System.Collections.Generic.List`1[System.Diagnostics.Eventing.Reader.EventProperty]"
"V-Switch operation OID_GEN_STATISTICS (131334) took too long to complete. Operation Type: OID HOST VNIC. Execution time 0 ms. Queued time 0 ms. Expected execution time less than 0 ms. NicName: 790E58B4-7939-4434-9358-89AE7DDBE87F. NicFriendlyName: WSL (Hyper-V firewall).    ","285","0",,"3","0","0","4611686018427388032","27233","Microsoft-Windows-Hyper-V-VmSwitch","67dc0d66-3695-47c0-9642-33f76f7bd7ad","Microsoft-Windows-Hyper-V-VmSwitch-Operational","4","25700","<HOST>",,"25-02-2026 08:07:16 AM",,,"Microsoft-Windows-Hyper-V-VmSwitch-Operational","System.UInt32[]","System.Diagnostics.Eventing.Reader.EventBookmark","Warning","Info",,"System.Collections.ObjectModel.ReadOnlyCollection`1[System.String]","System.Collections.Generic.List`1[System.Diagnostics.Eventing.Reader.EventProperty]"
"V-Switch operation OID_GEN_STATISTICS (131334) took too long to complete. Operation Type: OID HOST VNIC. Execution time 0 ms. Queued time 0 ms. Expected execution time less than 0 ms. NicName: 790E58B4-7939-4434-9358-89AE7DDBE87F. NicFriendlyName: WSL (Hyper-V firewall).    ","285","0",,"3","0","0","4611686018427388032","27232","Microsoft-Windows-Hyper-V-VmSwitch","67dc0d66-3695-47c0-9642-33f76f7bd7ad","Microsoft-Windows-Hyper-V-VmSwitch-Operational","4","1740","<HOST>",,"25-02-2026 08:05:52 AM",,,"Microsoft-Windows-Hyper-V-VmSwitch-Operational","System.UInt32[]","System.Diagnostics.Eventing.Reader.EventBookmark","Warning","Info",,"System.Collections.ObjectModel.ReadOnlyCollection`1[System.String]","System.Collections.Generic.List`1[System.Diagnostics.Eventing.Reader.EventProperty]"
"V-Switch operation OID_GEN_STATISTICS (131334) took too long to complete. Operation Type: OID HOST VNIC. Execution time 0 ms. Queued time 0 ms. Expected execution time less than 0 ms. NicName: 790E58B4-7939-4434-9358-89AE7DDBE87F. NicFriendlyName: WSL (Hyper-V firewall).    ","285","0",,"3","0","0","4611686018427388032","27231","Microsoft-Windows-Hyper-V-VmSwitch","67dc0d66-3695-47c0-9642-33f76f7bd7ad","Microsoft-Windows-Hyper-V-VmSwitch-Operational","4","27836","<HOST>",,"25-02-2026 08:03:54 AM",,,"Microsoft-Windows-Hyper-V-VmSwitch-Operational","System.UInt32[]","System.Diagnostics.Eventing.Reader.EventBookmark","Warning","Info",,"System.Collections.ObjectModel.ReadOnlyCollection`1[System.String]","System.Collections.Generic.List`1[System.Diagnostics.Eventing.Reader.EventProperty]"
"V-Switch operation OID_GEN_STATISTICS (131334) took too long to complete. Operation Type: OID HOST VNIC. Execution time 0 ms. Queued time 0 ms. Expected execution time less than 0 ms. NicName: 790E58B4-7939-4434-9358-89AE7DDBE87F. NicFriendlyName: WSL (Hyper-V firewall).    ","285","0",,"3","0","0","4611686018427388032","27230","Microsoft-Windows-Hyper-V-VmSwitch","67dc0d66-3695-47c0-9642-33f76f7bd7ad","Microsoft-Windows-Hyper-V-VmSwitch-Operational","4","21316","<HOST>",,"25-02-2026 08:00:52 AM",,,"Microsoft-Windows-Hyper-V-VmSwitch-Operational","System.UInt32[]","System.Diagnostics.Eventing.Reader.EventBookmark","Warning","Info",,"System.Collections.ObjectModel.ReadOnlyCollection`1[System.String]","System.Collections.Generic.List`1[System.Diagnostics.Eventing.Reader.EventProperty]"
"V-Switch operation OID_GEN_STATISTICS (131334) took too long to complete. Operation Type: OID HOST VNIC. Execution time 0 ms. Queued time 0 ms. Expected execution time less than 0 ms. NicName: 790E58B4-7939-4434-9358-89AE7DDBE87F. NicFriendlyName: WSL (Hyper-V firewall).    ","285","0",,"3","0","0","4611686018427388032","27229","Microsoft-Windows-Hyper-V-VmSwitch","67dc0d66-3695-47c0-9642-33f76f7bd7ad","Microsoft-Windows-Hyper-V-VmSwitch-Operational","4","29268","<HOST>",,"25-02-2026 07:59:24 AM",,,"Microsoft-Windows-Hyper-V-VmSwitch-Operational","System.UInt32[]","System.Diagnostics.Eventing.Reader.EventBookmark","Warning","Info",,"System.Collections.ObjectModel.ReadOnlyCollection`1[System.String]","System.Collections.Generic.List`1[System.Diagnostics.Eventing.Reader.EventProperty]"
"V-Switch operation OID_GEN_STATISTICS (131334) took too long to complete. Operation Type: OID HOST VNIC. Execution time 0 ms. Queued time 0 ms. Expected execution time less than 0 ms. NicName: 790E58B4-7939-4434-9358-89AE7DDBE87F. NicFriendlyName: WSL (Hyper-V firewall).    ","285","0",,"3","0","0","4611686018427388032","27228","Microsoft-Windows-Hyper-V-VmSwitch","67dc0d66-3695-47c0-9642-33f76f7bd7ad","Microsoft-Windows-Hyper-V-VmSwitch-Operational","4","21848","<HOST>",,"25-02-2026 07:58:18 AM",,,"Microsoft-Windows-Hyper-V-VmSwitch-Operational","System.UInt32[]","System.Diagnostics.Eventing.Reader.EventBookmark","Warning","Info",,"System.Collections.ObjectModel.ReadOnlyCollection`1[System.String]","System.Collections.Generic.List`1[System.Diagnostics.Eventing.Reader.EventProperty]"
"V-Switch operation OID_GEN_STATISTICS (131334) took too long to complete. Operation Type: OID HOST VNIC. Execution time 0 ms. Queued time 0 ms. Expected execution time less than 0 ms. NicName: 790E58B4-7939-4434-9358-89AE7DDBE87F. NicFriendlyName: WSL (Hyper-V firewall).    ","285","0",,"3","0","0","4611686018427388032","27227","Microsoft-Windows-Hyper-V-VmSwitch","67dc0d66-3695-47c0-9642-33f76f7bd7ad","Microsoft-Windows-Hyper-V-VmSwitch-Operational","4","15136","<HOST>",,"25-02-2026 07:56:47 AM",,,"Microsoft-Windows-Hyper-V-VmSwitch-Operational","System.UInt32[]","System.Diagnostics.Eventing.Reader.EventBookmark","Warning","Info",,"System.Collections.ObjectModel.ReadOnlyCollection`1[System.String]","System.Collections.Generic.List`1[System.Diagnostics.Eventing.Reader.EventProperty]"
"V-Switch operation OID_GEN_STATISTICS (131334) took too long to complete. Operation Type: OID HOST VNIC. Execution time 0 ms. Queued time 0 ms. Expected execution time less than 0 ms. NicName: 790E58B4-7939-4434-9358-89AE7DDBE87F. NicFriendlyName: WSL (Hyper-V firewall).    ","285","0",,"3","0","0","4611686018427388032","27226","Microsoft-Windows-Hyper-V-VmSwitch","67dc0d66-3695-47c0-9642-33f76f7bd7ad","Microsoft-Windows-Hyper-V-VmSwitch-Operational","4","31040","<HOST>",,"25-02-2026 07:55:41 AM",,,"Microsoft-Windows-Hyper-V-VmSwitch-Operational","System.UInt32[]","System.Diagnostics.Eventing.Reader.EventBookmark","Warning","Info",,"System.Collections.ObjectModel.ReadOnlyCollection`1[System.String]","System.Collections.Generic.List`1[System.Diagnostics.Eventing.Reader.EventProperty]"
"V-Switch operation OID_GEN_STATISTICS (131334) took too long to complete. Operation Type: OID HOST VNIC. Execution time 0 ms. Queued time 0 ms. Expected execution time less than 0 ms. NicName: 790E58B4-7939-4434-9358-89AE7DDBE87F. NicFriendlyName: WSL (Hyper-V firewall).    ","285","0",,"3","0","0","4611686018427388032","27225","Microsoft-Windows-Hyper-V-VmSwitch","67dc0d66-3695-47c0-9642-33f76f7bd7ad","Microsoft-Windows-Hyper-V-VmSwitch-Operational","4","25220","<HOST>",,"25-02-2026 07:54:39 AM",,,"Microsoft-Windows-Hyper-V-VmSwitch-Operational","System.UInt32[]","System.Diagnostics.Eventing.Reader.EventBookmark","Warning","Info",,"System.Collections.ObjectModel.ReadOnlyCollection`1[System.String]","System.Collections.Generic.List`1[System.Diagnostics.Eventing.Reader.EventProperty]"
"Status change (Offload Change) sent to Nic 882F2A3C-1D34-4892-B27E-57A503447E15--EDE5EA73-9960-42B3-BABB-E5DD97EDFDF6 (Friendly Name: ) on port EDE5EA73-9960-42B3-BABB-E5DD97EDFDF6 (Friendly Name: EDE5EA73-9960-42B3-BABB-E5DD97EDFDF6) on switch 790E58B4-7939-4434-9358-89AE7DDBE87E (Friendly Name: WSL (Hyper-V firewall)). NicStatus: Offload Change, Status: STATUS_SUCCESS","220","0",,"4","0","0","4611686018427388032","27224","Microsoft-Windows-Hyper-V-VmSwitch","67dc0d66-3695-47c0-9642-33f76f7bd7ad","Microsoft-Windows-Hyper-V-VmSwitch-Operational","4","13872","<HOST>",,"25-02-2026 07:54:17 AM",,,"Microsoft-Windows-Hyper-V-VmSwitch-Operational","System.UInt32[]","System.Diagnostics.Eventing.Reader.EventBookmark","Information","Info",,"System.Collections.ObjectModel.ReadOnlyCollection`1[System.String]","System.Collections.Generic.List`1[System.Diagnostics.Eventing.Reader.EventProperty]"
"Virtual RSS configuration update succeeded on NIC 882F2A3C-1D34-4892-B27E-57A503447E15--EDE5EA73-9960-42B3-BABB-E5DD97EDFDF6 (Friendly Name: ) of switch 790E58B4-7939-4434-9358-89AE7DDBE87E (Friendly Name: WSL (Hyper-V firewall)).","143","0",,"5","0","0","4611686018427388064","27223","Microsoft-Windows-Hyper-V-VmSwitch","67dc0d66-3695-47c0-9642-33f76f7bd7ad","Microsoft-Windows-Hyper-V-VmSwitch-Operational","4","13872","<HOST>","S-1-5-18","25-02-2026 07:54:01 AM",,,"Microsoft-Windows-Hyper-V-VmSwitch-Operational","System.UInt32[]","System.Diagnostics.Eventing.Reader.EventBookmark","Verbose","Info",,"System.Collections.ObjectModel.ReadOnlyCollection`1[System.String]","System.Collections.Generic.List`1[System.Diagnostics.Eventing.Reader.EventProperty]"
"Virtual RSS configuration update succeeded on NIC 882F2A3C-1D34-4892-B27E-57A503447E15--EDE5EA73-9960-42B3-BABB-E5DD97EDFDF6 (Friendly Name: ) of switch 790E58B4-7939-4434-9358-89AE7DDBE87E (Friendly Name: WSL (Hyper-V firewall)).","143","0",,"5","0","0","4611686018427388064","27222","Microsoft-Windows-Hyper-V-VmSwitch","67dc0d66-3695-47c0-9642-33f76f7bd7ad","Microsoft-Windows-Hyper-V-VmSwitch-Operational","4","13872","<HOST>","S-1-5-18","25-02-2026 07:54:01 AM",,,"Microsoft-Windows-Hyper-V-VmSwitch-Operational","System.UInt32[]","System.Diagnostics.Eventing.Reader.EventBookmark","Verbose","Info",,"System.Collections.ObjectModel.ReadOnlyCollection`1[System.String]","System.Collections.Generic.List`1[System.Diagnostics.Eventing.Reader.EventProperty]"
"Status change (Offload Change) sent to Nic 882F2A3C-1D34-4892-B27E-57A503447E15--EDE5EA73-9960-42B3-BABB-E5DD97EDFDF6 (Friendly Name: ) on port EDE5EA73-9960-42B3-BABB-E5DD97EDFDF6 (Friendly Name: EDE5EA73-9960-42B3-BABB-E5DD97EDFDF6) on switch 790E58B4-7939-4434-9358-89AE7DDBE87E (Friendly Name: WSL (Hyper-V firewall)). NicStatus: Offload Change, Status: STATUS_SUCCESS","220","0",,"4","0","0","4611686018427388032","27221","Microsoft-Windows-Hyper-V-VmSwitch","67dc0d66-3695-47c0-9642-33f76f7bd7ad","Microsoft-Windows-Hyper-V-VmSwitch-Operational","4","13872","<HOST>",,"25-02-2026 07:54:01 AM",,,"Microsoft-Windows-Hyper-V-VmSwitch-Operational","System.UInt32[]","System.Diagnostics.Eventing.Reader.EventBookmark","Information","Info",,"System.Collections.ObjectModel.ReadOnlyCollection`1[System.String]","System.Collections.Generic.List`1[System.Diagnostics.Eventing.Reader.EventProperty]"
"Status change (Offload Change) sent to Nic 882F2A3C-1D34-4892-B27E-57A503447E15--EDE5EA73-9960-42B3-BABB-E5DD97EDFDF6 (Friendly Name: ) on port EDE5EA73-9960-42B3-BABB-E5DD97EDFDF6 (Friendly Name: EDE5EA73-9960-42B3-BABB-E5DD97EDFDF6) on switch 790E58B4-7939-4434-9358-89AE7DDBE87E (Friendly Name: WSL (Hyper-V firewall)). NicStatus: Offload Change, Status: STATUS_SUCCESS","220","0",,"4","0","0","4611686018427388032","27220","Microsoft-Windows-Hyper-V-VmSwitch","67dc0d66-3695-47c0-9642-33f76f7bd7ad","Microsoft-Windows-Hyper-V-VmSwitch-Operational","0","0","<HOST>",,"25-02-2026 07:54:01 AM",,,"Microsoft-Windows-Hyper-V-VmSwitch-Operational","System.UInt32[]","System.Diagnostics.Eventing.Reader.EventBookmark","Information","Info",,"System.Collections.ObjectModel.ReadOnlyCollection`1[System.String]","System.Collections.Generic.List`1[System.Diagnostics.Eventing.Reader.EventProperty]"
"Status change (IPSEC Disable) sent to Nic 882F2A3C-1D34-4892-B27E-57A503447E15--EDE5EA73-9960-42B3-BABB-E5DD97EDFDF6 (Friendly Name: ) on port EDE5EA73-9960-42B3-BABB-E5DD97EDFDF6 (Friendly Name: EDE5EA73-9960-42B3-BABB-E5DD97EDFDF6) on switch 790E58B4-7939-4434-9358-89AE7DDBE87E (Friendly Name: WSL (Hyper-V firewall)). NicStatus: IPSEC Disable, Status: STATUS_SUCCESS","220","0",,"4","0","0","4611686018427388032","27219","Microsoft-Windows-Hyper-V-VmSwitch","67dc0d66-3695-47c0-9642-33f76f7bd7ad","Microsoft-Windows-Hyper-V-VmSwitch-Operational","0","0","<HOST>",,"25-02-2026 07:54:01 AM",,,"Microsoft-Windows-Hyper-V-VmSwitch-Operational","System.UInt32[]","System.Diagnostics.Eventing.Reader.EventBookmark","Information","Info",,"System.Collections.ObjectModel.ReadOnlyCollection`1[System.String]","System.Collections.Generic.List`1[System.Diagnostics.Eventing.Reader.EventProperty]"
"Status change (Nic Connected) sent to Nic 882F2A3C-1D34-4892-B27E-57A503447E15--EDE5EA73-9960-42B3-BABB-E5DD97EDFDF6 (Friendly Name: ) on port EDE5EA73-9960-42B3-BABB-E5DD97EDFDF6 (Friendly Name: EDE5EA73-9960-42B3-BABB-E5DD97EDFDF6) on switch 790E58B4-7939-4434-9358-89AE7DDBE87E (Friendly Name: WSL (Hyper-V firewall)). NicStatus: Nic Connected, Status: STATUS_SUCCESS","220","0",,"4","0","0","4611686018427388032","27218","Microsoft-Windows-Hyper-V-VmSwitch","67dc0d66-3695-47c0-9642-33f76f7bd7ad","Microsoft-Windows-Hyper-V-VmSwitch-Operational","0","0","<HOST>",,"25-02-2026 07:54:01 AM",,,"Microsoft-Windows-Hyper-V-VmSwitch-Operational","System.UInt32[]","System.Diagnostics.Eventing.Reader.EventBookmark","Information","Info",,"System.Collections.ObjectModel.ReadOnlyCollection`1[System.String]","System.Collections.Generic.List`1[System.Diagnostics.Eventing.Reader.EventProperty]"
"Status change (Nic Disconnected) sent to Nic 882F2A3C-1D34-4892-B27E-57A503447E15--EDE5EA73-9960-42B3-BABB-E5DD97EDFDF6 (Friendly Name: ) on port EDE5EA73-9960-42B3-BABB-E5DD97EDFDF6 (Friendly Name: EDE5EA73-9960-42B3-BABB-E5DD97EDFDF6) on switch 790E58B4-7939-4434-9358-89AE7DDBE87E (Friendly Name: WSL (Hyper-V firewall)). NicStatus: Nic Disconnected, Status: STATUS_SUCCESS","220","0",,"4","0","0","4611686018427388032","27217","Microsoft-Windows-Hyper-V-VmSwitch","67dc0d66-3695-47c0-9642-33f76f7bd7ad","Microsoft-Windows-Hyper-V-VmSwitch-Operational","0","0","<HOST>",,"25-02-2026 07:54:01 AM",,,"Microsoft-Windows-Hyper-V-VmSwitch-Operational","System.UInt32[]","System.Diagnostics.Eventing.Reader.EventBookmark","Information","Info",,"System.Collections.ObjectModel.ReadOnlyCollection`1[System.String]","System.Collections.Generic.List`1[System.Diagnostics.Eventing.Reader.EventProperty]"
"Vmbus Channel Callback Operation End

ChannelOperation: Channel Resume Completed.,
ChannelIndex: 0,
VM Running State: 2,
vmName: 882F2A3C-1D34-4892-B27E-57A503447E15,
vmFriendlyName: 882F2A3C-1D34-4892-B27E-57A503447E15,
nicName: 882F2A3C-1D34-4892-B27E-57A503447E15--EDE5EA73-9960-42B3-BABB-E5DD97EDFDF6,
nicFriendlyName: ,
switchName: 790E58B4-7939-4434-9358-89AE7DDBE87E,
switchFriendlyName: WSL (Hyper-V firewall),
delta (100 ns): 468","0","0",,"5","0","0","0","27216","Microsoft-Windows-Hyper-V-VmSwitch","67dc0d66-3695-47c0-9642-33f76f7bd7ad","Microsoft-Windows-Hyper-V-VmSwitch-Operational","4","21764","<HOST>","S-1-5-18","25-02-2026 07:54:01 AM",,,"Microsoft-Windows-Hyper-V-VmSwitch-Operational","System.UInt32[]","System.Diagnostics.Eventing.Reader.EventBookmark","5","0","Vmbus Channel Callback Operation End","System.Collections.ObjectModel.ReadOnlyCollection`1[System.String]","System.Collections.Generic.List`1[System.Diagnostics.Eventing.Reader.EventProperty]"
"Status change (Nic Connected) sent to Nic 882F2A3C-1D34-4892-B27E-57A503447E15--EDE5EA73-9960-42B3-BABB-E5DD97EDFDF6 (Friendly Name: ) on port EDE5EA73-9960-42B3-BABB-E5DD97EDFDF6 (Friendly Name: EDE5EA73-9960-42B3-BABB-E5DD97EDFDF6) on switch 790E58B4-7939-4434-9358-89AE7DDBE87E (Friendly Name: WSL (Hyper-V firewall)). NicStatus: Nic Connected, Status: {Drive Not Ready}
The drive is not ready for use; its door may be open. Please check drive %hs and make sure that a disk is inserted and that the drive door is closed.","220","0",,"4","0","0","4611686018427388032","27215","Microsoft-Windows-Hyper-V-VmSwitch","67dc0d66-3695-47c0-9642-33f76f7bd7ad","Microsoft-Windows-Hyper-V-VmSwitch-Operational","4","21764","<HOST>",,"25-02-2026 07:54:01 AM",,,"Microsoft-Windows-Hyper-V-VmSwitch-Operational","System.UInt32[]","System.Diagnostics.Eventing.Reader.EventBookmark","Information","Info",,"System.Collections.ObjectModel.ReadOnlyCollection`1[System.String]","System.Collections.Generic.List`1[System.Diagnostics.Eventing.Reader.EventProperty]"
"Status change (Nic Disconnected) sent to Nic 882F2A3C-1D34-4892-B27E-57A503447E15--EDE5EA73-9960-42B3-BABB-E5DD97EDFDF6 (Friendly Name: ) on port EDE5EA73-9960-42B3-BABB-E5DD97EDFDF6 (Friendly Name: EDE5EA73-9960-42B3-BABB-E5DD97EDFDF6) on switch 790E58B4-7939-4434-9358-89AE7DDBE87E (Friendly Name: WSL (Hyper-V firewall)). NicStatus: Nic Disconnected, Status: {Drive Not Ready}
The drive is not ready for use; its door may be open. Please check drive %hs and make sure that a disk is inserted and that the drive door is closed.","220","0",,"4","0","0","4611686018427388032","27214","Microsoft-Windows-Hyper-V-VmSwitch","67dc0d66-3695-47c0-9642-33f76f7bd7ad","Microsoft-Windows-Hyper-V-VmSwitch-Operational","4","21764","<HOST>",,"25-02-2026 07:54:01 AM",,,"Microsoft-Windows-Hyper-V-VmSwitch-Operational","System.UInt32[]","System.Diagnostics.Eventing.Reader.EventBookmark","Information","Info",,"System.Collections.ObjectModel.ReadOnlyCollection`1[System.String]","System.Collections.Generic.List`1[System.Diagnostics.Eventing.Reader.EventProperty]"
"Vmbus Channel Callback Operation Begin

ChannelOperation: Started Resuming the Channel,
ChannelIndex: 0,
VM Running State: 2,
vmName: 882F2A3C-1D34-4892-B27E-57A503447E15,
vmFriendlyName: 882F2A3C-1D34-4892-B27E-57A503447E15,
nicName: 882F2A3C-1D34-4892-B27E-57A503447E15--EDE5EA73-9960-42B3-BABB-E5DD97EDFDF6,
nicFriendlyName: ,
switchName: 790E58B4-7939-4434-9358-89AE7DDBE87E,
switchFriendlyName: WSL (Hyper-V firewall)","0","0",,"5","0","0","0","27213","Microsoft-Windows-Hyper-V-VmSwitch","67dc0d66-3695-47c0-9642-33f76f7bd7ad","Microsoft-Windows-Hyper-V-VmSwitch-Operational","4","21764","<HOST>","S-1-5-18","25-02-2026 07:54:01 AM",,,"Microsoft-Windows-Hyper-V-VmSwitch-Operational","System.UInt32[]","System.Diagnostics.Eventing.Reader.EventBookmark","5","0","Vmbus Channel Callback Operation Begin","System.Collections.ObjectModel.ReadOnlyCollection`1[System.String]","System.Collections.Generic.List`1[System.Diagnostics.Eventing.Reader.EventProperty]"
"Guest vDev Operation End

VmOperation: Completed Resume,
vmName: 882F2A3C-1D34-4892-B27E-57A503447E15,
vmFriendlyName: 882F2A3C-1D34-4892-B27E-57A503447E15,
nicName: 882F2A3C-1D34-4892-B27E-57A503447E15--EDE5EA73-9960-42B3-BABB-E5DD97EDFDF6,
nicFriendlyName: ,
switchName: 790E58B4-7939-4434-9358-89AE7DDBE87E,
switchFriendlyName: WSL (Hyper-V firewall),
delta (100 ns): 1630","0","0",,"4","0","0","0","27212","Microsoft-Windows-Hyper-V-VmSwitch","67dc0d66-3695-47c0-9642-33f76f7bd7ad","Microsoft-Windows-Hyper-V-VmSwitch-Operational","20804","29608","<HOST>","S-1-5-83-1-2284792380-1217535284-2773974706-360596483","25-02-2026 07:54:01 AM",,,"Microsoft-Windows-Hyper-V-VmSwitch-Operational","System.UInt32[]","System.Diagnostics.Eventing.Reader.EventBookmark","4","0","Guest vDev Operation End","System.Collections.ObjectModel.ReadOnlyCollection`1[System.String]","System.Collections.Generic.List`1[System.Diagnostics.Eventing.Reader.EventProperty]"
"Guest vDev Operation End

VmOperation: Vmbus start completed,
vmName: 882F2A3C-1D34-4892-B27E-57A503447E15,
vmFriendlyName: 882F2A3C-1D34-4892-B27E-57A503447E15,
nicName: 882F2A3C-1D34-4892-B27E-57A503447E15--EDE5EA73-9960-42B3-BABB-E5DD97EDFDF6,
nicFriendlyName: ,
switchName: 790E58B4-7939-4434-9358-89AE7DDBE87E,
switchFriendlyName: WSL (Hyper-V firewall),
delta (100 ns): 1474","0","0",,"4","0","0","0","27211","Microsoft-Windows-Hyper-V-VmSwitch","67dc0d66-3695-47c0-9642-33f76f7bd7ad","Microsoft-Windows-Hyper-V-VmSwitch-Operational","20804","29608","<HOST>","S-1-5-83-1-2284792380-1217535284-2773974706-360596483","25-02-2026 07:54:01 AM",,,"Microsoft-Windows-Hyper-V-VmSwitch-Operational","System.UInt32[]","System.Diagnostics.Eventing.Reader.EventBookmark","4","0","Guest vDev Operation End","System.Collections.ObjectModel.ReadOnlyCollection`1[System.String]","System.Collections.Generic.List`1[System.Diagnostics.Eventing.Reader.EventProperty]"
"Guest vDev Operation Begin

VmOperation: Vmbus start initiated,
vmName: 882F2A3C-1D34-4892-B27E-57A503447E15,
vmFriendlyName: 882F2A3C-1D34-4892-B27E-57A503447E15,
nicName: 882F2A3C-1D34-4892-B27E-57A503447E15--EDE5EA73-9960-42B3-BABB-E5DD97EDFDF6,
nicFriendlyName: ,
switchName: 790E58B4-7939-4434-9358-89AE7DDBE87E,
switchFriendlyName: WSL (Hyper-V firewall)","0","0",,"4","0","0","0","27210","Microsoft-Windows-Hyper-V-VmSwitch","67dc0d66-3695-47c0-9642-33f76f7bd7ad","Microsoft-Windows-Hyper-V-VmSwitch-Operational","20804","29608","<HOST>","S-1-5-83-1-2284792380-1217535284-2773974706-360596483","25-02-2026 07:54:01 AM",,,"Microsoft-Windows-Hyper-V-VmSwitch-Operational","System.UInt32[]","System.Diagnostics.Eventing.Reader.EventBookmark","4","0","Guest vDev Operation Begin","System.Collections.ObjectModel.ReadOnlyCollection`1[System.String]","System.Collections.Generic.List`1[System.Diagnostics.Eventing.Reader.EventProperty]"
"Guest vDev Operation Begin

VmOperation: Started Resume,
vmName: 882F2A3C-1D34-4892-B27E-57A503447E15,
vmFriendlyName: 882F2A3C-1D34-4892-B27E-57A503447E15,
nicName: 882F2A3C-1D34-4892-B27E-57A503447E15--EDE5EA73-9960-42B3-BABB-E5DD97EDFDF6,
nicFriendlyName: ,
switchName: 790E58B4-7939-4434-9358-89AE7DDBE87E,
switchFriendlyName: WSL (Hyper-V firewall)","0","0",,"4","0","0","0","27209","Microsoft-Windows-Hyper-V-VmSwitch","67dc0d66-3695-47c0-9642-33f76f7bd7ad","Microsoft-Windows-Hyper-V-VmSwitch-Operational","20804","29608","<HOST>","S-1-5-83-1-2284792380-1217535284-2773974706-360596483","25-02-2026 07:54:01 AM",,,"Microsoft-Windows-Hyper-V-VmSwitch-Operational","System.UInt32[]","System.Diagnostics.Eventing.Reader.EventBookmark","4","0","Guest vDev Operation Begin","System.Collections.ObjectModel.ReadOnlyCollection`1[System.String]","System.Collections.Generic.List`1[System.Diagnostics.Eventing.Reader.EventProperty]"
"Status change (IPSEC Disable) sent to Nic 882F2A3C-1D34-4892-B27E-57A503447E15--EDE5EA73-9960-42B3-BABB-E5DD97EDFDF6 (Friendly Name: ) on port EDE5EA73-9960-42B3-BABB-E5DD97EDFDF6 (Friendly Name: EDE5EA73-9960-42B3-BABB-E5DD97EDFDF6) on switch 790E58B4-7939-4434-9358-89AE7DDBE87E (Friendly Name: WSL (Hyper-V firewall)). NicStatus: IPSEC Disable, Status: {Drive Not Ready}
The drive is not ready for use; its door may be open. Please check drive %hs and make sure that a disk is inserted and that the drive door is closed.","220","0",,"4","0","0","4611686018427388032","27208","Microsoft-Windows-Hyper-V-VmSwitch","67dc0d66-3695-47c0-9642-33f76f7bd7ad","Microsoft-Windows-Hyper-V-VmSwitch-Operational","20804","29608","<HOST>",,"25-02-2026 07:54:01 AM",,,"Microsoft-Windows-Hyper-V-VmSwitch-Operational","System.UInt32[]","System.Diagnostics.Eventing.Reader.EventBookmark","Information","Info",,"System.Collections.ObjectModel.ReadOnlyCollection`1[System.String]","System.Collections.Generic.List`1[System.Diagnostics.Eventing.Reader.EventProperty]"
"Status change (Offload Change) sent to Nic 882F2A3C-1D34-4892-B27E-57A503447E15--EDE5EA73-9960-42B3-BABB-E5DD97EDFDF6 (Friendly Name: ) on port EDE5EA73-9960-42B3-BABB-E5DD97EDFDF6 (Friendly Name: EDE5EA73-9960-42B3-BABB-E5DD97EDFDF6) on switch 790E58B4-7939-4434-9358-89AE7DDBE87E (Friendly Name: WSL (Hyper-V firewall)). NicStatus: Offload Change, Status: {Drive Not Ready}
The drive is not ready for use; its door may be open. Please check drive %hs and make sure that a disk is inserted and that the drive door is closed.","220","0",,"4","0","0","4611686018427388032","27207","Microsoft-Windows-Hyper-V-VmSwitch","67dc0d66-3695-47c0-9642-33f76f7bd7ad","Microsoft-Windows-Hyper-V-VmSwitch-Operational","20804","29608","<HOST>",,"25-02-2026 07:54:01 AM",,,"Microsoft-Windows-Hyper-V-VmSwitch-Operational","System.UInt32[]","System.Diagnostics.Eventing.Reader.EventBookmark","Information","Info",,"System.Collections.ObjectModel.ReadOnlyCollection`1[System.String]","System.Collections.Generic.List`1[System.Diagnostics.Eventing.Reader.EventProperty]"
"Status change (Nic Connected) sent to Nic 882F2A3C-1D34-4892-B27E-57A503447E15--EDE5EA73-9960-42B3-BABB-E5DD97EDFDF6 (Friendly Name: ) on port EDE5EA73-9960-42B3-BABB-E5DD97EDFDF6 (Friendly Name: EDE5EA73-9960-42B3-BABB-E5DD97EDFDF6) on switch 790E58B4-7939-4434-9358-89AE7DDBE87E (Friendly Name: WSL (Hyper-V firewall)). NicStatus: Nic Connected, Status: {Drive Not Ready}
The drive is not ready for use; its door may be open. Please check drive %hs and make sure that a disk is inserted and that the drive door is closed.","220","0",,"4","0","0","4611686018427388032","27206","Microsoft-Windows-Hyper-V-VmSwitch","67dc0d66-3695-47c0-9642-33f76f7bd7ad","Microsoft-Windows-Hyper-V-VmSwitch-Operational","20804","29608","<HOST>",,"25-02-2026 07:54:01 AM",,,"Microsoft-Windows-Hyper-V-VmSwitch-Operational","System.UInt32[]","System.Diagnostics.Eventing.Reader.EventBookmark","Information","Info",,"System.Collections.ObjectModel.ReadOnlyCollection`1[System.String]","System.Collections.Generic.List`1[System.Diagnostics.Eventing.Reader.EventProperty]"
"Status change (Nic Disconnected) sent to Nic 882F2A3C-1D34-4892-B27E-57A503447E15--EDE5EA73-9960-42B3-BABB-E5DD97EDFDF6 (Friendly Name: ) on port EDE5EA73-9960-42B3-BABB-E5DD97EDFDF6 (Friendly Name: EDE5EA73-9960-42B3-BABB-E5DD97EDFDF6) on switch 790E58B4-7939-4434-9358-89AE7DDBE87E (Friendly Name: WSL (Hyper-V firewall)). NicStatus: Nic Disconnected, Status: {Drive Not Ready}
The drive is not ready for use; its door may be open. Please check drive %hs and make sure that a disk is inserted and that the drive door is closed.","220","0",,"4","0","0","4611686018427388032","27205","Microsoft-Windows-Hyper-V-VmSwitch","67dc0d66-3695-47c0-9642-33f76f7bd7ad","Microsoft-Windows-Hyper-V-VmSwitch-Operational","20804","29608","<HOST>",,"25-02-2026 07:54:01 AM",,,"Microsoft-Windows-Hyper-V-VmSwitch-Operational","System.UInt32[]","System.Diagnostics.Eventing.Reader.EventBookmark","Information","Info",,"System.Collections.ObjectModel.ReadOnlyCollection`1[System.String]","System.Collections.Generic.List`1[System.Diagnostics.Eventing.Reader.EventProperty]"
"Virtual RSS configuration update succeeded on NIC 790E58B4-7939-4434-9358-89AE7DDBE87F (Friendly Name: WSL (Hyper-V firewall)) of switch 790E58B4-7939-4434-9358-89AE7DDBE87E (Friendly Name: WSL (Hyper-V firewall)).","143","0",,"5","0","0","4611686018427388064","27204","Microsoft-Windows-Hyper-V-VmSwitch","67dc0d66-3695-47c0-9642-33f76f7bd7ad","Microsoft-Windows-Hyper-V-VmSwitch-Operational","4","31688","<HOST>","S-1-5-18","25-02-2026 07:53:59 AM",,,"Microsoft-Windows-Hyper-V-VmSwitch-Operational","System.UInt32[]","System.Diagnostics.Eventing.Reader.EventBookmark","Verbose","Info",,"System.Collections.ObjectModel.ReadOnlyCollection`1[System.String]","System.Collections.Generic.List`1[System.Diagnostics.Eventing.Reader.EventProperty]"
"Status change (IPSEC Disable) sent to Nic 790E58B4-7939-4434-9358-89AE7DDBE87F (Friendly Name: WSL (Hyper-V firewall)) on port 790E58B4-7939-4434-9358-89AE7DDBE87F (Friendly Name: Host Vnic 790E58B4-7939-4434-9358-89AE7DDBE87E) on switch 790E58B4-7939-4434-9358-89AE7DDBE87E (Friendly Name: WSL (Hyper-V firewall)). NicStatus: IPSEC Disable, Status: STATUS_SUCCESS","220","0",,"4","0","0","4611686018427388032","27203","Microsoft-Windows-Hyper-V-VmSwitch","67dc0d66-3695-47c0-9642-33f76f7bd7ad","Microsoft-Windows-Hyper-V-VmSwitch-Operational","2936","24744","<HOST>","S-1-5-18","25-02-2026 07:53:59 AM",,,"Microsoft-Windows-Hyper-V-VmSwitch-Operational","System.UInt32[]","System.Diagnostics.Eventing.Reader.EventBookmark","Information","Info",,"System.Collections.ObjectModel.ReadOnlyCollection`1[System.String]","System.Collections.Generic.List`1[System.Diagnostics.Eventing.Reader.EventProperty]"
"Status change (Offload Change) sent to Nic 790E58B4-7939-4434-9358-89AE7DDBE87F (Friendly Name: WSL (Hyper-V firewall)) on port 790E58B4-7939-4434-9358-89AE7DDBE87F (Friendly Name: Host Vnic 790E58B4-7939-4434-9358-89AE7DDBE87E) on switch 790E58B4-7939-4434-9358-89AE7DDBE87E (Friendly Name: WSL (Hyper-V firewall)). NicStatus: Offload Change, Status: STATUS_SUCCESS","220","0",,"4","0","0","4611686018427388032","27202","Microsoft-Windows-Hyper-V-VmSwitch","67dc0d66-3695-47c0-9642-33f76f7bd7ad","Microsoft-Windows-Hyper-V-VmSwitch-Operational","2936","24744","<HOST>","S-1-5-18","25-02-2026 07:53:59 AM",,,"Microsoft-Windows-Hyper-V-VmSwitch-Operational","System.UInt32[]","System.Diagnostics.Eventing.Reader.EventBookmark","Information","Info",,"System.Collections.ObjectModel.ReadOnlyCollection`1[System.String]","System.Collections.Generic.List`1[System.Diagnostics.Eventing.Reader.EventProperty]"
"Status change (Nic Connected) sent to Nic 790E58B4-7939-4434-9358-89AE7DDBE87F (Friendly Name: WSL (Hyper-V firewall)) on port 790E58B4-7939-4434-9358-89AE7DDBE87F (Friendly Name: Host Vnic 790E58B4-7939-4434-9358-89AE7DDBE87E) on switch 790E58B4-7939-4434-9358-89AE7DDBE87E (Friendly Name: WSL (Hyper-V firewall)). NicStatus: Nic Connected, Status: STATUS_SUCCESS","220","0",,"4","0","0","4611686018427388032","27201","Microsoft-Windows-Hyper-V-VmSwitch","67dc0d66-3695-47c0-9642-33f76f7bd7ad","Microsoft-Windows-Hyper-V-VmSwitch-Operational","2936","24744","<HOST>","S-1-5-18","25-02-2026 07:53:59 AM",,,"Microsoft-Windows-Hyper-V-VmSwitch-Operational","System.UInt32[]","System.Diagnostics.Eventing.Reader.EventBookmark","Information","Info",,"System.Collections.ObjectModel.ReadOnlyCollection`1[System.String]","System.Collections.Generic.List`1[System.Diagnostics.Eventing.Reader.EventProperty]"
"Media connected on NIC 790E58B4-7939-4434-9358-89AE7DDBE87F (Friendly Name: WSL (Hyper-V firewall)).","125","0",,"4","0","0","4611686018427388033","27200","Microsoft-Windows-Hyper-V-VmSwitch","67dc0d66-3695-47c0-9642-33f76f7bd7ad","Microsoft-Windows-Hyper-V-VmSwitch-Operational","2936","24744","<HOST>","S-1-5-18","25-02-2026 07:53:59 AM",,,"Microsoft-Windows-Hyper-V-VmSwitch-Operational","System.UInt32[]","System.Diagnostics.Eventing.Reader.EventBookmark","Information","Info",,"System.Collections.ObjectModel.ReadOnlyCollection`1[System.String]","System.Collections.Generic.List`1[System.Diagnostics.Eventing.Reader.EventProperty]"
"Status change (Isolation Change) sent to Nic 790E58B4-7939-4434-9358-89AE7DDBE87F (Friendly Name: WSL (Hyper-V firewall)) on port  (Friendly Name: ) on switch  (Friendly Name: ). NicStatus: Isolation Change, Status: STATUS_SUCCESS","220","0",,"4","0","0","4611686018427388032","27199","Microsoft-Windows-Hyper-V-VmSwitch","67dc0d66-3695-47c0-9642-33f76f7bd7ad","Microsoft-Windows-Hyper-V-VmSwitch-Operational","4","33260","<HOST>",,"25-02-2026 07:53:58 AM",,,"Microsoft-Windows-Hyper-V-VmSwitch-Operational","System.UInt32[]","System.Diagnostics.Eventing.Reader.EventBookmark","Information","Info",,"System.Collections.ObjectModel.ReadOnlyCollection`1[System.String]","System.Collections.Generic.List`1[System.Diagnostics.Eventing.Reader.EventProperty]"
"Status change (Offload Change) sent to Nic 790E58B4-7939-4434-9358-89AE7DDBE87F (Friendly Name: WSL (Hyper-V firewall)) on port  (Friendly Name: ) on switch  (Friendly Name: ). NicStatus: Offload Change, Status: STATUS_SUCCESS","220","0",,"4","0","0","4611686018427388032","27198","Microsoft-Windows-Hyper-V-VmSwitch","67dc0d66-3695-47c0-9642-33f76f7bd7ad","Microsoft-Windows-Hyper-V-VmSwitch-Operational","4","33260","<HOST>",,"25-02-2026 07:53:58 AM",,,"Microsoft-Windows-Hyper-V-VmSwitch-Operational","System.UInt32[]","System.Diagnostics.Eventing.Reader.EventBookmark","Information","Info",,"System.Collections.ObjectModel.ReadOnlyCollection`1[System.String]","System.Collections.Generic.List`1[System.Diagnostics.Eventing.Reader.EventProperty]"
"NIC 790E58B4-7939-4434-9358-89AE7DDBE87F (Friendly Name: WSL (Hyper-V firewall)) restarted.","124","0",,"4","0","0","4611686018427388033","27197","Microsoft-Windows-Hyper-V-VmSwitch","67dc0d66-3695-47c0-9642-33f76f7bd7ad","Microsoft-Windows-Hyper-V-VmSwitch-Operational","4","33260","<HOST>","S-1-5-18","25-02-2026 07:53:58 AM",,,"Microsoft-Windows-Hyper-V-VmSwitch-Operational","System.UInt32[]","System.Diagnostics.Eventing.Reader.EventBookmark","Information","Info",,"System.Collections.ObjectModel.ReadOnlyCollection`1[System.String]","System.Collections.Generic.List`1[System.Diagnostics.Eventing.Reader.EventProperty]"
"Status change (Offload Change) sent to Nic 790E58B4-7939-4434-9358-89AE7DDBE87F (Friendly Name: WSL (Hyper-V firewall)) on port  (Friendly Name: ) on switch  (Friendly Name: ). NicStatus: Offload Change, Status: STATUS_SUCCESS","220","0",,"4","0","0","4611686018427388032","27196","Microsoft-Windows-Hyper-V-VmSwitch","67dc0d66-3695-47c0-9642-33f76f7bd7ad","Microsoft-Windows-Hyper-V-VmSwitch-Operational","4","27848","<HOST>","S-1-5-18","25-02-2026 07:53:58 AM",,,"Microsoft-Windows-Hyper-V-VmSwitch-Operational","System.UInt32[]","System.Diagnostics.Eventing.Reader.EventBookmark","Information","Info",,"System.Collections.ObjectModel.ReadOnlyCollection`1[System.String]","System.Collections.Generic.List`1[System.Diagnostics.Eventing.Reader.EventProperty]"
